#
# A fatal error has been detected by the Java Runtime Environment:
#
#  SIGSEGV (0xb) at pc=0x00007fa55afa8823, pid=8901, tid=0x00007fa55bb91700
#
# JRE version: Java(TM) SE Runtime Environment (8.0_111-b14) (build 1.8.0_111-b14)
# Java VM: Java HotSpot(TM) 64-Bit Server VM (25.111-b14 mixed mode linux-amd64 compressed oops)
# Problematic frame:
# C  [vmwgfx_dri.so+0x256823]
#
# Failed to write core dump. Core dumps have been disabled. To enable core dumping, try "ulimit -c unlimited" before starting Java again
#
# If you would like to submit a bug report, please visit:
#   http://bugreport.java.com/bugreport/crash.jsp
# The crash happened outside the Java Virtual Machine in native code.
# See problematic frame for where to report the bug.
#

---------------  T H R E A D  ---------------

Current thread (0x00007fa578012800):  JavaThread "J3D-Renderer-1" [_thread_in_native, id=8930, stack(0x00007fa55ba91000,0x00007fa55bb92000)]

siginfo: si_signo: 11 (SIGSEGV), si_code: 1 (SEGV_MAPERR), si_addr: 0x0000000000000728

Registers:
RAX=0x0000000000000000, RBX=0x00007fa58c73b8f0, RCX=0x0000000000000000, RDX=0x00007fa55bb902d0
RSP=0x00007fa55bb902a0, RBP=0x00007fa55bb902d0, RSI=0x0000000000000000, RDI=0x00007fa58c73b8f0
R8 =0x0000000000000000, R9 =0x0000000000000000, R10=0x0000000000000000, R11=0x0000000000000000
R12=0x0000000000000000, R13=0x00007fa58c73b8f0, R14=0x0000000003c00024, R15=0x00007fa5780129f8
RIP=0x00007fa55afa8823, EFLAGS=0x0000000000010206, CSGSFS=0x0000000000000033, ERR=0x0000000000000004
  TRAPNO=0x000000000000000e

Top of Stack: (sp=0x00007fa55bb902a0)
0x00007fa55bb902a0:   0000000000000000 00007fa58c73b8f0
0x00007fa55bb902b0:   0000000000000000 00007fa58c73cfa0
0x00007fa55bb902c0:   00007fa55b8901c8 00007fa55af46b95
0x00007fa55bb902d0:   00007fa58c73b8f0 0000000000000000
0x00007fa55bb902e0:   00007fa58c73b8f0 798ec689f15e0f00
0x00007fa55bb902f0:   00007fa55b8901c8 00007fa55b890050
0x00007fa55bb90300:   00007fa58c73b8f0 00007fa55af438ad
0x00007fa55bb90310:   0000000000000001 00007fa58c577a80
0x00007fa55bb90320:   00007fa58c745970 00007fa58c6620e0
0x00007fa55bb90330:   00007fa58c577a80 00007fa55dcaf9eb
0x00007fa55bb90340:   00007fa500000000 00007fa500000001
0x00007fa55bb90350:   0000000000000000 000001008c577a80
0x00007fa55bb90360:   00007fa55bb904e8 00007fa578012800
0x00007fa55bb90370:   000000085bb90390 00007fa55e162d88
0x00007fa55bb90380:   00007fa55bb90468 0000000000000000
0x00007fa55bb90390:   00007fa55e162d88 00007fa55bb904f0
0x00007fa55bb903a0:   00007fa578012800 00007fa57d0179b4
0x00007fa55bb903b0:   0000000000000000 0000000000000000
0x00007fa55bb903c0:   0000000000000000 0000000000000001
0x00007fa55bb903d0:   0000000000000000 00007fa59389759f
0x00007fa55bb903e0:   00007fa578012800 00007fa578012800
0x00007fa55bb903f0:   00007fa578012800 00007fa554fc2420
0x00007fa55bb90400:   00007fa55e162d88 0000000000000000
0x00007fa55bb90410:   00007fa55bb90468 00007fa57d017747
0x00007fa55bb90420:   00007fa57d017702 00007fa55bb90428
0x00007fa55bb90430:   00007fa55e162d88 00007fa55bb904f0
0x00007fa55bb90440:   00007fa55e146090 0000000000000000
0x00007fa55bb90450:   00007fa55e162d88 0000000000000000
0x00007fa55bb90460:   00007fa55bb90488 00007fa55bb90538
0x00007fa55bb90470:   00007fa57d007dd0 0000000000000000
0x00007fa55bb90480:   00007fa57d011517 0000000000000000
0x00007fa55bb90490:   0000000000000001 0000000000000000 

Instructions: (pc=0x00007fa55afa8823)
0x00007fa55afa8803:   0f 1f 00 66 2e 0f 1f 84 00 00 00 00 00 41 55 41
0x00007fa55afa8813:   54 49 89 fd 55 53 49 89 f4 48 89 d5 48 83 ec 08
0x00007fa55afa8823:   48 8b 9e 28 07 00 00 48 85 db 75 12 eb 37 0f 1f
0x00007fa55afa8833:   80 00 00 00 00 48 8b 5b 28 48 85 db 74 27 ba 10 

Register to memory mapping:

RAX=0x0000000000000000 is an unknown value
RBX=0x00007fa58c73b8f0 is an unknown value
RCX=0x0000000000000000 is an unknown value
RDX=0x00007fa55bb902d0 is pointing into the stack for thread: 0x00007fa578012800
RSP=0x00007fa55bb902a0 is pointing into the stack for thread: 0x00007fa578012800
RBP=0x00007fa55bb902d0 is pointing into the stack for thread: 0x00007fa578012800
RSI=0x0000000000000000 is an unknown value
RDI=0x00007fa58c73b8f0 is an unknown value
R8 =0x0000000000000000 is an unknown value
R9 =0x0000000000000000 is an unknown value
R10=0x0000000000000000 is an unknown value
R11=0x0000000000000000 is an unknown value
R12=0x0000000000000000 is an unknown value
R13=0x00007fa58c73b8f0 is an unknown value
R14=0x0000000003c00024 is an unknown value
R15=0x00007fa5780129f8 is an unknown value


Stack: [0x00007fa55ba91000,0x00007fa55bb92000],  sp=0x00007fa55bb902a0,  free space=1020k
Native frames: (J=compiled Java code, j=interpreted, Vv=VM code, C=native code)
C  [vmwgfx_dri.so+0x256823]
C  0x0000000000000000

Java frames: (J=compiled Java code, j=interpreted, Vv=VM code)
j  javax.media.j3d.NativePipeline.createNewContext(Ljavax/media/j3d/Canvas3D;JJJJZZZZ)J+0
j  javax.media.j3d.NativePipeline.createNewContext(Ljavax/media/j3d/Canvas3D;JLjavax/media/j3d/Drawable;JLjavax/media/j3d/Context;ZZZZ)Ljavax/media/j3d/Context;+25
j  javax.media.j3d.Canvas3D.createNewContext(JLjavax/media/j3d/Drawable;JLjavax/media/j3d/Context;ZZZZ)Ljavax/media/j3d/Context;+18
j  javax.media.j3d.Canvas3D.createNewContext(Ljavax/media/j3d/Context;Z)Ljavax/media/j3d/Context;+36
j  javax.media.j3d.Renderer.doWork(J)V+3729
j  javax.media.j3d.J3dThread.run()V+19
v  ~StubRoutines::call_stub

---------------  P R O C E S S  ---------------

Java Threads: ( => current thread )
  0x00007fa578039000 JavaThread "J3D-InputDeviceScheduler-1" [_thread_blocked, id=8943, stack(0x00007fa554459000,0x00007fa55455a000)]
  0x00007fa578034000 JavaThread "J3D-SoundSchedulerUpdateThread-1" [_thread_blocked, id=8942, stack(0x00007fa55455a000,0x00007fa55465b000)]
  0x00007fa578032000 JavaThread "J3D-RenderStructureUpdateThread-1" [_thread_blocked, id=8941, stack(0x00007fa55465b000,0x00007fa55475c000)]
  0x00007fa578030000 JavaThread "J3D-BehaviorScheduler-1" [_thread_blocked, id=8940, stack(0x00007fa55475c000,0x00007fa55485d000)]
  0x00007fa57802e000 JavaThread "J3D-TransformStructureUpdateThread-1" [_thread_blocked, id=8939, stack(0x00007fa55485d000,0x00007fa55495e000)]
  0x00007fa578024800 JavaThread "J3D-RenderingEnvironmentStructureUpdateThread-1" [_thread_blocked, id=8938, stack(0x00007fa55495e000,0x00007fa554a5f000)]
  0x00007fa578023000 JavaThread "J3D-SoundStructureUpdateThread-1" [_thread_blocked, id=8937, stack(0x00007fa554a5f000,0x00007fa554b60000)]
  0x00007fa578021000 JavaThread "J3D-GeometryStructureUpdateThread-1" [_thread_blocked, id=8936, stack(0x00007fa554b60000,0x00007fa554c61000)]
  0x00007fa57801f800 JavaThread "J3D-BehaviorStructureUpdateThread-1" [_thread_blocked, id=8935, stack(0x00007fa554c61000,0x00007fa554d62000)]
  0x00007fa58c5c3000 JavaThread "AWT-EventQueue-0" [_thread_blocked, id=8933, stack(0x00007fa55582e000,0x00007fa55592f000)]
  0x00007fa58c0ec800 JavaThread "AWT-Shutdown" [_thread_blocked, id=8932, stack(0x00007fa55592f000,0x00007fa555a30000)]
  0x00007fa58c5e2800 JavaThread "Image Fetcher 0" daemon [_thread_blocked, id=8931, stack(0x00007fa555c30000,0x00007fa555d31000)]
=>0x00007fa578012800 JavaThread "J3D-Renderer-1" [_thread_in_native, id=8930, stack(0x00007fa55ba91000,0x00007fa55bb92000)]
  0x00007fa58c4d3800 JavaThread "J3D-MasterControl-1" [_thread_blocked, id=8929, stack(0x00007fa55bb92000,0x00007fa55bc93000)]
  0x00007fa58c4d2000 JavaThread "J3D-NotificationThread" [_thread_blocked, id=8928, stack(0x00007fa55bc93000,0x00007fa55bd94000)]
  0x00007fa58c565000 JavaThread "J3D-TimerThread" [_thread_blocked, id=8927, stack(0x00007fa55bd94000,0x00007fa55be95000)]
  0x00007fa58c4bc000 JavaThread "J3D-RenderingAttributesStructureUpdateThread" [_thread_blocked, id=8926, stack(0x00007fa55be95000,0x00007fa55bf96000)]
  0x00007fa58c463000 JavaThread "AWT-XAWT" daemon [_thread_blocked, id=8924, stack(0x00007fa55e1c7000,0x00007fa55e2c8000)]
  0x00007fa58c43f800 JavaThread "Java2D Disposer" daemon [_thread_blocked, id=8923, stack(0x00007fa55e6d8000,0x00007fa55e7d9000)]
  0x00007fa58c1b0800 JavaThread "Monitor Ctrl-Break" daemon [_thread_in_native, id=8920, stack(0x00007fa57ceff000,0x00007fa57d000000)]
  0x00007fa58c0b5800 JavaThread "Service Thread" daemon [_thread_blocked, id=8917, stack(0x00007fa590418000,0x00007fa590519000)]
  0x00007fa58c0b2000 JavaThread "C1 CompilerThread1" daemon [_thread_in_vm, id=8914, stack(0x00007fa590519000,0x00007fa59061a000)]
  0x00007fa58c0b0000 JavaThread "C2 CompilerThread0" daemon [_thread_in_native, id=8912, stack(0x00007fa59061a000,0x00007fa59071b000)]
  0x00007fa58c0ae800 JavaThread "Signal Dispatcher" daemon [_thread_blocked, id=8910, stack(0x00007fa59071b000,0x00007fa59081c000)]
  0x00007fa58c07b800 JavaThread "Finalizer" daemon [_thread_blocked, id=8909, stack(0x00007fa590af4000,0x00007fa590bf5000)]
  0x00007fa58c077000 JavaThread "Reference Handler" daemon [_thread_blocked, id=8907, stack(0x00007fa590bf5000,0x00007fa590cf6000)]
  0x00007fa58c00b000 JavaThread "main" [_thread_in_Java, id=8903, stack(0x00007fa594d08000,0x00007fa594e09000)]

Other Threads:
  0x00007fa58c06f800 VMThread [stack: 0x00007fa590cf6000,0x00007fa590df7000] [id=8904]
  0x00007fa58c0b8800 WatcherThread [stack: 0x00007fa590317000,0x00007fa590418000] [id=8918]

VM state:not at safepoint (normal execution)

VM Mutex/Monitor currently owned by a thread:  ([mutex/lock_event])
[0x00007fa58c006880] CodeCache_lock - owner thread: 0x00007fa58c0b2000
[0x00007fa58c007f00] Compile_lock - owner thread: 0x00007fa58c0b2000
[0x00007fa58c008000] MethodCompileQueue_lock - owner thread: 0x00007fa58c0b2000

Heap:
 def new generation   total 16896K, used 11157K [0x00000000d1e00000, 0x00000000d3050000, 0x00000000e1400000)
  eden space 15040K,  74% used [0x00000000d1e00000, 0x00000000d28e57f8, 0x00000000d2cb0000)
  from space 1856K,   0% used [0x00000000d2cb0000, 0x00000000d2cb0000, 0x00000000d2e80000)
  to   space 1856K,   0% used [0x00000000d2e80000, 0x00000000d2e80000, 0x00000000d3050000)
 tenured generation   total 37324K, used 22392K [0x00000000e1400000, 0x00000000e3873000, 0x0000000100000000)
   the space 37324K,  59% used [0x00000000e1400000, 0x00000000e29de198, 0x00000000e29de200, 0x00000000e3873000)
 Metaspace       used 25547K, capacity 25756K, committed 26160K, reserved 1073152K
  class space    used 3187K, capacity 3261K, committed 3376K, reserved 1048576K

Card table byte_map: [0x00007fa59193c000,0x00007fa591aae000] byte_map_base: 0x00007fa5912ad000

Polling page: 0x00007fa594e26000

CodeCache: size=245760Kb used=5304Kb max_used=5398Kb free=240455Kb
 bounds [0x00007fa57d000000, 0x00007fa57d560000, 0x00007fa58c000000]
 total_blobs=2341 nmethods=1581 adapters=672
 compilation: enabled

Compilation events (10 events):
Event: 10.706 Thread 0x00007fa58c0b2000 1713       1       javax.media.j3d.UnorderList::size (5 bytes)
Event: 10.706 Thread 0x00007fa58c0b2000 nmethod 1713 0x00007fa57d13b2d0 code [0x00007fa57d13b420, 0x00007fa57d13b530]
Event: 10.707 Thread 0x00007fa58c0b0000 1714       4       sun.awt.image.ByteInterleavedRaster::getDataElements (132 bytes)
Event: 10.724 Thread 0x00007fa58c0b2000 1716       3       java.security.AccessControlContext::calculateFields (89 bytes)
Event: 10.725 Thread 0x00007fa58c0b2000 nmethod 1716 0x00007fa57d13f5d0 code [0x00007fa57d13f760, 0x00007fa57d13faf0]
Event: 10.725 Thread 0x00007fa58c0b2000 1717  s    3       java.awt.Toolkit::getDefaultToolkit (24 bytes)
Event: 10.725 Thread 0x00007fa58c0b2000 nmethod 1717 0x00007fa57d34c350 code [0x00007fa57d34c4e0, 0x00007fa57d34c930]
Event: 10.740 Thread 0x00007fa58c0b0000 nmethod 1714 0x00007fa57d34bc10 code [0x00007fa57d34bd80, 0x00007fa57d34c178]
Event: 10.740 Thread 0x00007fa58c0b0000 1715 %     4       sun.java2d.loops.OpaqueCopyAnyToArgb::Blit @ 163 (234 bytes)
Event: 10.849 Thread 0x00007fa58c0b2000 1718 %     3       java.awt.image.ComponentColorModel::getDataElements @ 3019 (3206 bytes)

GC Heap History (10 events):
Event: 9.233 GC heap before
{Heap before GC invocations=8 (full 0):
 def new generation   total 14784K, used 13200K [0x00000000d1e00000, 0x00000000d2e00000, 0x00000000e1400000)
  eden space 13184K, 100% used [0x00000000d1e00000, 0x00000000d2ae0000, 0x00000000d2ae0000)
  from space 1600K,   1% used [0x00000000d2ae0000, 0x00000000d2ae4170, 0x00000000d2c70000)
  to   space 1600K,   0% used [0x00000000d2c70000, 0x00000000d2c70000, 0x00000000d2e00000)
 tenured generation   total 32768K, used 31053K [0x00000000e1400000, 0x00000000e3400000, 0x0000000100000000)
   the space 32768K,  94% used [0x00000000e1400000, 0x00000000e3253540, 0x00000000e3253600, 0x00000000e3400000)
 Metaspace       used 20463K, capacity 20660K, committed 20992K, reserved 1067008K
  class space    used 2459K, capacity 2549K, committed 2560K, reserved 1048576K
Event: 9.235 GC heap after
Heap after GC invocations=9 (full 0):
 def new generation   total 14784K, used 16K [0x00000000d1e00000, 0x00000000d2e00000, 0x00000000e1400000)
  eden space 13184K,   0% used [0x00000000d1e00000, 0x00000000d1e00000, 0x00000000d2ae0000)
  from space 1600K,   1% used [0x00000000d2c70000, 0x00000000d2c74170, 0x00000000d2e00000)
  to   space 1600K,   0% used [0x00000000d2ae0000, 0x00000000d2ae0000, 0x00000000d2c70000)
 tenured generation   total 32768K, used 31053K [0x00000000e1400000, 0x00000000e3400000, 0x0000000100000000)
   the space 32768K,  94% used [0x00000000e1400000, 0x00000000e3253540, 0x00000000e3253600, 0x00000000e3400000)
 Metaspace       used 20463K, capacity 20660K, committed 20992K, reserved 1067008K
  class space    used 2459K, capacity 2549K, committed 2560K, reserved 1048576K
}
Event: 9.258 GC heap before
{Heap before GC invocations=9 (full 0):
 def new generation   total 14784K, used 13200K [0x00000000d1e00000, 0x00000000d2e00000, 0x00000000e1400000)
  eden space 13184K, 100% used [0x00000000d1e00000, 0x00000000d2ae0000, 0x00000000d2ae0000)
  from space 1600K,   1% used [0x00000000d2c70000, 0x00000000d2c74170, 0x00000000d2e00000)
  to   space 1600K,   0% used [0x00000000d2ae0000, 0x00000000d2ae0000, 0x00000000d2c70000)
 tenured generation   total 32768K, used 31053K [0x00000000e1400000, 0x00000000e3400000, 0x0000000100000000)
   the space 32768K,  94% used [0x00000000e1400000, 0x00000000e3253540, 0x00000000e3253600, 0x00000000e3400000)
 Metaspace       used 20463K, capacity 20660K, committed 20992K, reserved 1067008K
  class space    used 2459K, capacity 2549K, committed 2560K, reserved 1048576K
Event: 9.260 GC heap after
Heap after GC invocations=10 (full 0):
 def new generation   total 14784K, used 16K [0x00000000d1e00000, 0x00000000d2e00000, 0x00000000e1400000)
  eden space 13184K,   0% used [0x00000000d1e00000, 0x00000000d1e00000, 0x00000000d2ae0000)
  from space 1600K,   1% used [0x00000000d2ae0000, 0x00000000d2ae4170, 0x00000000d2c70000)
  to   space 1600K,   0% used [0x00000000d2c70000, 0x00000000d2c70000, 0x00000000d2e00000)
 tenured generation   total 32768K, used 31053K [0x00000000e1400000, 0x00000000e3400000, 0x0000000100000000)
   the space 32768K,  94% used [0x00000000e1400000, 0x00000000e3253540, 0x00000000e3253600, 0x00000000e3400000)
 Metaspace       used 20463K, capacity 20660K, committed 20992K, reserved 1067008K
  class space    used 2459K, capacity 2549K, committed 2560K, reserved 1048576K
}
Event: 9.281 GC heap before
{Heap before GC invocations=10 (full 0):
 def new generation   total 14784K, used 13200K [0x00000000d1e00000, 0x00000000d2e00000, 0x00000000e1400000)
  eden space 13184K, 100% used [0x00000000d1e00000, 0x00000000d2ae0000, 0x00000000d2ae0000)
  from space 1600K,   1% used [0x00000000d2ae0000, 0x00000000d2ae4170, 0x00000000d2c70000)
  to   space 1600K,   0% used [0x00000000d2c70000, 0x00000000d2c70000, 0x00000000d2e00000)
 tenured generation   total 32768K, used 31053K [0x00000000e1400000, 0x00000000e3400000, 0x0000000100000000)
   the space 32768K,  94% used [0x00000000e1400000, 0x00000000e3253540, 0x00000000e3253600, 0x00000000e3400000)
 Metaspace       used 20463K, capacity 20660K, committed 20992K, reserved 1067008K
  class space    used 2459K, capacity 2549K, committed 2560K, reserved 1048576K
Event: 9.283 GC heap after
Heap after GC invocations=11 (full 0):
 def new generation   total 14784K, used 16K [0x00000000d1e00000, 0x00000000d2e00000, 0x00000000e1400000)
  eden space 13184K,   0% used [0x00000000d1e00000, 0x00000000d1e00000, 0x00000000d2ae0000)
  from space 1600K,   1% used [0x00000000d2c70000, 0x00000000d2c74170, 0x00000000d2e00000)
  to   space 1600K,   0% used [0x00000000d2ae0000, 0x00000000d2ae0000, 0x00000000d2c70000)
 tenured generation   total 32768K, used 31053K [0x00000000e1400000, 0x00000000e3400000, 0x0000000100000000)
   the space 32768K,  94% used [0x00000000e1400000, 0x00000000e3253540, 0x00000000e3253600, 0x00000000e3400000)
 Metaspace       used 20463K, capacity 20660K, committed 20992K, reserved 1067008K
  class space    used 2459K, capacity 2549K, committed 2560K, reserved 1048576K
}
Event: 9.322 GC heap before
{Heap before GC invocations=11 (full 0):
 def new generation   total 14784K, used 8329K [0x00000000d1e00000, 0x00000000d2e00000, 0x00000000e1400000)
  eden space 13184K,  63% used [0x00000000d1e00000, 0x00000000d261e680, 0x00000000d2ae0000)
  from space 1600K,   1% used [0x00000000d2c70000, 0x00000000d2c74170, 0x00000000d2e00000)
  to   space 1600K,   0% used [0x00000000d2ae0000, 0x00000000d2ae0000, 0x00000000d2c70000)
 tenured generation   total 32768K, used 31053K [0x00000000e1400000, 0x00000000e3400000, 0x0000000100000000)
   the space 32768K,  94% used [0x00000000e1400000, 0x00000000e3253540, 0x00000000e3253600, 0x00000000e3400000)
 Metaspace       used 20557K, capacity 20788K, committed 20992K, reserved 1067008K
  class space    used 2471K, capacity 2549K, committed 2560K, reserved 1048576K
Event: 9.324 GC heap after
Heap after GC invocations=12 (full 0):
 def new generation   total 14784K, used 26K [0x00000000d1e00000, 0x00000000d2e00000, 0x00000000e1400000)
  eden space 13184K,   0% used [0x00000000d1e00000, 0x00000000d1e00000, 0x00000000d2ae0000)
  from space 1600K,   1% used [0x00000000d2ae0000, 0x00000000d2ae6bb0, 0x00000000d2c70000)
  to   space 1600K,   0% used [0x00000000d2c70000, 0x00000000d2c70000, 0x00000000d2e00000)
 tenured generation   total 32768K, used 31053K [0x00000000e1400000, 0x00000000e3400000, 0x0000000100000000)
   the space 32768K,  94% used [0x00000000e1400000, 0x00000000e3253540, 0x00000000e3253600, 0x00000000e3400000)
 Metaspace       used 20557K, capacity 20788K, committed 20992K, reserved 1067008K
  class space    used 2471K, capacity 2549K, committed 2560K, reserved 1048576K
}
Event: 9.358 GC heap before
{Heap before GC invocations=12 (full 0):
 def new generation   total 14784K, used 9469K [0x00000000d1e00000, 0x00000000d2e00000, 0x00000000e1400000)
  eden space 13184K,  71% used [0x00000000d1e00000, 0x00000000d27389f8, 0x00000000d2ae0000)
  from space 1600K,   1% used [0x00000000d2ae0000, 0x00000000d2ae6bb0, 0x00000000d2c70000)
  to   space 1600K,   0% used [0x00000000d2c70000, 0x00000000d2c70000, 0x00000000d2e00000)
 tenured generation   total 32768K, used 31053K [0x00000000e1400000, 0x00000000e3400000, 0x0000000100000000)
   the space 32768K,  94% used [0x00000000e1400000, 0x00000000e3253540, 0x00000000e3253600, 0x00000000e3400000)
 Metaspace       used 20812K, capacity 21076K, committed 21296K, reserved 1069056K
  class space    used 2503K, capacity 2581K, committed 2608K, reserved 1048576K
Event: 9.386 GC heap after
Heap after GC invocations=13 (full 1):
 def new generation   total 16896K, used 0K [0x00000000d1e00000, 0x00000000d3050000, 0x00000000e1400000)
  eden space 15040K,   0% used [0x00000000d1e00000, 0x00000000d1e00000, 0x00000000d2cb0000)
  from space 1856K,   0% used [0x00000000d2cb0000, 0x00000000d2cb0000, 0x00000000d2e80000)
  to   space 1856K,   0% used [0x00000000d2e80000, 0x00000000d2e80000, 0x00000000d3050000)
 tenured generation   total 37324K, used 22392K [0x00000000e1400000, 0x00000000e3873000, 0x0000000100000000)
   the space 37324K,  59% used [0x00000000e1400000, 0x00000000e29de198, 0x00000000e29de200, 0x00000000e3873000)
 Metaspace       used 20812K, capacity 21076K, committed 21296K, reserved 1069056K
  class space    used 2503K, capacity 2581K, committed 2608K, reserved 1048576K
}

Deoptimization events (10 events):
Event: 8.825 Thread 0x00007fa58c5e2800 Uncommon trap: reason=unstable_if action=reinterpret pc=0x00007fa57d4b9cb8 method=sun.awt.image.PNGImageDecoder.produceImage()V @ 867
Event: 8.834 Thread 0x00007fa58c5e2800 Uncommon trap: reason=unstable_if action=reinterpret pc=0x00007fa57d4b7810 method=sun.awt.image.ImageRepresentation.getOpaqueRGBImage()Ljava/awt/image/BufferedImage; @ 71
Event: 9.093 Thread 0x00007fa58c00b000 Uncommon trap: reason=unstable_if action=reinterpret pc=0x00007fa57d4e26e4 method=sun.java2d.loops.OpaqueCopyAnyToArgb.Blit(Lsun/java2d/SurfaceData;Lsun/java2d/SurfaceData;Ljava/awt/Composite;Lsun/java2d/pipe/Region;IIIIII)V @ 150
Event: 9.295 Thread 0x00007fa58c00b000 Uncommon trap: reason=unstable_if action=reinterpret pc=0x00007fa57d4f000c method=sun.java2d.loops.OpaqueCopyArgbToAny.Blit(Lsun/java2d/SurfaceData;Lsun/java2d/SurfaceData;Ljava/awt/Composite;Lsun/java2d/pipe/Region;IIIIII)V @ 159
Event: 9.825 Thread 0x00007fa58c00b000 Uncommon trap: reason=bimorphic action=maybe_recompile pc=0x00007fa57d2bedbc method=java.util.HashMap.putVal(ILjava/lang/Object;Ljava/lang/Object;ZZ)Ljava/lang/Object; @ 253
Event: 9.826 Thread 0x00007fa58c00b000 Uncommon trap: reason=bimorphic action=maybe_recompile pc=0x00007fa57d2bedbc method=java.util.HashMap.putVal(ILjava/lang/Object;Ljava/lang/Object;ZZ)Ljava/lang/Object; @ 253
Event: 9.826 Thread 0x00007fa58c00b000 Uncommon trap: reason=bimorphic action=maybe_recompile pc=0x00007fa57d2bedbc method=java.util.HashMap.putVal(ILjava/lang/Object;Ljava/lang/Object;ZZ)Ljava/lang/Object; @ 253
Event: 9.826 Thread 0x00007fa58c00b000 Uncommon trap: reason=bimorphic action=maybe_recompile pc=0x00007fa57d2bedbc method=java.util.HashMap.putVal(ILjava/lang/Object;Ljava/lang/Object;ZZ)Ljava/lang/Object; @ 253
Event: 10.703 Thread 0x00007fa58c00b000 Uncommon trap: reason=unstable_if action=reinterpret pc=0x00007fa57d4f2970 method=java.awt.image.ComponentColorModel.getDataElements(ILjava/lang/Object;)Ljava/lang/Object; @ 2993
Event: 10.705 Thread 0x00007fa58c00b000 Uncommon trap: reason=unstable_if action=reinterpret pc=0x00007fa57d4d22e4 method=sun.awt.image.ByteInterleavedRaster.getDataElements(IILjava/lang/Object;)Ljava/lang/Object; @ 43

Internal exceptions (10 events):
Event: 2.779 Thread 0x00007fa58c00b000 Exception <a 'java/lang/ArrayIndexOutOfBoundsException'> (0x00000000d2647770) thrown at [/HUDSON3/workspace/8-2-build-linux-amd64/jdk8u111/7883/hotspot/src/share/vm/runtime/sharedRuntime.cpp, line 605]
Event: 3.403 Thread 0x00007fa58c00b000 Exception <a 'java/lang/ClassNotFoundException': com/sun/org/glassfish/hk2/osgiresourcelocator/ServiceLoader> (0x00000000d287f508) thrown at [/HUDSON3/workspace/8-2-build-linux-amd64/jdk8u111/7883/hotspot/src/share/vm/classfile/systemDictionary.cpp, line 
Event: 5.980 Thread 0x00007fa58c00b000 Exception <a 'java/lang/NoSuchFieldError': method resolution failed> (0x00000000d2049e78) thrown at [/HUDSON3/workspace/8-2-build-linux-amd64/jdk8u111/7883/hotspot/src/share/vm/prims/methodHandles.cpp, line 1146]
Event: 5.981 Thread 0x00007fa58c00b000 Exception <a 'java/lang/NoSuchFieldError': method resolution failed> (0x00000000d2057538) thrown at [/HUDSON3/workspace/8-2-build-linux-amd64/jdk8u111/7883/hotspot/src/share/vm/prims/methodHandles.cpp, line 1146]
Event: 6.121 Thread 0x00007fa58c00b000 Exception <a 'java/io/FileNotFoundException'> (0x00000000d20d5ba0) thrown at [/HUDSON3/workspace/8-2-build-linux-amd64/jdk8u111/7883/hotspot/src/share/vm/prims/jni.cpp, line 709]
Event: 6.121 Thread 0x00007fa58c00b000 Exception <a 'java/io/FileNotFoundException'> (0x00000000d20d6560) thrown at [/HUDSON3/workspace/8-2-build-linux-amd64/jdk8u111/7883/hotspot/src/share/vm/prims/jni.cpp, line 709]
Event: 7.284 Thread 0x00007fa58c00b000 Implicit null exception at 0x00007fa57d217bf5 to 0x00007fa57d217f9d
Event: 7.284 Thread 0x00007fa58c00b000 Implicit null exception at 0x00007fa57d18bdf6 to 0x00007fa57d18c1a9
Event: 10.703 Thread 0x00007fa58c00b000 Implicit null exception at 0x00007fa57d4f22c5 to 0x00007fa57d4f2955
Event: 10.705 Thread 0x00007fa58c00b000 Implicit null exception at 0x00007fa57d4d2063 to 0x00007fa57d4d22c9

Events (10 events):
Event: 10.778 loading class javax/media/j3d/ColoringAttributesRetained
Event: 10.778 loading class javax/media/j3d/ColoringAttributesRetained done
Event: 10.788 loading class javax/media/j3d/RenderingAttributesRetained
Event: 10.788 loading class javax/media/j3d/RenderingAttributesRetained done
Event: 10.795 loading class javax/media/j3d/PolygonAttributesRetained
Event: 10.795 loading class javax/media/j3d/PolygonAttributesRetained done
Event: 10.795 loading class javax/media/j3d/LineAttributesRetained
Event: 10.795 loading class javax/media/j3d/LineAttributesRetained done
Event: 10.801 loading class javax/media/j3d/PointAttributesRetained
Event: 10.801 loading class javax/media/j3d/PointAttributesRetained done


Dynamic libraries:
00400000-00401000 r-xp 00000000 08:01 795971                             /usr/local/java/jdk1.8.0_111/jre/bin/java
00600000-00601000 rw-p 00000000 08:01 795971                             /usr/local/java/jdk1.8.0_111/jre/bin/java
012d7000-0131c000 rw-p 00000000 00:00 0                                  [heap]
d1e00000-d3050000 rw-p 00000000 00:00 0 
d3050000-e1400000 ---p 00000000 00:00 0 
e1400000-e3873000 rw-p 00000000 00:00 0 
e3873000-100000000 ---p 00000000 00:00 0 
100000000-10034c000 rw-p 00000000 00:00 0 
10034c000-140000000 ---p 00000000 00:00 0 
7fa554221000-7fa554258000 r-xp 00000000 08:01 672368                     /usr/lib/x86_64-linux-gnu/libtxc_dxtn_s2tc.so.0.0.0
7fa554258000-7fa554457000 ---p 00037000 08:01 672368                     /usr/lib/x86_64-linux-gnu/libtxc_dxtn_s2tc.so.0.0.0
7fa554457000-7fa554458000 r--p 00036000 08:01 672368                     /usr/lib/x86_64-linux-gnu/libtxc_dxtn_s2tc.so.0.0.0
7fa554458000-7fa554459000 rw-p 00037000 08:01 672368                     /usr/lib/x86_64-linux-gnu/libtxc_dxtn_s2tc.so.0.0.0
7fa554459000-7fa55445c000 ---p 00000000 00:00 0 
7fa55445c000-7fa55455a000 rw-p 00000000 00:00 0 
7fa55455a000-7fa55455d000 ---p 00000000 00:00 0 
7fa55455d000-7fa55465b000 rw-p 00000000 00:00 0 
7fa55465b000-7fa55465e000 ---p 00000000 00:00 0 
7fa55465e000-7fa55475c000 rw-p 00000000 00:00 0 
7fa55475c000-7fa55475f000 ---p 00000000 00:00 0 
7fa55475f000-7fa55485d000 rw-p 00000000 00:00 0 
7fa55485d000-7fa554860000 ---p 00000000 00:00 0 
7fa554860000-7fa55495e000 rw-p 00000000 00:00 0 
7fa55495e000-7fa554961000 ---p 00000000 00:00 0 
7fa554961000-7fa554a5f000 rw-p 00000000 00:00 0 
7fa554a5f000-7fa554a62000 ---p 00000000 00:00 0 
7fa554a62000-7fa554b60000 rw-p 00000000 00:00 0 
7fa554b60000-7fa554b63000 ---p 00000000 00:00 0 
7fa554b63000-7fa554c61000 rw-p 00000000 00:00 0 
7fa554c61000-7fa554c64000 ---p 00000000 00:00 0 
7fa554c64000-7fa554d62000 rw-p 00000000 00:00 0 
7fa554d62000-7fa554d9d000 r-xp 00000000 08:01 795835                     /usr/local/java/jdk1.8.0_111/jre/lib/amd64/libjpeg.so
7fa554d9d000-7fa554f9c000 ---p 0003b000 08:01 795835                     /usr/local/java/jdk1.8.0_111/jre/lib/amd64/libjpeg.so
7fa554f9c000-7fa554f9d000 rw-p 0003a000 08:01 795835                     /usr/local/java/jdk1.8.0_111/jre/lib/amd64/libjpeg.so
7fa554f9d000-7fa554fdd000 rw-p 00000000 00:00 0 
7fa554fdd000-7fa55519d000 ---p 00000000 00:00 0 
7fa55519d000-7fa555206000 r-xp 00000000 08:01 795894                     /usr/local/java/jdk1.8.0_111/jre/lib/amd64/libt2k.so
7fa555206000-7fa555406000 ---p 00069000 08:01 795894                     /usr/local/java/jdk1.8.0_111/jre/lib/amd64/libt2k.so
7fa555406000-7fa55540d000 rw-p 00069000 08:01 795894                     /usr/local/java/jdk1.8.0_111/jre/lib/amd64/libt2k.so
7fa55540d000-7fa55541d000 rw-p 00000000 00:00 0 
7fa55541d000-7fa55542e000 r-xp 00000000 08:01 795864                     /usr/local/java/jdk1.8.0_111/jre/lib/amd64/libnio.so
7fa55542e000-7fa55562d000 ---p 00011000 08:01 795864                     /usr/local/java/jdk1.8.0_111/jre/lib/amd64/libnio.so
7fa55562d000-7fa55562e000 rw-p 00010000 08:01 795864                     /usr/local/java/jdk1.8.0_111/jre/lib/amd64/libnio.so
7fa55562e000-7fa55582e000 rw-p 00000000 00:00 0 
7fa55582e000-7fa555831000 ---p 00000000 00:00 0 
7fa555831000-7fa55592f000 rw-p 00000000 00:00 0 
7fa55592f000-7fa555932000 ---p 00000000 00:00 0 
7fa555932000-7fa555c30000 rw-p 00000000 00:00 0 
7fa555c30000-7fa555c33000 ---p 00000000 00:00 0 
7fa555c33000-7fa555d31000 rw-p 00000000 00:00 0 
7fa555d31000-7fa556d31000 rw-s 12fa28000 00:06 332                       /dev/dri/card0
7fa556d31000-7fa556d44000 r-xp 00000000 08:01 918009                     /lib/x86_64-linux-gnu/libbsd.so.0.8.2
7fa556d44000-7fa556f43000 ---p 00013000 08:01 918009                     /lib/x86_64-linux-gnu/libbsd.so.0.8.2
7fa556f43000-7fa556f44000 r--p 00012000 08:01 918009                     /lib/x86_64-linux-gnu/libbsd.so.0.8.2
7fa556f44000-7fa556f45000 rw-p 00013000 08:01 918009                     /lib/x86_64-linux-gnu/libbsd.so.0.8.2
7fa556f45000-7fa556f46000 rw-p 00000000 00:00 0 
7fa556f46000-7fa556f6b000 r-xp 00000000 08:01 918124                     /lib/x86_64-linux-gnu/libtinfo.so.5.9
7fa556f6b000-7fa55716a000 ---p 00025000 08:01 918124                     /lib/x86_64-linux-gnu/libtinfo.so.5.9
7fa55716a000-7fa55716e000 r--p 00024000 08:01 918124                     /lib/x86_64-linux-gnu/libtinfo.so.5.9
7fa55716e000-7fa55716f000 rw-p 00028000 08:01 918124                     /lib/x86_64-linux-gnu/libtinfo.so.5.9
7fa55716f000-7fa5571a0000 r-xp 00000000 08:01 668227                     /usr/lib/x86_64-linux-gnu/libedit.so.2.0.53
7fa5571a0000-7fa5573a0000 ---p 00031000 08:01 668227                     /usr/lib/x86_64-linux-gnu/libedit.so.2.0.53
7fa5573a0000-7fa5573a2000 r--p 00031000 08:01 668227                     /usr/lib/x86_64-linux-gnu/libedit.so.2.0.53
7fa5573a2000-7fa5573a3000 rw-p 00033000 08:01 668227                     /usr/lib/x86_64-linux-gnu/libedit.so.2.0.53
7fa5573a3000-7fa5573a7000 rw-p 00000000 00:00 0 
7fa5573a7000-7fa5573ae000 r-xp 00000000 08:01 657789                     /usr/lib/x86_64-linux-gnu/libffi.so.6.0.4
7fa5573ae000-7fa5575ad000 ---p 00007000 08:01 657789                     /usr/lib/x86_64-linux-gnu/libffi.so.6.0.4
7fa5575ad000-7fa5575ae000 r--p 00006000 08:01 657789                     /usr/lib/x86_64-linux-gnu/libffi.so.6.0.4
7fa5575ae000-7fa5575af000 rw-p 00007000 08:01 657789                     /usr/lib/x86_64-linux-gnu/libffi.so.6.0.4
7fa5575af000-7fa5575c8000 r-xp 00000000 08:01 918136                     /lib/x86_64-linux-gnu/libz.so.1.2.8
7fa5575c8000-7fa5577c7000 ---p 00019000 08:01 918136                     /lib/x86_64-linux-gnu/libz.so.1.2.8
7fa5577c7000-7fa5577c8000 r--p 00018000 08:01 918136                     /lib/x86_64-linux-gnu/libz.so.1.2.8
7fa5577c8000-7fa5577c9000 rw-p 00019000 08:01 918136                     /lib/x86_64-linux-gnu/libz.so.1.2.8
7fa5577c9000-7fa55793b000 r-xp 00000000 08:01 656556                     /usr/lib/x86_64-linux-gnu/libstdc++.so.6.0.21
7fa55793b000-7fa557b3b000 ---p 00172000 08:01 656556                     /usr/lib/x86_64-linux-gnu/libstdc++.so.6.0.21
7fa557b3b000-7fa557b45000 r--p 00172000 08:01 656556                     /usr/lib/x86_64-linux-gnu/libstdc++.so.6.0.21
7fa557b45000-7fa557b47000 rw-p 0017c000 08:01 656556                     /usr/lib/x86_64-linux-gnu/libstdc++.so.6.0.21
7fa557b47000-7fa557b4b000 rw-p 00000000 00:00 0 
7fa557b4b000-7fa55a03d000 r-xp 00000000 08:01 670467                     /usr/lib/x86_64-linux-gnu/libLLVM-3.8.so.1
7fa55a03d000-7fa55a23d000 ---p 024f2000 08:01 670467                     /usr/lib/x86_64-linux-gnu/libLLVM-3.8.so.1
7fa55a23d000-7fa55a4f2000 r--p 024f2000 08:01 670467                     /usr/lib/x86_64-linux-gnu/libLLVM-3.8.so.1
7fa55a4f2000-7fa55a4f4000 rw-p 027a7000 08:01 670467                     /usr/lib/x86_64-linux-gnu/libLLVM-3.8.so.1
7fa55a4f4000-7fa55a51e000 rw-p 00000000 00:00 0 
7fa55a51e000-7fa55a535000 r-xp 00000000 08:01 668230                     /usr/lib/x86_64-linux-gnu/libelf-0.165.so
7fa55a535000-7fa55a734000 ---p 00017000 08:01 668230                     /usr/lib/x86_64-linux-gnu/libelf-0.165.so
7fa55a734000-7fa55a735000 r--p 00016000 08:01 668230                     /usr/lib/x86_64-linux-gnu/libelf-0.165.so
7fa55a735000-7fa55a736000 rw-p 00017000 08:01 668230                     /usr/lib/x86_64-linux-gnu/libelf-0.165.so
7fa55a736000-7fa55a73d000 r-xp 00000000 08:01 668226                     /usr/lib/x86_64-linux-gnu/libdrm_amdgpu.so.1.0.0
7fa55a73d000-7fa55a93c000 ---p 00007000 08:01 668226                     /usr/lib/x86_64-linux-gnu/libdrm_amdgpu.so.1.0.0
7fa55a93c000-7fa55a93d000 r--p 00006000 08:01 668226                     /usr/lib/x86_64-linux-gnu/libdrm_amdgpu.so.1.0.0
7fa55a93d000-7fa55a93e000 rw-p 00007000 08:01 668226                     /usr/lib/x86_64-linux-gnu/libdrm_amdgpu.so.1.0.0
7fa55a93e000-7fa55a949000 r-xp 00000000 08:01 670460                     /usr/lib/x86_64-linux-gnu/libdrm_radeon.so.1.0.1
7fa55a949000-7fa55ab48000 ---p 0000b000 08:01 670460                     /usr/lib/x86_64-linux-gnu/libdrm_radeon.so.1.0.1
7fa55ab48000-7fa55ab49000 r--p 0000a000 08:01 670460                     /usr/lib/x86_64-linux-gnu/libdrm_radeon.so.1.0.1
7fa55ab49000-7fa55ab4a000 rw-p 0000b000 08:01 670460                     /usr/lib/x86_64-linux-gnu/libdrm_radeon.so.1.0.1
7fa55ab4a000-7fa55ab51000 r-xp 00000000 08:01 670466                     /usr/lib/x86_64-linux-gnu/libdrm_nouveau.so.2.0.0
7fa55ab51000-7fa55ad50000 ---p 00007000 08:01 670466                     /usr/lib/x86_64-linux-gnu/libdrm_nouveau.so.2.0.0
7fa55ad50000-7fa55ad51000 r--p 00006000 08:01 670466                     /usr/lib/x86_64-linux-gnu/libdrm_nouveau.so.2.0.0
7fa55ad51000-7fa55ad52000 rw-p 00007000 08:01 670466                     /usr/lib/x86_64-linux-gnu/libdrm_nouveau.so.2.0.0
7fa55ad52000-7fa55b619000 r-xp 00000000 08:01 670472                     /usr/lib/x86_64-linux-gnu/dri/vmwgfx_dri.so
7fa55b619000-7fa55b818000 ---p 008c7000 08:01 670472                     /usr/lib/x86_64-linux-gnu/dri/vmwgfx_dri.so
7fa55b818000-7fa55b88c000 r--p 008c6000 08:01 670472                     /usr/lib/x86_64-linux-gnu/dri/vmwgfx_dri.so
7fa55b88c000-7fa55b89b000 rw-p 0093a000 08:01 670472                     /usr/lib/x86_64-linux-gnu/dri/vmwgfx_dri.so
7fa55b89b000-7fa55ba91000 rw-p 00000000 00:00 0 
7fa55ba91000-7fa55ba94000 ---p 00000000 00:00 0 
7fa55ba94000-7fa55bb92000 rw-p 00000000 00:00 0 
7fa55bb92000-7fa55bb95000 ---p 00000000 00:00 0 
7fa55bb95000-7fa55bc93000 rw-p 00000000 00:00 0 
7fa55bc93000-7fa55bc96000 ---p 00000000 00:00 0 
7fa55bc96000-7fa55bd94000 rw-p 00000000 00:00 0 
7fa55bd94000-7fa55bd97000 ---p 00000000 00:00 0 
7fa55bd97000-7fa55be95000 rw-p 00000000 00:00 0 
7fa55be95000-7fa55be98000 ---p 00000000 00:00 0 
7fa55be98000-7fa55c196000 rw-p 00000000 00:00 0 
7fa55c196000-7fa55c1a4000 r-xp 00000000 08:01 685601                     /usr/lib/x86_64-linux-gnu/libdrm.so.2.4.0
7fa55c1a4000-7fa55c3a3000 ---p 0000e000 08:01 685601                     /usr/lib/x86_64-linux-gnu/libdrm.so.2.4.0
7fa55c3a3000-7fa55c3a4000 r--p 0000d000 08:01 685601                     /usr/lib/x86_64-linux-gnu/libdrm.so.2.4.0
7fa55c3a4000-7fa55c3a5000 rw-p 0000e000 08:01 685601                     /usr/lib/x86_64-linux-gnu/libdrm.so.2.4.0
7fa55c3a5000-7fa55c3aa000 r-xp 00000000 08:01 670953                     /usr/lib/x86_64-linux-gnu/libXxf86vm.so.1.0.0
7fa55c3aa000-7fa55c5a9000 ---p 00005000 08:01 670953                     /usr/lib/x86_64-linux-gnu/libXxf86vm.so.1.0.0
7fa55c5a9000-7fa55c5aa000 r--p 00004000 08:01 670953                     /usr/lib/x86_64-linux-gnu/libXxf86vm.so.1.0.0
7fa55c5aa000-7fa55c5ab000 rw-p 00005000 08:01 670953                     /usr/lib/x86_64-linux-gnu/libXxf86vm.so.1.0.0
7fa55c5ab000-7fa55c5af000 r-xp 00000000 08:01 670444                     /usr/lib/x86_64-linux-gnu/libxcb-dri2.so.0.0.0
7fa55c5af000-7fa55c7ae000 ---p 00004000 08:01 670444                     /usr/lib/x86_64-linux-gnu/libxcb-dri2.so.0.0.0
7fa55c7ae000-7fa55c7af000 r--p 00003000 08:01 670444                     /usr/lib/x86_64-linux-gnu/libxcb-dri2.so.0.0.0
7fa55c7af000-7fa55c7b0000 rw-p 00004000 08:01 670444                     /usr/lib/x86_64-linux-gnu/libxcb-dri2.so.0.0.0
7fa55c7b0000-7fa55c7c7000 r-xp 00000000 08:01 670951                     /usr/lib/x86_64-linux-gnu/libxcb-glx.so.0.0.0
7fa55c7c7000-7fa55c9c6000 ---p 00017000 08:01 670951                     /usr/lib/x86_64-linux-gnu/libxcb-glx.so.0.0.0
7fa55c9c6000-7fa55c9c8000 r--p 00016000 08:01 670951                     /usr/lib/x86_64-linux-gnu/libxcb-glx.so.0.0.0
7fa55c9c8000-7fa55c9c9000 rw-p 00018000 08:01 670951                     /usr/lib/x86_64-linux-gnu/libxcb-glx.so.0.0.0
7fa55c9c9000-7fa55c9ca000 r-xp 00000000 08:01 670442                     /usr/lib/x86_64-linux-gnu/libX11-xcb.so.1.0.0
7fa55c9ca000-7fa55cbc9000 ---p 00001000 08:01 670442                     /usr/lib/x86_64-linux-gnu/libX11-xcb.so.1.0.0
7fa55cbc9000-7fa55cbca000 r--p 00000000 08:01 670442                     /usr/lib/x86_64-linux-gnu/libX11-xcb.so.1.0.0
7fa55cbca000-7fa55cbcb000 rw-p 00001000 08:01 670442                     /usr/lib/x86_64-linux-gnu/libX11-xcb.so.1.0.0
7fa55cbcb000-7fa55cbcd000 r-xp 00000000 08:01 670496                     /usr/lib/x86_64-linux-gnu/libXdamage.so.1.1.0
7fa55cbcd000-7fa55cdcc000 ---p 00002000 08:01 670496                     /usr/lib/x86_64-linux-gnu/libXdamage.so.1.1.0
7fa55cdcc000-7fa55cdcd000 r--p 00001000 08:01 670496                     /usr/lib/x86_64-linux-gnu/libXdamage.so.1.1.0
7fa55cdcd000-7fa55cdce000 rw-p 00002000 08:01 670496                     /usr/lib/x86_64-linux-gnu/libXdamage.so.1.1.0
7fa55cdce000-7fa55cdf7000 r-xp 00000000 08:01 670948                     /usr/lib/x86_64-linux-gnu/libglapi.so.0.0.0
7fa55cdf7000-7fa55cff6000 ---p 00029000 08:01 670948                     /usr/lib/x86_64-linux-gnu/libglapi.so.0.0.0
7fa55cff6000-7fa55cffa000 r--p 00028000 08:01 670948                     /usr/lib/x86_64-linux-gnu/libglapi.so.0.0.0
7fa55cffa000-7fa55cffb000 rw-p 0002c000 08:01 670948                     /usr/lib/x86_64-linux-gnu/libglapi.so.0.0.0
7fa55cffb000-7fa55cffc000 rw-p 00000000 00:00 0 
7fa55cffc000-7fa55cffd000 r-xp 00000000 08:01 670454                     /usr/lib/x86_64-linux-gnu/libxshmfence.so.1.0.0
7fa55cffd000-7fa55d1fd000 ---p 00001000 08:01 670454                     /usr/lib/x86_64-linux-gnu/libxshmfence.so.1.0.0
7fa55d1fd000-7fa55d1fe000 r--p 00001000 08:01 670454                     /usr/lib/x86_64-linux-gnu/libxshmfence.so.1.0.0
7fa55d1fe000-7fa55d1ff000 rw-p 00002000 08:01 670454                     /usr/lib/x86_64-linux-gnu/libxshmfence.so.1.0.0
7fa55d1ff000-7fa55d204000 r-xp 00000000 08:01 670450                     /usr/lib/x86_64-linux-gnu/libxcb-sync.so.1.0.0
7fa55d204000-7fa55d404000 ---p 00005000 08:01 670450                     /usr/lib/x86_64-linux-gnu/libxcb-sync.so.1.0.0
7fa55d404000-7fa55d405000 r--p 00005000 08:01 670450                     /usr/lib/x86_64-linux-gnu/libxcb-sync.so.1.0.0
7fa55d405000-7fa55d406000 rw-p 00006000 08:01 670450                     /usr/lib/x86_64-linux-gnu/libxcb-sync.so.1.0.0
7fa55d406000-7fa55d408000 r-xp 00000000 08:01 670448                     /usr/lib/x86_64-linux-gnu/libxcb-present.so.0.0.0
7fa55d408000-7fa55d607000 ---p 00002000 08:01 670448                     /usr/lib/x86_64-linux-gnu/libxcb-present.so.0.0.0
7fa55d607000-7fa55d608000 r--p 00001000 08:01 670448                     /usr/lib/x86_64-linux-gnu/libxcb-present.so.0.0.0
7fa55d608000-7fa55d609000 rw-p 00002000 08:01 670448                     /usr/lib/x86_64-linux-gnu/libxcb-present.so.0.0.0
7fa55d609000-7fa55d60b000 r-xp 00000000 08:01 670446                     /usr/lib/x86_64-linux-gnu/libxcb-dri3.so.0.0.0
7fa55d60b000-7fa55d80a000 ---p 00002000 08:01 670446                     /usr/lib/x86_64-linux-gnu/libxcb-dri3.so.0.0.0
7fa55d80a000-7fa55d80b000 r--p 00001000 08:01 670446                     /usr/lib/x86_64-linux-gnu/libxcb-dri3.so.0.0.0
7fa55d80b000-7fa55d80c000 rw-p 00002000 08:01 670446                     /usr/lib/x86_64-linux-gnu/libxcb-dri3.so.0.0.0
7fa55d80c000-7fa55d832000 r-xp 00000000 08:01 918034                     /lib/x86_64-linux-gnu/libexpat.so.1.6.0
7fa55d832000-7fa55da32000 ---p 00026000 08:01 918034                     /lib/x86_64-linux-gnu/libexpat.so.1.6.0
7fa55da32000-7fa55da34000 r--p 00026000 08:01 918034                     /lib/x86_64-linux-gnu/libexpat.so.1.6.0
7fa55da34000-7fa55da35000 rw-p 00028000 08:01 918034                     /lib/x86_64-linux-gnu/libexpat.so.1.6.0
7fa55da35000-7fa55daa2000 r-xp 00000000 08:01 670958                     /usr/lib/x86_64-linux-gnu/mesa/libGL.so.1.2.0
7fa55daa2000-7fa55dca1000 ---p 0006d000 08:01 670958                     /usr/lib/x86_64-linux-gnu/mesa/libGL.so.1.2.0
7fa55dca1000-7fa55dca4000 r--p 0006c000 08:01 670958                     /usr/lib/x86_64-linux-gnu/mesa/libGL.so.1.2.0
7fa55dca4000-7fa55dca5000 rw-p 0006f000 08:01 670958                     /usr/lib/x86_64-linux-gnu/mesa/libGL.so.1.2.0
7fa55dca5000-7fa55dca6000 rw-p 00000000 00:00 0 
7fa55dca6000-7fa55dcc6000 r-xp 00000000 08:01 662182                     /usr/lib/jni/libj3dcore-ogl.so
7fa55dcc6000-7fa55ddc5000 ---p 00020000 08:01 662182                     /usr/lib/jni/libj3dcore-ogl.so
7fa55ddc5000-7fa55ddc6000 rw-p 0001f000 08:01 662182                     /usr/lib/jni/libj3dcore-ogl.so
7fa55ddc6000-7fa55ddc7000 r-xp 00000000 08:01 795886                     /usr/local/java/jdk1.8.0_111/jre/lib/amd64/libjawt.so
7fa55ddc7000-7fa55dfc6000 ---p 00001000 08:01 795886                     /usr/local/java/jdk1.8.0_111/jre/lib/amd64/libjawt.so
7fa55dfc6000-7fa55dfc7000 rw-p 00000000 08:01 795886                     /usr/local/java/jdk1.8.0_111/jre/lib/amd64/libjawt.so
7fa55dfc7000-7fa55e1c7000 rw-p 00000000 00:00 0 
7fa55e1c7000-7fa55e1ca000 ---p 00000000 00:00 0 
7fa55e1ca000-7fa55e2c8000 rw-p 00000000 00:00 0 
7fa55e2c8000-7fa55e2cd000 r-xp 00000000 08:01 670492                     /usr/lib/x86_64-linux-gnu/libXfixes.so.3.1.0
7fa55e2cd000-7fa55e4cc000 ---p 00005000 08:01 670492                     /usr/lib/x86_64-linux-gnu/libXfixes.so.3.1.0
7fa55e4cc000-7fa55e4cd000 r--p 00004000 08:01 670492                     /usr/lib/x86_64-linux-gnu/libXfixes.so.3.1.0
7fa55e4cd000-7fa55e4ce000 rw-p 00005000 08:01 670492                     /usr/lib/x86_64-linux-gnu/libXfixes.so.3.1.0
7fa55e4ce000-7fa55e4d7000 r-xp 00000000 08:01 670494                     /usr/lib/x86_64-linux-gnu/libXcursor.so.1.0.2
7fa55e4d7000-7fa55e6d6000 ---p 00009000 08:01 670494                     /usr/lib/x86_64-linux-gnu/libXcursor.so.1.0.2
7fa55e6d6000-7fa55e6d7000 r--p 00008000 08:01 670494                     /usr/lib/x86_64-linux-gnu/libXcursor.so.1.0.2
7fa55e6d7000-7fa55e6d8000 rw-p 00009000 08:01 670494                     /usr/lib/x86_64-linux-gnu/libXcursor.so.1.0.2
7fa55e6d8000-7fa55e6db000 ---p 00000000 00:00 0 
7fa55e6db000-7fa55e7d9000 rw-p 00000000 00:00 0 
7fa55e7d9000-7fa55e7ef000 r-xp 00000000 08:01 918039                     /lib/x86_64-linux-gnu/libgcc_s.so.1
7fa55e7ef000-7fa55e9ee000 ---p 00016000 08:01 918039                     /lib/x86_64-linux-gnu/libgcc_s.so.1
7fa55e9ee000-7fa55e9ef000 rw-p 00015000 08:01 918039                     /lib/x86_64-linux-gnu/libgcc_s.so.1
7fa55e9ef000-7fa55ea54000 r-xp 00000000 08:01 795858                     /usr/local/java/jdk1.8.0_111/jre/lib/amd64/libfontmanager.so
7fa55ea54000-7fa55ec53000 ---p 00065000 08:01 795858                     /usr/local/java/jdk1.8.0_111/jre/lib/amd64/libfontmanager.so
7fa55ec53000-7fa55ec58000 rw-p 00064000 08:01 795858                     /usr/local/java/jdk1.8.0_111/jre/lib/amd64/libfontmanager.so
7fa55ec58000-7fa55ee68000 rw-p 00000000 00:00 0 
7fa55ee68000-7fa55ee6d000 r-xp 00000000 08:01 667659                     /usr/lib/x86_64-linux-gnu/libXdmcp.so.6.0.0
7fa55ee6d000-7fa55f06c000 ---p 00005000 08:01 667659                     /usr/lib/x86_64-linux-gnu/libXdmcp.so.6.0.0
7fa55f06c000-7fa55f06d000 r--p 00004000 08:01 667659                     /usr/lib/x86_64-linux-gnu/libXdmcp.so.6.0.0
7fa55f06d000-7fa55f06e000 rw-p 00005000 08:01 667659                     /usr/lib/x86_64-linux-gnu/libXdmcp.so.6.0.0
7fa55f06e000-7fa55f070000 r-xp 00000000 08:01 667657                     /usr/lib/x86_64-linux-gnu/libXau.so.6.0.0
7fa55f070000-7fa55f270000 ---p 00002000 08:01 667657                     /usr/lib/x86_64-linux-gnu/libXau.so.6.0.0
7fa55f270000-7fa55f271000 r--p 00002000 08:01 667657                     /usr/lib/x86_64-linux-gnu/libXau.so.6.0.0
7fa55f271000-7fa55f272000 rw-p 00003000 08:01 667657                     /usr/lib/x86_64-linux-gnu/libXau.so.6.0.0
7fa55f272000-7fa55f293000 r-xp 00000000 08:01 667661                     /usr/lib/x86_64-linux-gnu/libxcb.so.1.1.0
7fa55f293000-7fa55f492000 ---p 00021000 08:01 667661                     /usr/lib/x86_64-linux-gnu/libxcb.so.1.1.0
7fa55f492000-7fa55f493000 r--p 00020000 08:01 667661                     /usr/lib/x86_64-linux-gnu/libxcb.so.1.1.0
7fa55f493000-7fa55f494000 rw-p 00021000 08:01 667661                     /usr/lib/x86_64-linux-gnu/libxcb.so.1.1.0
7fa55f494000-7fa55f4a3000 r-xp 00000000 08:01 670498                     /usr/lib/x86_64-linux-gnu/libXi.so.6.1.0
7fa55f4a3000-7fa55f6a2000 ---p 0000f000 08:01 670498                     /usr/lib/x86_64-linux-gnu/libXi.so.6.1.0
7fa55f6a2000-7fa55f6a3000 r--p 0000e000 08:01 670498                     /usr/lib/x86_64-linux-gnu/libXi.so.6.1.0
7fa55f6a3000-7fa55f6a4000 rw-p 0000f000 08:01 670498                     /usr/lib/x86_64-linux-gnu/libXi.so.6.1.0
7fa55f6a4000-7fa55f6a9000 r-xp 00000000 08:01 671430                     /usr/lib/x86_64-linux-gnu/libXtst.so.6.1.0
7fa55f6a9000-7fa55f8a8000 ---p 00005000 08:01 671430                     /usr/lib/x86_64-linux-gnu/libXtst.so.6.1.0
7fa55f8a8000-7fa55f8a9000 r--p 00004000 08:01 671430                     /usr/lib/x86_64-linux-gnu/libXtst.so.6.1.0
7fa55f8a9000-7fa55f8aa000 rw-p 00005000 08:01 671430                     /usr/lib/x86_64-linux-gnu/libXtst.so.6.1.0
7fa55f8aa000-7fa55f8b3000 r-xp 00000000 08:01 669067                     /usr/lib/x86_64-linux-gnu/libXrender.so.1.3.0
7fa55f8b3000-7fa55fab2000 ---p 00009000 08:01 669067                     /usr/lib/x86_64-linux-gnu/libXrender.so.1.3.0
7fa55fab2000-7fa55fab3000 r--p 00008000 08:01 669067                     /usr/lib/x86_64-linux-gnu/libXrender.so.1.3.0
7fa55fab3000-7fa55fab4000 rw-p 00009000 08:01 669067                     /usr/lib/x86_64-linux-gnu/libXrender.so.1.3.0
7fa55fab4000-7fa55fbe9000 r-xp 00000000 08:01 667725                     /usr/lib/x86_64-linux-gnu/libX11.so.6.3.0
7fa55fbe9000-7fa55fde9000 ---p 00135000 08:01 667725                     /usr/lib/x86_64-linux-gnu/libX11.so.6.3.0
7fa55fde9000-7fa55fdea000 r--p 00135000 08:01 667725                     /usr/lib/x86_64-linux-gnu/libX11.so.6.3.0
7fa55fdea000-7fa55fdee000 rw-p 00136000 08:01 667725                     /usr/lib/x86_64-linux-gnu/libX11.so.6.3.0
7fa55fdee000-7fa55fdff000 r-xp 00000000 08:01 667727                     /usr/lib/x86_64-linux-gnu/libXext.so.6.4.0
7fa55fdff000-7fa55fffe000 ---p 00011000 08:01 667727                     /usr/lib/x86_64-linux-gnu/libXext.so.6.4.0
7fa55fffe000-7fa55ffff000 r--p 00010000 08:01 667727                     /usr/lib/x86_64-linux-gnu/libXext.so.6.4.0
7fa55ffff000-7fa560000000 rw-p 00011000 08:01 667727                     /usr/lib/x86_64-linux-gnu/libXext.so.6.4.0
7fa560000000-7fa56062c000 rw-p 00000000 00:00 0 
7fa56062c000-7fa564000000 ---p 00000000 00:00 0 
7fa564000000-7fa5640b5000 rw-p 00000000 00:00 0 
7fa5640b5000-7fa568000000 ---p 00000000 00:00 0 
7fa568000000-7fa56803c000 rw-p 00000000 00:00 0 
7fa56803c000-7fa56c000000 ---p 00000000 00:00 0 
7fa56c000000-7fa56c4d2000 rw-p 00000000 00:00 0 
7fa56c4d2000-7fa570000000 ---p 00000000 00:00 0 
7fa570000000-7fa570021000 rw-p 00000000 00:00 0 
7fa570021000-7fa574000000 ---p 00000000 00:00 0 
7fa574000000-7fa574021000 rw-p 00000000 00:00 0 
7fa574021000-7fa578000000 ---p 00000000 00:00 0 
7fa578000000-7fa578247000 rw-p 00000000 00:00 0 
7fa578247000-7fa57c000000 ---p 00000000 00:00 0 
7fa57c0bc000-7fa57c110000 r-xp 00000000 08:01 795866                     /usr/local/java/jdk1.8.0_111/jre/lib/amd64/libawt_xawt.so
7fa57c110000-7fa57c310000 ---p 00054000 08:01 795866                     /usr/local/java/jdk1.8.0_111/jre/lib/amd64/libawt_xawt.so
7fa57c310000-7fa57c314000 rw-p 00054000 08:01 795866                     /usr/local/java/jdk1.8.0_111/jre/lib/amd64/libawt_xawt.so
7fa57c314000-7fa57c315000 rw-p 00000000 00:00 0 
7fa57c315000-7fa57c3b7000 r-xp 00000000 08:01 795897                     /usr/local/java/jdk1.8.0_111/jre/lib/amd64/libawt.so
7fa57c3b7000-7fa57c5b7000 ---p 000a2000 08:01 795897                     /usr/local/java/jdk1.8.0_111/jre/lib/amd64/libawt.so
7fa57c5b7000-7fa57c5c3000 rw-p 000a2000 08:01 795897                     /usr/local/java/jdk1.8.0_111/jre/lib/amd64/libawt.so
7fa57c5c3000-7fa57c7e7000 rw-p 00000000 00:00 0 
7fa57c7e7000-7fa57c9e7000 rw-p 00000000 00:00 0 
7fa57c9e7000-7fa57cce8000 rw-p 00000000 00:00 0 
7fa57cce8000-7fa57ccfe000 r-xp 00000000 08:01 795839                     /usr/local/java/jdk1.8.0_111/jre/lib/amd64/libnet.so
7fa57ccfe000-7fa57cefe000 ---p 00016000 08:01 795839                     /usr/local/java/jdk1.8.0_111/jre/lib/amd64/libnet.so
7fa57cefe000-7fa57ceff000 rw-p 00016000 08:01 795839                     /usr/local/java/jdk1.8.0_111/jre/lib/amd64/libnet.so
7fa57ceff000-7fa57cf02000 ---p 00000000 00:00 0 
7fa57cf02000-7fa57d000000 rw-p 00000000 00:00 0 
7fa57d000000-7fa57d560000 rwxp 00000000 00:00 0 
7fa57d560000-7fa58c000000 ---p 00000000 00:00 0 
7fa58c000000-7fa58c92a000 rw-p 00000000 00:00 0 
7fa58c92a000-7fa590000000 ---p 00000000 00:00 0 
7fa590000000-7fa59001e000 r-xp 00000000 08:01 917528                     /lib/x86_64-linux-gnu/libudev.so.1.6.4
7fa59001e000-7fa59001f000 r--p 0001d000 08:01 917528                     /lib/x86_64-linux-gnu/libudev.so.1.6.4
7fa59001f000-7fa590020000 rw-p 0001e000 08:01 917528                     /lib/x86_64-linux-gnu/libudev.so.1.6.4
7fa590036000-7fa59003a000 rw-s 00000000 00:05 24969237                   /SYSV00000000 (deleted)
7fa59003a000-7fa590056000 r--s 00393000 08:01 795918                     /usr/local/java/jdk1.8.0_111/jre/lib/ext/cldrdata.jar
7fa590056000-7fa590060000 r--s 00116000 08:01 795915                     /usr/local/java/jdk1.8.0_111/jre/lib/ext/localedata.jar
7fa590060000-7fa590063000 r--s 0001a000 08:01 795952                     /usr/local/java/jdk1.8.0_111/jre/lib/jce.jar
7fa590063000-7fa590067000 r--s 00097000 08:01 795820                     /usr/local/java/jdk1.8.0_111/jre/lib/jsse.jar
7fa590067000-7fa590068000 r-xp 00000000 08:01 8164                       /home/fasih58/Desktop/idea-IC-162.2228.15/bin/libbreakgen64.so
7fa590068000-7fa590267000 ---p 00001000 08:01 8164                       /home/fasih58/Desktop/idea-IC-162.2228.15/bin/libbreakgen64.so
7fa590267000-7fa590268000 r--p 00000000 08:01 8164                       /home/fasih58/Desktop/idea-IC-162.2228.15/bin/libbreakgen64.so
7fa590268000-7fa590269000 rw-p 00001000 08:01 8164                       /home/fasih58/Desktop/idea-IC-162.2228.15/bin/libbreakgen64.so
7fa590269000-7fa59026b000 r--s 0001e000 08:01 3140                       /home/fasih58/Desktop/idea-IC-162.2228.15/lib/idea_rt.jar
7fa59026b000-7fa590272000 r--s 00051000 08:01 9643                       /home/fasih58/.m2/repository/log4j/log4j/1.2.13/log4j-1.2.13.jar
7fa590272000-7fa590274000 r--s 0000b000 08:01 9690                       /home/fasih58/.m2/repository/net/sf/jopt-simple/jopt-simple/3.1/jopt-simple-3.1.jar
7fa590274000-7fa590279000 r--s 0004c000 08:01 9679                       /home/fasih58/.m2/repository/com/google/protobuf/protobuf-java/2.3.0/protobuf-java-2.3.0.jar
7fa590279000-7fa590287000 r--s 00193000 08:01 9677                       /home/fasih58/.m2/repository/net/java/dev/java3d/j3d-utils/1.5.2/j3d-utils-1.5.2.jar
7fa590287000-7fa590293000 r--s 002c7000 08:01 9638                       /home/fasih58/.m2/repository/net/java/dev/java3d/j3d-core/1.5.2/j3d-core-1.5.2.jar
7fa590293000-7fa590299000 r--s 00046000 08:01 9642                       /home/fasih58/.m2/repository/jfree/jcommon/1.0.15/jcommon-1.0.15.jar
7fa590299000-7fa5902a9000 r--s 0013f000 08:01 9641                       /home/fasih58/.m2/repository/jfree/jfreechart/1.0.12/jfreechart-1.0.12.jar
7fa5902a9000-7fa5902ba000 r--s 000bb000 08:01 9640                       /home/fasih58/.m2/repository/org/apache/commons/commons-math/2.1/commons-math-2.1.jar
7fa5902ba000-7fa5902c3000 r--s 00079000 08:01 12235                      /home/fasih58/.m2/repository/cz/advel/jbullet/jbullet/20101010-BNK-3/jbullet-20101010-BNK-3.jar
7fa5902c3000-7fa5902c5000 r--s 0004c000 08:01 12227                      /home/fasih58/.m2/repository/net/java/dev/java3d/vecmath/1.5.2/vecmath-1.5.2.jar
7fa5902c5000-7fa5902d3000 r--s 00095000 08:01 9636                       /home/fasih58/.m2/repository/com/google/inject/guice/2.0/guice-2.0.jar
7fa5902d3000-7fa5902e6000 r--s 00345000 08:01 795946                     /usr/local/java/jdk1.8.0_111/jre/lib/resources.jar
7fa5902e6000-7fa5902f8000 r--s 000d6000 08:01 795945                     /usr/local/java/jdk1.8.0_111/jre/lib/plugin.jar
7fa5902f8000-7fa5902fc000 r--s 00097000 08:01 795820                     /usr/local/java/jdk1.8.0_111/jre/lib/jsse.jar
7fa5902fc000-7fa590317000 r--s 00208000 08:01 795941                     /usr/local/java/jdk1.8.0_111/jre/lib/deploy.jar
7fa590317000-7fa590318000 ---p 00000000 00:00 0 
7fa590318000-7fa590418000 rw-p 00000000 00:00 0 
7fa590418000-7fa59041b000 ---p 00000000 00:00 0 
7fa59041b000-7fa590519000 rw-p 00000000 00:00 0 
7fa590519000-7fa59051c000 ---p 00000000 00:00 0 
7fa59051c000-7fa59061a000 rw-p 00000000 00:00 0 
7fa59061a000-7fa59061d000 ---p 00000000 00:00 0 
7fa59061d000-7fa59071b000 rw-p 00000000 00:00 0 
7fa59071b000-7fa59071e000 ---p 00000000 00:00 0 
7fa59071e000-7fa59081c000 rw-p 00000000 00:00 0 
7fa59081c000-7fa590af4000 r--p 00000000 08:01 661285                     /usr/lib/locale/locale-archive
7fa590af4000-7fa590af7000 ---p 00000000 00:00 0 
7fa590af7000-7fa590bf5000 rw-p 00000000 00:00 0 
7fa590bf5000-7fa590bf8000 ---p 00000000 00:00 0 
7fa590bf8000-7fa590cf6000 rw-p 00000000 00:00 0 
7fa590cf6000-7fa590cf7000 ---p 00000000 00:00 0 
7fa590cf7000-7fa590df7000 rw-p 00000000 00:00 0 
7fa590df7000-7fa590fcf000 r--s 03d2a000 08:01 795832                     /usr/local/java/jdk1.8.0_111/jre/lib/rt.jar
7fa590fcf000-7fa591845000 rw-p 00000000 00:00 0 
7fa591845000-7fa591858000 rw-p 00000000 00:00 0 
7fa591858000-7fa59193c000 ---p 00000000 00:00 0 
7fa59193c000-7fa591946000 rw-p 00000000 00:00 0 
7fa591946000-7fa5919b7000 ---p 00000000 00:00 0 
7fa5919b7000-7fa5919ca000 rw-p 00000000 00:00 0 
7fa5919ca000-7fa591aad000 ---p 00000000 00:00 0 
7fa591aad000-7fa591ac4000 rw-p 00000000 00:00 0 
7fa591ac4000-7fa591e6e000 ---p 00000000 00:00 0 
7fa591e6e000-7fa591e88000 r-xp 00000000 08:01 795862                     /usr/local/java/jdk1.8.0_111/jre/lib/amd64/libzip.so
7fa591e88000-7fa592088000 ---p 0001a000 08:01 795862                     /usr/local/java/jdk1.8.0_111/jre/lib/amd64/libzip.so
7fa592088000-7fa592089000 rw-p 0001a000 08:01 795862                     /usr/local/java/jdk1.8.0_111/jre/lib/amd64/libzip.so
7fa592089000-7fa592094000 r-xp 00000000 08:01 918077                     /lib/x86_64-linux-gnu/libnss_files-2.23.so
7fa592094000-7fa592293000 ---p 0000b000 08:01 918077                     /lib/x86_64-linux-gnu/libnss_files-2.23.so
7fa592293000-7fa592294000 r--p 0000a000 08:01 918077                     /lib/x86_64-linux-gnu/libnss_files-2.23.so
7fa592294000-7fa592295000 rw-p 0000b000 08:01 918077                     /lib/x86_64-linux-gnu/libnss_files-2.23.so
7fa592295000-7fa59229b000 rw-p 00000000 00:00 0 
7fa59229b000-7fa5922a6000 r-xp 00000000 08:01 918081                     /lib/x86_64-linux-gnu/libnss_nis-2.23.so
7fa5922a6000-7fa5924a5000 ---p 0000b000 08:01 918081                     /lib/x86_64-linux-gnu/libnss_nis-2.23.so
7fa5924a5000-7fa5924a6000 r--p 0000a000 08:01 918081                     /lib/x86_64-linux-gnu/libnss_nis-2.23.so
7fa5924a6000-7fa5924a7000 rw-p 0000b000 08:01 918081                     /lib/x86_64-linux-gnu/libnss_nis-2.23.so
7fa5924a7000-7fa5924bd000 r-xp 00000000 08:01 918071                     /lib/x86_64-linux-gnu/libnsl-2.23.so
7fa5924bd000-7fa5926bc000 ---p 00016000 08:01 918071                     /lib/x86_64-linux-gnu/libnsl-2.23.so
7fa5926bc000-7fa5926bd000 r--p 00015000 08:01 918071                     /lib/x86_64-linux-gnu/libnsl-2.23.so
7fa5926bd000-7fa5926be000 rw-p 00016000 08:01 918071                     /lib/x86_64-linux-gnu/libnsl-2.23.so
7fa5926be000-7fa5926c0000 rw-p 00000000 00:00 0 
7fa5926c0000-7fa5926c8000 r-xp 00000000 08:01 918073                     /lib/x86_64-linux-gnu/libnss_compat-2.23.so
7fa5926c8000-7fa5928c7000 ---p 00008000 08:01 918073                     /lib/x86_64-linux-gnu/libnss_compat-2.23.so
7fa5928c7000-7fa5928c8000 r--p 00007000 08:01 918073                     /lib/x86_64-linux-gnu/libnss_compat-2.23.so
7fa5928c8000-7fa5928c9000 rw-p 00008000 08:01 918073                     /lib/x86_64-linux-gnu/libnss_compat-2.23.so
7fa5928c9000-7fa5928f4000 r-xp 00000000 08:01 795888                     /usr/local/java/jdk1.8.0_111/jre/lib/amd64/libjava.so
7fa5928f4000-7fa592af3000 ---p 0002b000 08:01 795888                     /usr/local/java/jdk1.8.0_111/jre/lib/amd64/libjava.so
7fa592af3000-7fa592af5000 rw-p 0002a000 08:01 795888                     /usr/local/java/jdk1.8.0_111/jre/lib/amd64/libjava.so
7fa592af5000-7fa592b02000 r-xp 00000000 08:01 795840                     /usr/local/java/jdk1.8.0_111/jre/lib/amd64/libverify.so
7fa592b02000-7fa592d01000 ---p 0000d000 08:01 795840                     /usr/local/java/jdk1.8.0_111/jre/lib/amd64/libverify.so
7fa592d01000-7fa592d03000 rw-p 0000c000 08:01 795840                     /usr/local/java/jdk1.8.0_111/jre/lib/amd64/libverify.so
7fa592d03000-7fa592d0a000 r-xp 00000000 08:01 918106                     /lib/x86_64-linux-gnu/librt-2.23.so
7fa592d0a000-7fa592f09000 ---p 00007000 08:01 918106                     /lib/x86_64-linux-gnu/librt-2.23.so
7fa592f09000-7fa592f0a000 r--p 00006000 08:01 918106                     /lib/x86_64-linux-gnu/librt-2.23.so
7fa592f0a000-7fa592f0b000 rw-p 00007000 08:01 918106                     /lib/x86_64-linux-gnu/librt-2.23.so
7fa592f0b000-7fa593013000 r-xp 00000000 08:01 918054                     /lib/x86_64-linux-gnu/libm-2.23.so
7fa593013000-7fa593212000 ---p 00108000 08:01 918054                     /lib/x86_64-linux-gnu/libm-2.23.so
7fa593212000-7fa593213000 r--p 00107000 08:01 918054                     /lib/x86_64-linux-gnu/libm-2.23.so
7fa593213000-7fa593214000 rw-p 00108000 08:01 918054                     /lib/x86_64-linux-gnu/libm-2.23.so
7fa593214000-7fa593ee1000 r-xp 00000000 08:01 795891                     /usr/local/java/jdk1.8.0_111/jre/lib/amd64/server/libjvm.so
7fa593ee1000-7fa5940e0000 ---p 00ccd000 08:01 795891                     /usr/local/java/jdk1.8.0_111/jre/lib/amd64/server/libjvm.so
7fa5940e0000-7fa5941b9000 rw-p 00ccc000 08:01 795891                     /usr/local/java/jdk1.8.0_111/jre/lib/amd64/server/libjvm.so
7fa5941b9000-7fa594204000 rw-p 00000000 00:00 0 
7fa594204000-7fa5943c4000 r-xp 00000000 08:01 918013                     /lib/x86_64-linux-gnu/libc-2.23.so
7fa5943c4000-7fa5945c3000 ---p 001c0000 08:01 918013                     /lib/x86_64-linux-gnu/libc-2.23.so
7fa5945c3000-7fa5945c7000 r--p 001bf000 08:01 918013                     /lib/x86_64-linux-gnu/libc-2.23.so
7fa5945c7000-7fa5945c9000 rw-p 001c3000 08:01 918013                     /lib/x86_64-linux-gnu/libc-2.23.so
7fa5945c9000-7fa5945cd000 rw-p 00000000 00:00 0 
7fa5945cd000-7fa5945d0000 r-xp 00000000 08:01 918027                     /lib/x86_64-linux-gnu/libdl-2.23.so
7fa5945d0000-7fa5947cf000 ---p 00003000 08:01 918027                     /lib/x86_64-linux-gnu/libdl-2.23.so
7fa5947cf000-7fa5947d0000 r--p 00002000 08:01 918027                     /lib/x86_64-linux-gnu/libdl-2.23.so
7fa5947d0000-7fa5947d1000 rw-p 00003000 08:01 918027                     /lib/x86_64-linux-gnu/libdl-2.23.so
7fa5947d1000-7fa5947e6000 r-xp 00000000 08:01 795877                     /usr/local/java/jdk1.8.0_111/jre/lib/amd64/jli/libjli.so
7fa5947e6000-7fa5949e6000 ---p 00015000 08:01 795877                     /usr/local/java/jdk1.8.0_111/jre/lib/amd64/jli/libjli.so
7fa5949e6000-7fa5949e7000 rw-p 00015000 08:01 795877                     /usr/local/java/jdk1.8.0_111/jre/lib/amd64/jli/libjli.so
7fa5949e7000-7fa5949ff000 r-xp 00000000 08:01 918100                     /lib/x86_64-linux-gnu/libpthread-2.23.so
7fa5949ff000-7fa594bfe000 ---p 00018000 08:01 918100                     /lib/x86_64-linux-gnu/libpthread-2.23.so
7fa594bfe000-7fa594bff000 r--p 00017000 08:01 918100                     /lib/x86_64-linux-gnu/libpthread-2.23.so
7fa594bff000-7fa594c00000 rw-p 00018000 08:01 918100                     /lib/x86_64-linux-gnu/libpthread-2.23.so
7fa594c00000-7fa594c04000 rw-p 00000000 00:00 0 
7fa594c04000-7fa594c2a000 r-xp 00000000 08:01 917989                     /lib/x86_64-linux-gnu/ld-2.23.so
7fa594c2a000-7fa594c2c000 r--s 00000000 08:01 9637                       /home/fasih58/.m2/repository/aopalliance/aopalliance/1.0/aopalliance-1.0.jar
7fa594c2c000-7fa594c2e000 r--s 00007000 08:01 795902                     /usr/local/java/jdk1.8.0_111/jre/lib/jfxswt.jar
7fa594c2e000-7fa594c33000 r--s 00084000 08:01 795933                     /usr/local/java/jdk1.8.0_111/jre/lib/jfr.jar
7fa594c33000-7fa594c36000 r--s 0001a000 08:01 795952                     /usr/local/java/jdk1.8.0_111/jre/lib/jce.jar
7fa594c36000-7fa594d08000 rw-p 00000000 00:00 0 
7fa594d08000-7fa594d0b000 ---p 00000000 00:00 0 
7fa594d0b000-7fa594e0d000 rw-p 00000000 00:00 0 
7fa594e0d000-7fa594e0e000 r--s 00000000 08:01 795907                     /usr/local/java/jdk1.8.0_111/jre/lib/management-agent.jar
7fa594e0e000-7fa594e18000 r--s 0006c000 08:01 795940                     /usr/local/java/jdk1.8.0_111/jre/lib/javaws.jar
7fa594e18000-7fa594e1d000 r--s 002f9000 08:01 795821                     /usr/local/java/jdk1.8.0_111/jre/lib/charsets.jar
7fa594e1d000-7fa594e25000 rw-s 00000000 08:01 12769                      /tmp/hsperfdata_fasih58/8901
7fa594e25000-7fa594e26000 rw-p 00000000 00:00 0 
7fa594e26000-7fa594e27000 r--p 00000000 00:00 0 
7fa594e27000-7fa594e29000 rw-p 00000000 00:00 0 
7fa594e29000-7fa594e2a000 r--p 00025000 08:01 917989                     /lib/x86_64-linux-gnu/ld-2.23.so
7fa594e2a000-7fa594e2b000 rw-p 00026000 08:01 917989                     /lib/x86_64-linux-gnu/ld-2.23.so
7fa594e2b000-7fa594e2c000 rw-p 00000000 00:00 0 
7ffc67be5000-7ffc67c07000 rw-p 00000000 00:00 0                          [stack]
7ffc67d0b000-7ffc67d0d000 r--p 00000000 00:00 0                          [vvar]
7ffc67d0d000-7ffc67d0f000 r-xp 00000000 00:00 0                          [vdso]
ffffffffff600000-ffffffffff601000 r-xp 00000000 00:00 0                  [vsyscall]

VM Arguments:
jvm_args: -Didea.launcher.port=7534 -Didea.launcher.bin.path=/home/fasih58/Desktop/idea-IC-162.2228.15/bin -Dfile.encoding=UTF-8 
java_command: com.intellij.rt.execution.application.AppMain harvard.robobees.simbeeotic.Simbeeotic -s RandomBroadcastScenario.xml -w EmptyWorld.xml -l log4j.properties
java_class_path (initial): /usr/local/java/jdk1.8.0_111/jre/lib/charsets.jar:/usr/local/java/jdk1.8.0_111/jre/lib/deploy.jar:/usr/local/java/jdk1.8.0_111/jre/lib/ext/cldrdata.jar:/usr/local/java/jdk1.8.0_111/jre/lib/ext/dnsns.jar:/usr/local/java/jdk1.8.0_111/jre/lib/ext/jaccess.jar:/usr/local/java/jdk1.8.0_111/jre/lib/ext/jfxrt.jar:/usr/local/java/jdk1.8.0_111/jre/lib/ext/localedata.jar:/usr/local/java/jdk1.8.0_111/jre/lib/ext/nashorn.jar:/usr/local/java/jdk1.8.0_111/jre/lib/ext/sunec.jar:/usr/local/java/jdk1.8.0_111/jre/lib/ext/sunjce_provider.jar:/usr/local/java/jdk1.8.0_111/jre/lib/ext/sunpkcs11.jar:/usr/local/java/jdk1.8.0_111/jre/lib/ext/zipfs.jar:/usr/local/java/jdk1.8.0_111/jre/lib/javaws.jar:/usr/local/java/jdk1.8.0_111/jre/lib/jce.jar:/usr/local/java/jdk1.8.0_111/jre/lib/jfr.jar:/usr/local/java/jdk1.8.0_111/jre/lib/jfxswt.jar:/usr/local/java/jdk1.8.0_111/jre/lib/jsse.jar:/usr/local/java/jdk1.8.0_111/jre/lib/management-agent.jar:/usr/local/java/jdk1.8.0_111/jre/lib/plugin.jar:/usr/local/java/jdk1.8.0_111/jre/lib/resources.jar:/usr/local/java/jdk1.8.0_111/jre/lib/rt.jar:/home/fasih58/Desktop/Simbeeotic/simbeeotic/simbeeotic-app/target/classes:/home/fasih58/Desktop/Simbeeotic/simbeeotic/simbeeotic-core/target/classes:/home/fasih58/.m2/repository/com/google/inject/guice/2.0/guice-2.0.jar:/home/fasih58/.m2/repository/aopalliance/aopalliance/1.0/aopalliance-1.0.jar:/home/fasih58/.m2/repository/net/java/dev/java3d/vecmath/1.5.2/vecmath-1.5.2.jar:/home/fasih58/.m2/repository/cz/advel/jbullet/jbullet/20101010-BNK-3/jbullet-20101010-BNK-3.jar:/home/fasih58/.m2/repository/org/apache/commons/commons-math/2.1/commons-math-2.1.jar:/home/fasih58/.m2/repository/jfree/jfreechart/1.0.12/jfreechart-1.0.12.jar:/home/fasih58/.m2/repository/jfree/jcommon/1.0.15/jcommon-1.0.15.jar:/home/fasih58/Desktop/Simbeeotic/simbeeotic/simbeeotic-vis/target/classes:/home/fasih58/.m2/repository/net/java/dev/java3d/j3d-core/1.5.2/j3d-core-1.5.2.jar:/home/fasih58/.m2/repository/net/java/dev/j
Launcher Type: SUN_STANDARD

Environment Variables:
JAVA_HOME=/usr/local/java/jdk1.8.0_111
JRE_HOME=/usr/local/java/jre1.8.0_111
PATH=/home/fasih58/bin:/home/fasih58/.local/bin:/usr/local/sbin:/usr/local/bin:/usr/sbin:/usr/bin:/sbin:/bin:/usr/games:/usr/local/games:/snap/bin:/usr/local/java/jre1.8.0_111/bin:/usr/local/java/jdk1.8.0_111/bin
LD_LIBRARY_PATH=/usr/lib/jni
SHELL=/bin/bash
DISPLAY=:0

Signal Handlers:
SIGSEGV: [libjvm.so+0xac64b0], sa_mask[0]=11111111011111111101111111111110, sa_flags=SA_RESTART|SA_SIGINFO
SIGBUS: [libjvm.so+0xac64b0], sa_mask[0]=11111111011111111101111111111110, sa_flags=SA_RESTART|SA_SIGINFO
SIGFPE: [libjvm.so+0x91f950], sa_mask[0]=11111111011111111101111111111110, sa_flags=SA_RESTART|SA_SIGINFO
SIGPIPE: [libjvm.so+0x91f950], sa_mask[0]=11111111011111111101111111111110, sa_flags=SA_RESTART|SA_SIGINFO
SIGXFSZ: [libjvm.so+0x91f950], sa_mask[0]=11111111011111111101111111111110, sa_flags=SA_RESTART|SA_SIGINFO
SIGILL: [libjvm.so+0x91f950], sa_mask[0]=11111111011111111101111111111110, sa_flags=SA_RESTART|SA_SIGINFO
SIGUSR1: SIG_DFL, sa_mask[0]=00000000000000000000000000000000, sa_flags=none
SIGUSR2: [libjvm.so+0x920f80], sa_mask[0]=00100000000000000000000000000000, sa_flags=SA_RESTART|SA_SIGINFO
SIGHUP: [libjvm.so+0x922380], sa_mask[0]=11111111011111111101111111111110, sa_flags=SA_RESTART|SA_SIGINFO
SIGINT: [libjvm.so+0x922380], sa_mask[0]=11111111011111111101111111111110, sa_flags=SA_RESTART|SA_SIGINFO
SIGTERM: [libjvm.so+0x922380], sa_mask[0]=11111111011111111101111111111110, sa_flags=SA_RESTART|SA_SIGINFO
SIGQUIT: [libjvm.so+0x922380], sa_mask[0]=11111111011111111101111111111110, sa_flags=SA_RESTART|SA_SIGINFO


---------------  S Y S T E M  ---------------

OS:DISTRIB_ID=Ubuntu
DISTRIB_RELEASE=16.04
DISTRIB_CODENAME=xenial
DISTRIB_DESCRIPTION="Ubuntu 16.04.1 LTS"

uname:Linux 4.4.0-57-generic #78-Ubuntu SMP Fri Dec 9 23:50:32 UTC 2016 x86_64
libc:glibc 2.23 NPTL 2.23 
rlimit: STACK 8192k, CORE 0k, NPROC 11627, NOFILE 65536, AS infinity
load average:2.06 1.44 1.29

/proc/meminfo:
MemTotal:        3019164 kB
MemFree:          121280 kB
MemAvailable:      74596 kB
Buffers:            4572 kB
Cached:           113608 kB
SwapCached:        20588 kB
Active:          1876720 kB
Inactive:         537040 kB
Active(anon):    1832308 kB
Inactive(anon):   478952 kB
Active(file):      44412 kB
Inactive(file):    58088 kB
Unevictable:        3676 kB
Mlocked:            3676 kB
SwapTotal:       1046524 kB
SwapFree:           1548 kB
Dirty:               340 kB
Writeback:             0 kB
AnonPages:       2278748 kB
Mapped:            96292 kB
Shmem:             13220 kB
Slab:              91932 kB
SReclaimable:      30168 kB
SUnreclaim:        61764 kB
KernelStack:       12912 kB
PageTables:        35856 kB
NFS_Unstable:          0 kB
Bounce:                0 kB
WritebackTmp:          0 kB
CommitLimit:     2556104 kB
Committed_AS:    6581352 kB
VmallocTotal:   34359738367 kB
VmallocUsed:           0 kB
VmallocChunk:          0 kB
HardwareCorrupted:     0 kB
AnonHugePages:   1357824 kB
CmaTotal:              0 kB
CmaFree:               0 kB
HugePages_Total:       0
HugePages_Free:        0
HugePages_Rsvd:        0
HugePages_Surp:        0
Hugepagesize:       2048 kB
DirectMap4k:      149376 kB
DirectMap2M:     3020800 kB


CPU:total 1 (1 cores per cpu, 1 threads per core) family 6 model 58 stepping 9, cmov, cx8, fxsr, mmx, sse, sse2, sse3, ssse3, sse4.1, sse4.2, popcnt, avx, aes, clmul, erms, tsc, tscinvbit, tscinv

/proc/cpuinfo:
processor	: 0
vendor_id	: GenuineIntel
cpu family	: 6
model		: 58
model name	: Intel(R) Core(TM) i5-3337U CPU @ 1.80GHz
stepping	: 9
microcode	: 0x1b
cpu MHz		: 1795.920
cache size	: 3072 KB
physical id	: 0
siblings	: 1
core id		: 0
cpu cores	: 1
apicid		: 0
initial apicid	: 0
fpu		: yes
fpu_exception	: yes
cpuid level	: 13
wp		: yes
flags		: fpu vme de pse tsc msr pae mce cx8 apic sep mtrr pge mca cmov pat pse36 clflush dts mmx fxsr sse sse2 ss syscall nx rdtscp lm constant_tsc arch_perfmon pebs bts nopl xtopology tsc_reliable nonstop_tsc aperfmperf pni pclmulqdq ssse3 cx16 pcid sse4_1 sse4_2 x2apic popcnt tsc_deadline_timer aes xsave avx f16c rdrand hypervisor lahf_lm epb fsgsbase tsc_adjust smep dtherm ida arat pln pts
bugs		:
bogomips	: 3591.84
clflush size	: 64
cache_alignment	: 64
address sizes	: 42 bits physical, 48 bits virtual
power management:



Memory: 4k page, physical 3019164k(121280k free), swap 1046524k(1548k free)

vm_info: Java HotSpot(TM) 64-Bit Server VM (25.111-b14) for linux-amd64 JRE (1.8.0_111-b14), built on Sep 22 2016 16:14:03 by "java_re" with gcc 4.3.0 20080428 (Red Hat 4.3.0-8)

time: Sun Jan  1 20:49:54 2017
elapsed time: 10 seconds (0d 0h 0m 10s)

