#
# A fatal error has been detected by the Java Runtime Environment:
#
#  SIGSEGV (0xb) at pc=0x00007f7521674823, pid=4662, tid=0x00007f752225d700
#
# JRE version: Java(TM) SE Runtime Environment (8.0_111-b14) (build 1.8.0_111-b14)
# Java VM: Java HotSpot(TM) 64-Bit Server VM (25.111-b14 mixed mode linux-amd64 compressed oops)
# Problematic frame:
# C  [vmwgfx_dri.so+0x256823]
#
# Failed to write core dump. Core dumps have been disabled. To enable core dumping, try "ulimit -c unlimited" before starting Java again
#
# If you would like to submit a bug report, please visit:
#   http://bugreport.java.com/bugreport/crash.jsp
# The crash happened outside the Java Virtual Machine in native code.
# See problematic frame for where to report the bug.
#

---------------  T H R E A D  ---------------

Current thread (0x00007f7540038800):  JavaThread "J3D-Renderer-1" [_thread_in_native, id=4698, stack(0x00007f752215d000,0x00007f752225e000)]

siginfo: si_signo: 11 (SIGSEGV), si_code: 1 (SEGV_MAPERR), si_addr: 0x0000000000000728

Registers:
RAX=0x0000000000000000, RBX=0x00007f755473b950, RCX=0x0000000000000000, RDX=0x00007f752225c350
RSP=0x00007f752225c320, RBP=0x00007f752225c350, RSI=0x0000000000000000, RDI=0x00007f755473b950
R8 =0x0000000000000000, R9 =0x0000000000000000, R10=0x0000000000000000, R11=0x0000000000000000
R12=0x0000000000000000, R13=0x00007f755473b950, R14=0x0000000003400024, R15=0x00007f75400389f8
RIP=0x00007f7521674823, EFLAGS=0x0000000000010202, CSGSFS=0x0000000000000033, ERR=0x0000000000000004
  TRAPNO=0x000000000000000e

Top of Stack: (sp=0x00007f752225c320)
0x00007f752225c320:   0000000000000000 00007f755473b950
0x00007f752225c330:   0000000000000000 00007f755473d000
0x00007f752225c340:   00007f7521f5c1c8 00007f7521612b95
0x00007f752225c350:   00007f755473b950 0000000000000000
0x00007f752225c360:   00007f755473b950 a0c81e9832589400
0x00007f752225c370:   00007f7521f5c1c8 00007f7521f5c050
0x00007f752225c380:   00007f755473b950 00007f752160f8ad
0x00007f752225c390:   0000000000000001 00007f7554546ad0
0x00007f752225c3a0:   00007f75547459a0 00007f7554653a60
0x00007f752225c3b0:   00007f7554546ad0 00007f753c4109eb
0x00007f752225c3c0:   00007f7500000000 00007f7500000001
0x00007f752225c3d0:   0000000000000000 0000010054546ad0
0x00007f752225c3e0:   00007f752225c568 00007f7540038800
0x00007f752225c3f0:   000000082225c410 00007f753c8c40a8
0x00007f752225c400:   00007f752225c4e8 0000000000000000
0x00007f752225c410:   00007f753c8c40a8 00007f752225c570
0x00007f752225c420:   00007f7540038800 00007f75450179b4
0x00007f752225c430:   0000000000000000 0000000000000000
0x00007f752225c440:   0000000000000000 0000000000000001
0x00007f752225c450:   0000000000000000 00007f7559f1e59f
0x00007f752225c460:   00007f7540038800 00007f7540038800
0x00007f752225c470:   00007f7540038800 00007f751b692a50
0x00007f752225c480:   00007f753c8c40a8 0000000000000000
0x00007f752225c490:   00007f752225c4e8 00007f7545017747
0x00007f752225c4a0:   00007f7545017702 00007f752225c4a8
0x00007f752225c4b0:   00007f753c8c40a8 00007f752225c570
0x00007f752225c4c0:   00007f753c8cacf0 0000000000000000
0x00007f752225c4d0:   00007f753c8c40a8 0000000000000000
0x00007f752225c4e0:   00007f752225c508 00007f752225c5b8
0x00007f752225c4f0:   00007f7545007dd0 0000000000000000
0x00007f752225c500:   00007f7545011517 0000000000000000
0x00007f752225c510:   0000000000000001 0000000000000000 

Instructions: (pc=0x00007f7521674823)
0x00007f7521674803:   0f 1f 00 66 2e 0f 1f 84 00 00 00 00 00 41 55 41
0x00007f7521674813:   54 49 89 fd 55 53 49 89 f4 48 89 d5 48 83 ec 08
0x00007f7521674823:   48 8b 9e 28 07 00 00 48 85 db 75 12 eb 37 0f 1f
0x00007f7521674833:   80 00 00 00 00 48 8b 5b 28 48 85 db 74 27 ba 10 

Register to memory mapping:

RAX=0x0000000000000000 is an unknown value
RBX=0x00007f755473b950 is an unknown value
RCX=0x0000000000000000 is an unknown value
RDX=0x00007f752225c350 is pointing into the stack for thread: 0x00007f7540038800
RSP=0x00007f752225c320 is pointing into the stack for thread: 0x00007f7540038800
RBP=0x00007f752225c350 is pointing into the stack for thread: 0x00007f7540038800
RSI=0x0000000000000000 is an unknown value
RDI=0x00007f755473b950 is an unknown value
R8 =0x0000000000000000 is an unknown value
R9 =0x0000000000000000 is an unknown value
R10=0x0000000000000000 is an unknown value
R11=0x0000000000000000 is an unknown value
R12=0x0000000000000000 is an unknown value
R13=0x00007f755473b950 is an unknown value
R14=0x0000000003400024 is an unknown value
R15=0x00007f75400389f8 is an unknown value


Stack: [0x00007f752215d000,0x00007f752225e000],  sp=0x00007f752225c320,  free space=1020k
Native frames: (J=compiled Java code, j=interpreted, Vv=VM code, C=native code)
C  [vmwgfx_dri.so+0x256823]
C  0x0000000000000000

Java frames: (J=compiled Java code, j=interpreted, Vv=VM code)
j  javax.media.j3d.NativePipeline.createNewContext(Ljavax/media/j3d/Canvas3D;JJJJZZZZ)J+0
j  javax.media.j3d.NativePipeline.createNewContext(Ljavax/media/j3d/Canvas3D;JLjavax/media/j3d/Drawable;JLjavax/media/j3d/Context;ZZZZ)Ljavax/media/j3d/Context;+25
j  javax.media.j3d.Canvas3D.createNewContext(JLjavax/media/j3d/Drawable;JLjavax/media/j3d/Context;ZZZZ)Ljavax/media/j3d/Context;+18
j  javax.media.j3d.Canvas3D.createNewContext(Ljavax/media/j3d/Context;Z)Ljavax/media/j3d/Context;+36
j  javax.media.j3d.Renderer.doWork(J)V+3729
j  javax.media.j3d.J3dThread.run()V+19
v  ~StubRoutines::call_stub

---------------  P R O C E S S  ---------------

Java Threads: ( => current thread )
  0x00007f7540032000 JavaThread "J3D-InputDeviceScheduler-1" [_thread_blocked, id=4711, stack(0x00007f751ad60000,0x00007f751ae61000)]
  0x00007f7540030000 JavaThread "J3D-SoundSchedulerUpdateThread-1" [_thread_blocked, id=4710, stack(0x00007f751ae61000,0x00007f751af62000)]
  0x00007f754002e000 JavaThread "J3D-RenderStructureUpdateThread-1" [_thread_blocked, id=4709, stack(0x00007f751af62000,0x00007f751b063000)]
  0x00007f754002c000 JavaThread "J3D-BehaviorScheduler-1" [_thread_blocked, id=4708, stack(0x00007f751b063000,0x00007f751b164000)]
  0x00007f754002a000 JavaThread "J3D-TransformStructureUpdateThread-1" [_thread_blocked, id=4707, stack(0x00007f751b164000,0x00007f751b265000)]
  0x00007f754004a800 JavaThread "J3D-RenderingEnvironmentStructureUpdateThread-1" [_thread_blocked, id=4706, stack(0x00007f751b265000,0x00007f751b366000)]
  0x00007f7540048800 JavaThread "J3D-SoundStructureUpdateThread-1" [_thread_blocked, id=4705, stack(0x00007f751b366000,0x00007f751b467000)]
  0x00007f7540047000 JavaThread "J3D-GeometryStructureUpdateThread-1" [_thread_blocked, id=4704, stack(0x00007f751b467000,0x00007f751b568000)]
  0x00007f7540045800 JavaThread "J3D-BehaviorStructureUpdateThread-1" [_thread_blocked, id=4703, stack(0x00007f751b568000,0x00007f751b669000)]
  0x00007f75540f9000 JavaThread "AWT-EventQueue-0" [_thread_blocked, id=4701, stack(0x00007f751befa000,0x00007f751bffb000)]
  0x00007f75545fb000 JavaThread "AWT-Shutdown" [_thread_blocked, id=4700, stack(0x00007f751bffb000,0x00007f751c0fc000)]
  0x00007f75545ac800 JavaThread "Image Fetcher 0" daemon [_thread_blocked, id=4699, stack(0x00007f751c2fc000,0x00007f751c3fd000)]
=>0x00007f7540038800 JavaThread "J3D-Renderer-1" [_thread_in_native, id=4698, stack(0x00007f752215d000,0x00007f752225e000)]
  0x00007f7554586800 JavaThread "J3D-MasterControl-1" [_thread_blocked, id=4697, stack(0x00007f752225e000,0x00007f752235f000)]
  0x00007f7554584800 JavaThread "J3D-NotificationThread" [_thread_blocked, id=4696, stack(0x00007f752235f000,0x00007f7522460000)]
  0x00007f75544ca800 JavaThread "J3D-TimerThread" [_thread_blocked, id=4695, stack(0x00007f7522460000,0x00007f7522561000)]
  0x00007f75544be000 JavaThread "J3D-RenderingAttributesStructureUpdateThread" [_thread_blocked, id=4694, stack(0x00007f753c095000,0x00007f753c196000)]
  0x00007f7554463000 JavaThread "AWT-XAWT" daemon [_thread_blocked, id=4693, stack(0x00007f753c928000,0x00007f753ca29000)]
  0x00007f7554440000 JavaThread "Java2D Disposer" daemon [_thread_blocked, id=4692, stack(0x00007f753ce39000,0x00007f753cf3a000)]
  0x00007f75541b1000 JavaThread "Monitor Ctrl-Break" daemon [_thread_in_native, id=4679, stack(0x00007f753f5eb000,0x00007f753f6ec000)]
  0x00007f75540c7800 JavaThread "Service Thread" daemon [_thread_blocked, id=4671, stack(0x00007f753fa25000,0x00007f753fb26000)]
  0x00007f75540b2000 JavaThread "C1 CompilerThread1" daemon [_thread_blocked, id=4670, stack(0x00007f753fb26000,0x00007f753fc27000)]
  0x00007f75540b0000 JavaThread "C2 CompilerThread0" daemon [_thread_in_vm, id=4669, stack(0x00007f753fc27000,0x00007f753fd28000)]
  0x00007f75540ae800 JavaThread "Signal Dispatcher" daemon [_thread_blocked, id=4668, stack(0x00007f754403c000,0x00007f754413d000)]
  0x00007f755407b800 JavaThread "Finalizer" daemon [_thread_blocked, id=4667, stack(0x00007f754413d000,0x00007f754423e000)]
  0x00007f7554077000 JavaThread "Reference Handler" daemon [_thread_blocked, id=4666, stack(0x00007f754423e000,0x00007f754433f000)]
  0x00007f755400b000 JavaThread "main" [_thread_in_native, id=4664, stack(0x00007f755b38f000,0x00007f755b490000)]

Other Threads:
  0x00007f755406f800 VMThread [stack: 0x00007f754433f000,0x00007f7544440000] [id=4665]
  0x00007f75540cb000 WatcherThread [stack: 0x00007f753f924000,0x00007f753fa25000] [id=4672]

VM state:not at safepoint (normal execution)

VM Mutex/Monitor currently owned by a thread:  ([mutex/lock_event])
[0x00007f7554006880] CodeCache_lock - owner thread: 0x00007f75540b0000
[0x00007f7554007f00] Compile_lock - owner thread: 0x00007f75540b0000
[0x00007f7554008000] MethodCompileQueue_lock - owner thread: 0x00007f75540b0000

Heap:
 def new generation   total 16896K, used 11526K [0x00000000d1e00000, 0x00000000d3050000, 0x00000000e1400000)
  eden space 15040K,  76% used [0x00000000d1e00000, 0x00000000d2941b10, 0x00000000d2cb0000)
  from space 1856K,   0% used [0x00000000d2cb0000, 0x00000000d2cb0000, 0x00000000d2e80000)
  to   space 1856K,   0% used [0x00000000d2e80000, 0x00000000d2e80000, 0x00000000d3050000)
 tenured generation   total 37320K, used 22391K [0x00000000e1400000, 0x00000000e3872000, 0x0000000100000000)
   the space 37320K,  59% used [0x00000000e1400000, 0x00000000e29dde20, 0x00000000e29de000, 0x00000000e3872000)
 Metaspace       used 25583K, capacity 25820K, committed 26416K, reserved 1073152K
  class space    used 3185K, capacity 3261K, committed 3376K, reserved 1048576K

Card table byte_map: [0x00007f7544e8e000,0x00007f7545000000] byte_map_base: 0x00007f75447ff000

Polling page: 0x00007f755b4ad000

CodeCache: size=245760Kb used=5515Kb max_used=5528Kb free=240244Kb
 bounds [0x00007f7545000000, 0x00007f7545580000, 0x00007f7554000000]
 total_blobs=2369 nmethods=1609 adapters=670
 compilation: enabled

Compilation events (10 events):
Event: 13.578 Thread 0x00007f75540b2000 1700       3       java.io.BufferedInputStream::read1 (108 bytes)
Event: 13.579 Thread 0x00007f75540b2000 nmethod 1700 0x00007f7545284310 code [0x00007f7545284520, 0x00007f7545284dc8]
Event: 13.595 Thread 0x00007f75540b2000 1702       3       sun.awt.image.JPEGImageDecoder::sendPixels (40 bytes)
Event: 13.596 Thread 0x00007f75540b2000 nmethod 1702 0x00007f75452d7950 code [0x00007f75452d7ac0, 0x00007f75452d7da0]
Event: 13.596 Thread 0x00007f75540b2000 1701       3       java.lang.Double::isNaN (12 bytes)
Event: 13.596 Thread 0x00007f75540b2000 nmethod 1701 0x00007f754511c510 code [0x00007f754511c680, 0x00007f754511c830]
Event: 13.621 Thread 0x00007f75540b2000 1703   !   3       java.util.jar.JarVerifier::processEntry (528 bytes)
Event: 13.648 Thread 0x00007f75540b2000 nmethod 1703 0x00007f7545569490 code [0x00007f7545569a60, 0x00007f754556d878]
Event: 13.661 Thread 0x00007f75540b2000 1704       2       sun.awt.image.ByteInterleavedRaster::getDataElements (132 bytes)
Event: 13.662 Thread 0x00007f75540b2000 nmethod 1704 0x00007f75451ad290 code [0x00007f75451ad420, 0x00007f75451ad820]

GC Heap History (10 events):
Event: 11.561 GC heap before
{Heap before GC invocations=8 (full 0):
 def new generation   total 14784K, used 13200K [0x00000000d1e00000, 0x00000000d2e00000, 0x00000000e1400000)
  eden space 13184K, 100% used [0x00000000d1e00000, 0x00000000d2ae0000, 0x00000000d2ae0000)
  from space 1600K,   1% used [0x00000000d2ae0000, 0x00000000d2ae4108, 0x00000000d2c70000)
  to   space 1600K,   0% used [0x00000000d2c70000, 0x00000000d2c70000, 0x00000000d2e00000)
 tenured generation   total 32768K, used 31247K [0x00000000e1400000, 0x00000000e3400000, 0x0000000100000000)
   the space 32768K,  95% used [0x00000000e1400000, 0x00000000e3283e48, 0x00000000e3284000, 0x00000000e3400000)
 Metaspace       used 20460K, capacity 20660K, committed 20992K, reserved 1067008K
  class space    used 2459K, capacity 2549K, committed 2560K, reserved 1048576K
Event: 11.563 GC heap after
Heap after GC invocations=9 (full 0):
 def new generation   total 14784K, used 16K [0x00000000d1e00000, 0x00000000d2e00000, 0x00000000e1400000)
  eden space 13184K,   0% used [0x00000000d1e00000, 0x00000000d1e00000, 0x00000000d2ae0000)
  from space 1600K,   1% used [0x00000000d2c70000, 0x00000000d2c74108, 0x00000000d2e00000)
  to   space 1600K,   0% used [0x00000000d2ae0000, 0x00000000d2ae0000, 0x00000000d2c70000)
 tenured generation   total 32768K, used 31247K [0x00000000e1400000, 0x00000000e3400000, 0x0000000100000000)
   the space 32768K,  95% used [0x00000000e1400000, 0x00000000e3283e48, 0x00000000e3284000, 0x00000000e3400000)
 Metaspace       used 20460K, capacity 20660K, committed 20992K, reserved 1067008K
  class space    used 2459K, capacity 2549K, committed 2560K, reserved 1048576K
}
Event: 11.583 GC heap before
{Heap before GC invocations=9 (full 0):
 def new generation   total 14784K, used 13200K [0x00000000d1e00000, 0x00000000d2e00000, 0x00000000e1400000)
  eden space 13184K, 100% used [0x00000000d1e00000, 0x00000000d2ae0000, 0x00000000d2ae0000)
  from space 1600K,   1% used [0x00000000d2c70000, 0x00000000d2c74108, 0x00000000d2e00000)
  to   space 1600K,   0% used [0x00000000d2ae0000, 0x00000000d2ae0000, 0x00000000d2c70000)
 tenured generation   total 32768K, used 31247K [0x00000000e1400000, 0x00000000e3400000, 0x0000000100000000)
   the space 32768K,  95% used [0x00000000e1400000, 0x00000000e3283e48, 0x00000000e3284000, 0x00000000e3400000)
 Metaspace       used 20460K, capacity 20660K, committed 20992K, reserved 1067008K
  class space    used 2459K, capacity 2549K, committed 2560K, reserved 1048576K
Event: 11.584 GC heap after
Heap after GC invocations=10 (full 0):
 def new generation   total 14784K, used 16K [0x00000000d1e00000, 0x00000000d2e00000, 0x00000000e1400000)
  eden space 13184K,   0% used [0x00000000d1e00000, 0x00000000d1e00000, 0x00000000d2ae0000)
  from space 1600K,   1% used [0x00000000d2ae0000, 0x00000000d2ae4108, 0x00000000d2c70000)
  to   space 1600K,   0% used [0x00000000d2c70000, 0x00000000d2c70000, 0x00000000d2e00000)
 tenured generation   total 32768K, used 31247K [0x00000000e1400000, 0x00000000e3400000, 0x0000000100000000)
   the space 32768K,  95% used [0x00000000e1400000, 0x00000000e3283e48, 0x00000000e3284000, 0x00000000e3400000)
 Metaspace       used 20460K, capacity 20660K, committed 20992K, reserved 1067008K
  class space    used 2459K, capacity 2549K, committed 2560K, reserved 1048576K
}
Event: 11.604 GC heap before
{Heap before GC invocations=10 (full 0):
 def new generation   total 14784K, used 13200K [0x00000000d1e00000, 0x00000000d2e00000, 0x00000000e1400000)
  eden space 13184K, 100% used [0x00000000d1e00000, 0x00000000d2ae0000, 0x00000000d2ae0000)
  from space 1600K,   1% used [0x00000000d2ae0000, 0x00000000d2ae4108, 0x00000000d2c70000)
  to   space 1600K,   0% used [0x00000000d2c70000, 0x00000000d2c70000, 0x00000000d2e00000)
 tenured generation   total 32768K, used 31247K [0x00000000e1400000, 0x00000000e3400000, 0x0000000100000000)
   the space 32768K,  95% used [0x00000000e1400000, 0x00000000e3283e48, 0x00000000e3284000, 0x00000000e3400000)
 Metaspace       used 20460K, capacity 20660K, committed 20992K, reserved 1067008K
  class space    used 2459K, capacity 2549K, committed 2560K, reserved 1048576K
Event: 11.606 GC heap after
Heap after GC invocations=11 (full 0):
 def new generation   total 14784K, used 16K [0x00000000d1e00000, 0x00000000d2e00000, 0x00000000e1400000)
  eden space 13184K,   0% used [0x00000000d1e00000, 0x00000000d1e00000, 0x00000000d2ae0000)
  from space 1600K,   1% used [0x00000000d2c70000, 0x00000000d2c74108, 0x00000000d2e00000)
  to   space 1600K,   0% used [0x00000000d2ae0000, 0x00000000d2ae0000, 0x00000000d2c70000)
 tenured generation   total 32768K, used 31247K [0x00000000e1400000, 0x00000000e3400000, 0x0000000100000000)
   the space 32768K,  95% used [0x00000000e1400000, 0x00000000e3283e48, 0x00000000e3284000, 0x00000000e3400000)
 Metaspace       used 20460K, capacity 20660K, committed 20992K, reserved 1067008K
  class space    used 2459K, capacity 2549K, committed 2560K, reserved 1048576K
}
Event: 11.637 GC heap before
{Heap before GC invocations=11 (full 0):
 def new generation   total 14784K, used 8330K [0x00000000d1e00000, 0x00000000d2e00000, 0x00000000e1400000)
  eden space 13184K,  63% used [0x00000000d1e00000, 0x00000000d261e8a8, 0x00000000d2ae0000)
  from space 1600K,   1% used [0x00000000d2c70000, 0x00000000d2c74108, 0x00000000d2e00000)
  to   space 1600K,   0% used [0x00000000d2ae0000, 0x00000000d2ae0000, 0x00000000d2c70000)
 tenured generation   total 32768K, used 31247K [0x00000000e1400000, 0x00000000e3400000, 0x0000000100000000)
   the space 32768K,  95% used [0x00000000e1400000, 0x00000000e3283e48, 0x00000000e3284000, 0x00000000e3400000)
 Metaspace       used 20553K, capacity 20788K, committed 20992K, reserved 1067008K
  class space    used 2471K, capacity 2549K, committed 2560K, reserved 1048576K
Event: 11.639 GC heap after
Heap after GC invocations=12 (full 0):
 def new generation   total 14784K, used 26K [0x00000000d1e00000, 0x00000000d2e00000, 0x00000000e1400000)
  eden space 13184K,   0% used [0x00000000d1e00000, 0x00000000d1e00000, 0x00000000d2ae0000)
  from space 1600K,   1% used [0x00000000d2ae0000, 0x00000000d2ae6b48, 0x00000000d2c70000)
  to   space 1600K,   0% used [0x00000000d2c70000, 0x00000000d2c70000, 0x00000000d2e00000)
 tenured generation   total 32768K, used 31247K [0x00000000e1400000, 0x00000000e3400000, 0x0000000100000000)
   the space 32768K,  95% used [0x00000000e1400000, 0x00000000e3283e48, 0x00000000e3284000, 0x00000000e3400000)
 Metaspace       used 20553K, capacity 20788K, committed 20992K, reserved 1067008K
  class space    used 2471K, capacity 2549K, committed 2560K, reserved 1048576K
}
Event: 11.714 GC heap before
{Heap before GC invocations=12 (full 0):
 def new generation   total 14784K, used 9454K [0x00000000d1e00000, 0x00000000d2e00000, 0x00000000e1400000)
  eden space 13184K,  71% used [0x00000000d1e00000, 0x00000000d2734d10, 0x00000000d2ae0000)
  from space 1600K,   1% used [0x00000000d2ae0000, 0x00000000d2ae6b48, 0x00000000d2c70000)
  to   space 1600K,   0% used [0x00000000d2c70000, 0x00000000d2c70000, 0x00000000d2e00000)
 tenured generation   total 32768K, used 31247K [0x00000000e1400000, 0x00000000e3400000, 0x0000000100000000)
   the space 32768K,  95% used [0x00000000e1400000, 0x00000000e3283e48, 0x00000000e3284000, 0x00000000e3400000)
 Metaspace       used 20807K, capacity 21076K, committed 21296K, reserved 1069056K
  class space    used 2503K, capacity 2581K, committed 2608K, reserved 1048576K
Event: 11.741 GC heap after
Heap after GC invocations=13 (full 1):
 def new generation   total 16896K, used 0K [0x00000000d1e00000, 0x00000000d3050000, 0x00000000e1400000)
  eden space 15040K,   0% used [0x00000000d1e00000, 0x00000000d1e00000, 0x00000000d2cb0000)
  from space 1856K,   0% used [0x00000000d2cb0000, 0x00000000d2cb0000, 0x00000000d2e80000)
  to   space 1856K,   0% used [0x00000000d2e80000, 0x00000000d2e80000, 0x00000000d3050000)
 tenured generation   total 37320K, used 22391K [0x00000000e1400000, 0x00000000e3872000, 0x0000000100000000)
   the space 37320K,  59% used [0x00000000e1400000, 0x00000000e29dde20, 0x00000000e29de000, 0x00000000e3872000)
 Metaspace       used 20807K, capacity 21076K, committed 21296K, reserved 1069056K
  class space    used 2503K, capacity 2581K, committed 2608K, reserved 1048576K
}

Deoptimization events (10 events):
Event: 11.028 Thread 0x00007f75545ac800 Uncommon trap: reason=unstable_if action=reinterpret pc=0x00007f75454b2c94 method=java.io.BufferedInputStream.fill()V @ 219
Event: 11.028 Thread 0x00007f75545ac800 Uncommon trap: reason=unstable_if action=reinterpret pc=0x00007f75454cdd58 method=sun.awt.image.PNGFilterInputStream.read([BII)I @ 30
Event: 11.028 Thread 0x00007f75545ac800 Uncommon trap: reason=unstable_if action=reinterpret pc=0x00007f75454bf4f8 method=sun.awt.image.PNGImageDecoder.produceImage()V @ 867
Event: 11.618 Thread 0x00007f755400b000 Uncommon trap: reason=unstable_if action=reinterpret pc=0x00007f75454f8a8c method=sun.java2d.loops.OpaqueCopyArgbToAny.Blit(Lsun/java2d/SurfaceData;Lsun/java2d/SurfaceData;Ljava/awt/Composite;Lsun/java2d/pipe/Region;IIIIII)V @ 159
Event: 12.436 Thread 0x00007f755400b000 Uncommon trap: reason=bimorphic action=maybe_recompile pc=0x00007f75452c3878 method=java.util.HashMap.putVal(ILjava/lang/Object;Ljava/lang/Object;ZZ)Ljava/lang/Object; @ 253
Event: 12.437 Thread 0x00007f755400b000 Uncommon trap: reason=bimorphic action=maybe_recompile pc=0x00007f75452c3878 method=java.util.HashMap.putVal(ILjava/lang/Object;Ljava/lang/Object;ZZ)Ljava/lang/Object; @ 253
Event: 12.437 Thread 0x00007f755400b000 Uncommon trap: reason=bimorphic action=maybe_recompile pc=0x00007f75452c3878 method=java.util.HashMap.putVal(ILjava/lang/Object;Ljava/lang/Object;ZZ)Ljava/lang/Object; @ 253
Event: 12.437 Thread 0x00007f755400b000 Uncommon trap: reason=bimorphic action=maybe_recompile pc=0x00007f75452c3878 method=java.util.HashMap.putVal(ILjava/lang/Object;Ljava/lang/Object;ZZ)Ljava/lang/Object; @ 253
Event: 13.649 Thread 0x00007f755400b000 Uncommon trap: reason=unstable_if action=reinterpret pc=0x00007f75454fb3f0 method=java.awt.image.ComponentColorModel.getDataElements(ILjava/lang/Object;)Ljava/lang/Object; @ 2993
Event: 13.650 Thread 0x00007f755400b000 Uncommon trap: reason=unstable_if action=reinterpret pc=0x00007f75454d9b64 method=sun.awt.image.ByteInterleavedRaster.getDataElements(IILjava/lang/Object;)Ljava/lang/Object; @ 43

Internal exceptions (10 events):
Event: 3.607 Thread 0x00007f755400b000 Exception <a 'java/lang/ArrayIndexOutOfBoundsException'> (0x00000000d2582688) thrown at [/HUDSON3/workspace/8-2-build-linux-amd64/jdk8u111/7883/hotspot/src/share/vm/runtime/sharedRuntime.cpp, line 605]
Event: 4.785 Thread 0x00007f755400b000 Exception <a 'java/lang/ClassNotFoundException': com/sun/org/glassfish/hk2/osgiresourcelocator/ServiceLoader> (0x00000000d287e978) thrown at [/HUDSON3/workspace/8-2-build-linux-amd64/jdk8u111/7883/hotspot/src/share/vm/classfile/systemDictionary.cpp, line 
Event: 7.029 Thread 0x00007f755400b000 Exception <a 'java/lang/NoSuchFieldError': method resolution failed> (0x00000000d2044490) thrown at [/HUDSON3/workspace/8-2-build-linux-amd64/jdk8u111/7883/hotspot/src/share/vm/prims/methodHandles.cpp, line 1146]
Event: 7.039 Thread 0x00007f755400b000 Exception <a 'java/lang/NoSuchFieldError': method resolution failed> (0x00000000d2051bc8) thrown at [/HUDSON3/workspace/8-2-build-linux-amd64/jdk8u111/7883/hotspot/src/share/vm/prims/methodHandles.cpp, line 1146]
Event: 7.118 Thread 0x00007f755400b000 Exception <a 'java/io/FileNotFoundException'> (0x00000000d20d04f0) thrown at [/HUDSON3/workspace/8-2-build-linux-amd64/jdk8u111/7883/hotspot/src/share/vm/prims/jni.cpp, line 709]
Event: 7.118 Thread 0x00007f755400b000 Exception <a 'java/io/FileNotFoundException'> (0x00000000d20d0eb0) thrown at [/HUDSON3/workspace/8-2-build-linux-amd64/jdk8u111/7883/hotspot/src/share/vm/prims/jni.cpp, line 709]
Event: 8.406 Thread 0x00007f755400b000 Implicit null exception at 0x00007f75451e6cb3 to 0x00007f75451e7085
Event: 8.407 Thread 0x00007f755400b000 Implicit null exception at 0x00007f7545191036 to 0x00007f75451913e9
Event: 13.649 Thread 0x00007f755400b000 Implicit null exception at 0x00007f75454fad45 to 0x00007f75454fb3d5
Event: 13.650 Thread 0x00007f755400b000 Implicit null exception at 0x00007f75454d98e3 to 0x00007f75454d9b49

Events (10 events):
Event: 13.649 Thread 0x00007f755400b000 Uncommon trap: trap_request=0xffffff65 fr.pc=0x00007f75454fb3f0
Event: 13.649 Thread 0x00007f755400b000 DEOPT PACKING pc=0x00007f75454fb3f0 sp=0x00007f755b48d690
Event: 13.649 Thread 0x00007f755400b000 DEOPT UNPACKING pc=0x00007f7545005229 sp=0x00007f755b48d648 mode 2
Event: 13.649 Executing VM operation: RevokeBias
Event: 13.649 Executing VM operation: RevokeBias done
Event: 13.650 Thread 0x00007f755400b000 Uncommon trap: trap_request=0xffffff65 fr.pc=0x00007f75454d9b64
Event: 13.650 Thread 0x00007f755400b000 DEOPT PACKING pc=0x00007f75454d9b64 sp=0x00007f755b48cf60
Event: 13.650 Thread 0x00007f755400b000 DEOPT UNPACKING pc=0x00007f7545005229 sp=0x00007f755b48cf10 mode 2
Event: 13.652 Thread 0x00007f755400b000 DEOPT PACKING pc=0x00007f75454e2a8c sp=0x00007f755b48cfb0
Event: 13.652 Thread 0x00007f755400b000 DEOPT UNPACKING pc=0x00007f7545047633 sp=0x00007f755b48cd70 mode 0


Dynamic libraries:
00400000-00401000 r-xp 00000000 08:01 795971                             /usr/local/java/jdk1.8.0_111/jre/bin/java
00600000-00601000 rw-p 00000000 08:01 795971                             /usr/local/java/jdk1.8.0_111/jre/bin/java
006a9000-007c5000 rw-p 00000000 00:00 0                                  [heap]
d1e00000-d3050000 rw-p 00000000 00:00 0 
d3050000-e1400000 ---p 00000000 00:00 0 
e1400000-e3872000 rw-p 00000000 00:00 0 
e3872000-100000000 ---p 00000000 00:00 0 
100000000-10034c000 rw-p 00000000 00:00 0 
10034c000-140000000 ---p 00000000 00:00 0 
7f751a8ed000-7f751a924000 r-xp 00000000 08:01 672368                     /usr/lib/x86_64-linux-gnu/libtxc_dxtn_s2tc.so.0.0.0
7f751a924000-7f751ab23000 ---p 00037000 08:01 672368                     /usr/lib/x86_64-linux-gnu/libtxc_dxtn_s2tc.so.0.0.0
7f751ab23000-7f751ab24000 r--p 00036000 08:01 672368                     /usr/lib/x86_64-linux-gnu/libtxc_dxtn_s2tc.so.0.0.0
7f751ab24000-7f751ab25000 rw-p 00037000 08:01 672368                     /usr/lib/x86_64-linux-gnu/libtxc_dxtn_s2tc.so.0.0.0
7f751ab25000-7f751ab60000 r-xp 00000000 08:01 795835                     /usr/local/java/jdk1.8.0_111/jre/lib/amd64/libjpeg.so
7f751ab60000-7f751ad5f000 ---p 0003b000 08:01 795835                     /usr/local/java/jdk1.8.0_111/jre/lib/amd64/libjpeg.so
7f751ad5f000-7f751ad60000 rw-p 0003a000 08:01 795835                     /usr/local/java/jdk1.8.0_111/jre/lib/amd64/libjpeg.so
7f751ad60000-7f751ad63000 ---p 00000000 00:00 0 
7f751ad63000-7f751ae61000 rw-p 00000000 00:00 0 
7f751ae61000-7f751ae64000 ---p 00000000 00:00 0 
7f751ae64000-7f751af62000 rw-p 00000000 00:00 0 
7f751af62000-7f751af65000 ---p 00000000 00:00 0 
7f751af65000-7f751b063000 rw-p 00000000 00:00 0 
7f751b063000-7f751b066000 ---p 00000000 00:00 0 
7f751b066000-7f751b164000 rw-p 00000000 00:00 0 
7f751b164000-7f751b167000 ---p 00000000 00:00 0 
7f751b167000-7f751b265000 rw-p 00000000 00:00 0 
7f751b265000-7f751b268000 ---p 00000000 00:00 0 
7f751b268000-7f751b366000 rw-p 00000000 00:00 0 
7f751b366000-7f751b369000 ---p 00000000 00:00 0 
7f751b369000-7f751b467000 rw-p 00000000 00:00 0 
7f751b467000-7f751b46a000 ---p 00000000 00:00 0 
7f751b46a000-7f751b568000 rw-p 00000000 00:00 0 
7f751b568000-7f751b56b000 ---p 00000000 00:00 0 
7f751b56b000-7f751b6e9000 rw-p 00000000 00:00 0 
7f751b6e9000-7f751b869000 ---p 00000000 00:00 0 
7f751b869000-7f751b8d2000 r-xp 00000000 08:01 795894                     /usr/local/java/jdk1.8.0_111/jre/lib/amd64/libt2k.so
7f751b8d2000-7f751bad2000 ---p 00069000 08:01 795894                     /usr/local/java/jdk1.8.0_111/jre/lib/amd64/libt2k.so
7f751bad2000-7f751bad9000 rw-p 00069000 08:01 795894                     /usr/local/java/jdk1.8.0_111/jre/lib/amd64/libt2k.so
7f751bad9000-7f751bae9000 rw-p 00000000 00:00 0 
7f751bae9000-7f751bafa000 r-xp 00000000 08:01 795864                     /usr/local/java/jdk1.8.0_111/jre/lib/amd64/libnio.so
7f751bafa000-7f751bcf9000 ---p 00011000 08:01 795864                     /usr/local/java/jdk1.8.0_111/jre/lib/amd64/libnio.so
7f751bcf9000-7f751bcfa000 rw-p 00010000 08:01 795864                     /usr/local/java/jdk1.8.0_111/jre/lib/amd64/libnio.so
7f751bcfa000-7f751befa000 rw-p 00000000 00:00 0 
7f751befa000-7f751befd000 ---p 00000000 00:00 0 
7f751befd000-7f751bffb000 rw-p 00000000 00:00 0 
7f751bffb000-7f751bffe000 ---p 00000000 00:00 0 
7f751bffe000-7f751c2fc000 rw-p 00000000 00:00 0 
7f751c2fc000-7f751c2ff000 ---p 00000000 00:00 0 
7f751c2ff000-7f751c3fd000 rw-p 00000000 00:00 0 
7f751c3fd000-7f751d3fd000 rw-s 10f4f3000 00:06 361                       /dev/dri/card0
7f751d3fd000-7f751d410000 r-xp 00000000 08:01 918009                     /lib/x86_64-linux-gnu/libbsd.so.0.8.2
7f751d410000-7f751d60f000 ---p 00013000 08:01 918009                     /lib/x86_64-linux-gnu/libbsd.so.0.8.2
7f751d60f000-7f751d610000 r--p 00012000 08:01 918009                     /lib/x86_64-linux-gnu/libbsd.so.0.8.2
7f751d610000-7f751d611000 rw-p 00013000 08:01 918009                     /lib/x86_64-linux-gnu/libbsd.so.0.8.2
7f751d611000-7f751d612000 rw-p 00000000 00:00 0 
7f751d612000-7f751d637000 r-xp 00000000 08:01 918124                     /lib/x86_64-linux-gnu/libtinfo.so.5.9
7f751d637000-7f751d836000 ---p 00025000 08:01 918124                     /lib/x86_64-linux-gnu/libtinfo.so.5.9
7f751d836000-7f751d83a000 r--p 00024000 08:01 918124                     /lib/x86_64-linux-gnu/libtinfo.so.5.9
7f751d83a000-7f751d83b000 rw-p 00028000 08:01 918124                     /lib/x86_64-linux-gnu/libtinfo.so.5.9
7f751d83b000-7f751d86c000 r-xp 00000000 08:01 668227                     /usr/lib/x86_64-linux-gnu/libedit.so.2.0.53
7f751d86c000-7f751da6c000 ---p 00031000 08:01 668227                     /usr/lib/x86_64-linux-gnu/libedit.so.2.0.53
7f751da6c000-7f751da6e000 r--p 00031000 08:01 668227                     /usr/lib/x86_64-linux-gnu/libedit.so.2.0.53
7f751da6e000-7f751da6f000 rw-p 00033000 08:01 668227                     /usr/lib/x86_64-linux-gnu/libedit.so.2.0.53
7f751da6f000-7f751da73000 rw-p 00000000 00:00 0 
7f751da73000-7f751da7a000 r-xp 00000000 08:01 657789                     /usr/lib/x86_64-linux-gnu/libffi.so.6.0.4
7f751da7a000-7f751dc79000 ---p 00007000 08:01 657789                     /usr/lib/x86_64-linux-gnu/libffi.so.6.0.4
7f751dc79000-7f751dc7a000 r--p 00006000 08:01 657789                     /usr/lib/x86_64-linux-gnu/libffi.so.6.0.4
7f751dc7a000-7f751dc7b000 rw-p 00007000 08:01 657789                     /usr/lib/x86_64-linux-gnu/libffi.so.6.0.4
7f751dc7b000-7f751dc94000 r-xp 00000000 08:01 918136                     /lib/x86_64-linux-gnu/libz.so.1.2.8
7f751dc94000-7f751de93000 ---p 00019000 08:01 918136                     /lib/x86_64-linux-gnu/libz.so.1.2.8
7f751de93000-7f751de94000 r--p 00018000 08:01 918136                     /lib/x86_64-linux-gnu/libz.so.1.2.8
7f751de94000-7f751de95000 rw-p 00019000 08:01 918136                     /lib/x86_64-linux-gnu/libz.so.1.2.8
7f751de95000-7f751e007000 r-xp 00000000 08:01 656556                     /usr/lib/x86_64-linux-gnu/libstdc++.so.6.0.21
7f751e007000-7f751e207000 ---p 00172000 08:01 656556                     /usr/lib/x86_64-linux-gnu/libstdc++.so.6.0.21
7f751e207000-7f751e211000 r--p 00172000 08:01 656556                     /usr/lib/x86_64-linux-gnu/libstdc++.so.6.0.21
7f751e211000-7f751e213000 rw-p 0017c000 08:01 656556                     /usr/lib/x86_64-linux-gnu/libstdc++.so.6.0.21
7f751e213000-7f751e217000 rw-p 00000000 00:00 0 
7f751e217000-7f7520709000 r-xp 00000000 08:01 670467                     /usr/lib/x86_64-linux-gnu/libLLVM-3.8.so.1
7f7520709000-7f7520909000 ---p 024f2000 08:01 670467                     /usr/lib/x86_64-linux-gnu/libLLVM-3.8.so.1
7f7520909000-7f7520bbe000 r--p 024f2000 08:01 670467                     /usr/lib/x86_64-linux-gnu/libLLVM-3.8.so.1
7f7520bbe000-7f7520bc0000 rw-p 027a7000 08:01 670467                     /usr/lib/x86_64-linux-gnu/libLLVM-3.8.so.1
7f7520bc0000-7f7520bea000 rw-p 00000000 00:00 0 
7f7520bea000-7f7520c01000 r-xp 00000000 08:01 668230                     /usr/lib/x86_64-linux-gnu/libelf-0.165.so
7f7520c01000-7f7520e00000 ---p 00017000 08:01 668230                     /usr/lib/x86_64-linux-gnu/libelf-0.165.so
7f7520e00000-7f7520e01000 r--p 00016000 08:01 668230                     /usr/lib/x86_64-linux-gnu/libelf-0.165.so
7f7520e01000-7f7520e02000 rw-p 00017000 08:01 668230                     /usr/lib/x86_64-linux-gnu/libelf-0.165.so
7f7520e02000-7f7520e09000 r-xp 00000000 08:01 668226                     /usr/lib/x86_64-linux-gnu/libdrm_amdgpu.so.1.0.0
7f7520e09000-7f7521008000 ---p 00007000 08:01 668226                     /usr/lib/x86_64-linux-gnu/libdrm_amdgpu.so.1.0.0
7f7521008000-7f7521009000 r--p 00006000 08:01 668226                     /usr/lib/x86_64-linux-gnu/libdrm_amdgpu.so.1.0.0
7f7521009000-7f752100a000 rw-p 00007000 08:01 668226                     /usr/lib/x86_64-linux-gnu/libdrm_amdgpu.so.1.0.0
7f752100a000-7f7521015000 r-xp 00000000 08:01 670460                     /usr/lib/x86_64-linux-gnu/libdrm_radeon.so.1.0.1
7f7521015000-7f7521214000 ---p 0000b000 08:01 670460                     /usr/lib/x86_64-linux-gnu/libdrm_radeon.so.1.0.1
7f7521214000-7f7521215000 r--p 0000a000 08:01 670460                     /usr/lib/x86_64-linux-gnu/libdrm_radeon.so.1.0.1
7f7521215000-7f7521216000 rw-p 0000b000 08:01 670460                     /usr/lib/x86_64-linux-gnu/libdrm_radeon.so.1.0.1
7f7521216000-7f752121d000 r-xp 00000000 08:01 670466                     /usr/lib/x86_64-linux-gnu/libdrm_nouveau.so.2.0.0
7f752121d000-7f752141c000 ---p 00007000 08:01 670466                     /usr/lib/x86_64-linux-gnu/libdrm_nouveau.so.2.0.0
7f752141c000-7f752141d000 r--p 00006000 08:01 670466                     /usr/lib/x86_64-linux-gnu/libdrm_nouveau.so.2.0.0
7f752141d000-7f752141e000 rw-p 00007000 08:01 670466                     /usr/lib/x86_64-linux-gnu/libdrm_nouveau.so.2.0.0
7f752141e000-7f7521ce5000 r-xp 00000000 08:01 670472                     /usr/lib/x86_64-linux-gnu/dri/vmwgfx_dri.so
7f7521ce5000-7f7521ee4000 ---p 008c7000 08:01 670472                     /usr/lib/x86_64-linux-gnu/dri/vmwgfx_dri.so
7f7521ee4000-7f7521f58000 r--p 008c6000 08:01 670472                     /usr/lib/x86_64-linux-gnu/dri/vmwgfx_dri.so
7f7521f58000-7f7521f67000 rw-p 0093a000 08:01 670472                     /usr/lib/x86_64-linux-gnu/dri/vmwgfx_dri.so
7f7521f67000-7f752215d000 rw-p 00000000 00:00 0 
7f752215d000-7f7522160000 ---p 00000000 00:00 0 
7f7522160000-7f752225e000 rw-p 00000000 00:00 0 
7f752225e000-7f7522261000 ---p 00000000 00:00 0 
7f7522261000-7f752235f000 rw-p 00000000 00:00 0 
7f752235f000-7f7522362000 ---p 00000000 00:00 0 
7f7522362000-7f7522460000 rw-p 00000000 00:00 0 
7f7522460000-7f7522463000 ---p 00000000 00:00 0 
7f7522463000-7f7522761000 rw-p 00000000 00:00 0 
7f7522761000-7f752276f000 r-xp 00000000 08:01 685601                     /usr/lib/x86_64-linux-gnu/libdrm.so.2.4.0
7f752276f000-7f752296e000 ---p 0000e000 08:01 685601                     /usr/lib/x86_64-linux-gnu/libdrm.so.2.4.0
7f752296e000-7f752296f000 r--p 0000d000 08:01 685601                     /usr/lib/x86_64-linux-gnu/libdrm.so.2.4.0
7f752296f000-7f7522970000 rw-p 0000e000 08:01 685601                     /usr/lib/x86_64-linux-gnu/libdrm.so.2.4.0
7f7522970000-7f7522975000 r-xp 00000000 08:01 670953                     /usr/lib/x86_64-linux-gnu/libXxf86vm.so.1.0.0
7f7522975000-7f7522b74000 ---p 00005000 08:01 670953                     /usr/lib/x86_64-linux-gnu/libXxf86vm.so.1.0.0
7f7522b74000-7f7522b75000 r--p 00004000 08:01 670953                     /usr/lib/x86_64-linux-gnu/libXxf86vm.so.1.0.0
7f7522b75000-7f7522b76000 rw-p 00005000 08:01 670953                     /usr/lib/x86_64-linux-gnu/libXxf86vm.so.1.0.0
7f7522b76000-7f7522b7a000 r-xp 00000000 08:01 670444                     /usr/lib/x86_64-linux-gnu/libxcb-dri2.so.0.0.0
7f7522b7a000-7f7522d79000 ---p 00004000 08:01 670444                     /usr/lib/x86_64-linux-gnu/libxcb-dri2.so.0.0.0
7f7522d79000-7f7522d7a000 r--p 00003000 08:01 670444                     /usr/lib/x86_64-linux-gnu/libxcb-dri2.so.0.0.0
7f7522d7a000-7f7522d7b000 rw-p 00004000 08:01 670444                     /usr/lib/x86_64-linux-gnu/libxcb-dri2.so.0.0.0
7f7522d7b000-7f7522d92000 r-xp 00000000 08:01 670951                     /usr/lib/x86_64-linux-gnu/libxcb-glx.so.0.0.0
7f7522d92000-7f7522f91000 ---p 00017000 08:01 670951                     /usr/lib/x86_64-linux-gnu/libxcb-glx.so.0.0.0
7f7522f91000-7f7522f93000 r--p 00016000 08:01 670951                     /usr/lib/x86_64-linux-gnu/libxcb-glx.so.0.0.0
7f7522f93000-7f7522f94000 rw-p 00018000 08:01 670951                     /usr/lib/x86_64-linux-gnu/libxcb-glx.so.0.0.0
7f7522f94000-7f7522f95000 r-xp 00000000 08:01 670442                     /usr/lib/x86_64-linux-gnu/libX11-xcb.so.1.0.0
7f7522f95000-7f7523194000 ---p 00001000 08:01 670442                     /usr/lib/x86_64-linux-gnu/libX11-xcb.so.1.0.0
7f7523194000-7f7523195000 r--p 00000000 08:01 670442                     /usr/lib/x86_64-linux-gnu/libX11-xcb.so.1.0.0
7f7523195000-7f7523196000 rw-p 00001000 08:01 670442                     /usr/lib/x86_64-linux-gnu/libX11-xcb.so.1.0.0
7f7523196000-7f7523198000 r-xp 00000000 08:01 670496                     /usr/lib/x86_64-linux-gnu/libXdamage.so.1.1.0
7f7523198000-7f7523397000 ---p 00002000 08:01 670496                     /usr/lib/x86_64-linux-gnu/libXdamage.so.1.1.0
7f7523397000-7f7523398000 r--p 00001000 08:01 670496                     /usr/lib/x86_64-linux-gnu/libXdamage.so.1.1.0
7f7523398000-7f7523399000 rw-p 00002000 08:01 670496                     /usr/lib/x86_64-linux-gnu/libXdamage.so.1.1.0
7f7523399000-7f75233c2000 r-xp 00000000 08:01 670948                     /usr/lib/x86_64-linux-gnu/libglapi.so.0.0.0
7f75233c2000-7f75235c1000 ---p 00029000 08:01 670948                     /usr/lib/x86_64-linux-gnu/libglapi.so.0.0.0
7f75235c1000-7f75235c5000 r--p 00028000 08:01 670948                     /usr/lib/x86_64-linux-gnu/libglapi.so.0.0.0
7f75235c5000-7f75235c6000 rw-p 0002c000 08:01 670948                     /usr/lib/x86_64-linux-gnu/libglapi.so.0.0.0
7f75235c6000-7f75235c7000 rw-p 00000000 00:00 0 
7f75235c7000-7f75235c8000 r-xp 00000000 08:01 670454                     /usr/lib/x86_64-linux-gnu/libxshmfence.so.1.0.0
7f75235c8000-7f75237c8000 ---p 00001000 08:01 670454                     /usr/lib/x86_64-linux-gnu/libxshmfence.so.1.0.0
7f75237c8000-7f75237c9000 r--p 00001000 08:01 670454                     /usr/lib/x86_64-linux-gnu/libxshmfence.so.1.0.0
7f75237c9000-7f75237ca000 rw-p 00002000 08:01 670454                     /usr/lib/x86_64-linux-gnu/libxshmfence.so.1.0.0
7f75237ca000-7f75237cf000 r-xp 00000000 08:01 670450                     /usr/lib/x86_64-linux-gnu/libxcb-sync.so.1.0.0
7f75237cf000-7f75239cf000 ---p 00005000 08:01 670450                     /usr/lib/x86_64-linux-gnu/libxcb-sync.so.1.0.0
7f75239cf000-7f75239d0000 r--p 00005000 08:01 670450                     /usr/lib/x86_64-linux-gnu/libxcb-sync.so.1.0.0
7f75239d0000-7f75239d1000 rw-p 00006000 08:01 670450                     /usr/lib/x86_64-linux-gnu/libxcb-sync.so.1.0.0
7f75239d1000-7f75239d3000 r-xp 00000000 08:01 670448                     /usr/lib/x86_64-linux-gnu/libxcb-present.so.0.0.0
7f75239d3000-7f7523bd2000 ---p 00002000 08:01 670448                     /usr/lib/x86_64-linux-gnu/libxcb-present.so.0.0.0
7f7523bd2000-7f7523bd3000 r--p 00001000 08:01 670448                     /usr/lib/x86_64-linux-gnu/libxcb-present.so.0.0.0
7f7523bd3000-7f7523bd4000 rw-p 00002000 08:01 670448                     /usr/lib/x86_64-linux-gnu/libxcb-present.so.0.0.0
7f7523bd4000-7f7523bd6000 r-xp 00000000 08:01 670446                     /usr/lib/x86_64-linux-gnu/libxcb-dri3.so.0.0.0
7f7523bd6000-7f7523dd5000 ---p 00002000 08:01 670446                     /usr/lib/x86_64-linux-gnu/libxcb-dri3.so.0.0.0
7f7523dd5000-7f7523dd6000 r--p 00001000 08:01 670446                     /usr/lib/x86_64-linux-gnu/libxcb-dri3.so.0.0.0
7f7523dd6000-7f7523dd7000 rw-p 00002000 08:01 670446                     /usr/lib/x86_64-linux-gnu/libxcb-dri3.so.0.0.0
7f7523dd7000-7f7523dfd000 r-xp 00000000 08:01 918034                     /lib/x86_64-linux-gnu/libexpat.so.1.6.0
7f7523dfd000-7f7523ffd000 ---p 00026000 08:01 918034                     /lib/x86_64-linux-gnu/libexpat.so.1.6.0
7f7523ffd000-7f7523fff000 r--p 00026000 08:01 918034                     /lib/x86_64-linux-gnu/libexpat.so.1.6.0
7f7523fff000-7f7524000000 rw-p 00028000 08:01 918034                     /lib/x86_64-linux-gnu/libexpat.so.1.6.0
7f7524000000-7f7524623000 rw-p 00000000 00:00 0 
7f7524623000-7f7528000000 ---p 00000000 00:00 0 
7f7528000000-7f7528095000 rw-p 00000000 00:00 0 
7f7528095000-7f752c000000 ---p 00000000 00:00 0 
7f752c000000-7f752c03c000 rw-p 00000000 00:00 0 
7f752c03c000-7f7530000000 ---p 00000000 00:00 0 
7f7530000000-7f753051a000 rw-p 00000000 00:00 0 
7f753051a000-7f7534000000 ---p 00000000 00:00 0 
7f7534000000-7f7534021000 rw-p 00000000 00:00 0 
7f7534021000-7f7538000000 ---p 00000000 00:00 0 
7f7538000000-7f7538021000 rw-p 00000000 00:00 0 
7f7538021000-7f753c000000 ---p 00000000 00:00 0 
7f753c075000-7f753c093000 r-xp 00000000 08:01 917528                     /lib/x86_64-linux-gnu/libudev.so.1.6.4
7f753c093000-7f753c094000 r--p 0001d000 08:01 917528                     /lib/x86_64-linux-gnu/libudev.so.1.6.4
7f753c094000-7f753c095000 rw-p 0001e000 08:01 917528                     /lib/x86_64-linux-gnu/libudev.so.1.6.4
7f753c095000-7f753c098000 ---p 00000000 00:00 0 
7f753c098000-7f753c196000 rw-p 00000000 00:00 0 
7f753c196000-7f753c203000 r-xp 00000000 08:01 670958                     /usr/lib/x86_64-linux-gnu/mesa/libGL.so.1.2.0
7f753c203000-7f753c402000 ---p 0006d000 08:01 670958                     /usr/lib/x86_64-linux-gnu/mesa/libGL.so.1.2.0
7f753c402000-7f753c405000 r--p 0006c000 08:01 670958                     /usr/lib/x86_64-linux-gnu/mesa/libGL.so.1.2.0
7f753c405000-7f753c406000 rw-p 0006f000 08:01 670958                     /usr/lib/x86_64-linux-gnu/mesa/libGL.so.1.2.0
7f753c406000-7f753c407000 rw-p 00000000 00:00 0 
7f753c407000-7f753c427000 r-xp 00000000 08:01 662182                     /usr/lib/jni/libj3dcore-ogl.so
7f753c427000-7f753c526000 ---p 00020000 08:01 662182                     /usr/lib/jni/libj3dcore-ogl.so
7f753c526000-7f753c527000 rw-p 0001f000 08:01 662182                     /usr/lib/jni/libj3dcore-ogl.so
7f753c527000-7f753c528000 r-xp 00000000 08:01 795886                     /usr/local/java/jdk1.8.0_111/jre/lib/amd64/libjawt.so
7f753c528000-7f753c727000 ---p 00001000 08:01 795886                     /usr/local/java/jdk1.8.0_111/jre/lib/amd64/libjawt.so
7f753c727000-7f753c728000 rw-p 00000000 08:01 795886                     /usr/local/java/jdk1.8.0_111/jre/lib/amd64/libjawt.so
7f753c728000-7f753c928000 rw-p 00000000 00:00 0 
7f753c928000-7f753c92b000 ---p 00000000 00:00 0 
7f753c92b000-7f753ca29000 rw-p 00000000 00:00 0 
7f753ca29000-7f753ca2e000 r-xp 00000000 08:01 670492                     /usr/lib/x86_64-linux-gnu/libXfixes.so.3.1.0
7f753ca2e000-7f753cc2d000 ---p 00005000 08:01 670492                     /usr/lib/x86_64-linux-gnu/libXfixes.so.3.1.0
7f753cc2d000-7f753cc2e000 r--p 00004000 08:01 670492                     /usr/lib/x86_64-linux-gnu/libXfixes.so.3.1.0
7f753cc2e000-7f753cc2f000 rw-p 00005000 08:01 670492                     /usr/lib/x86_64-linux-gnu/libXfixes.so.3.1.0
7f753cc2f000-7f753cc38000 r-xp 00000000 08:01 670494                     /usr/lib/x86_64-linux-gnu/libXcursor.so.1.0.2
7f753cc38000-7f753ce37000 ---p 00009000 08:01 670494                     /usr/lib/x86_64-linux-gnu/libXcursor.so.1.0.2
7f753ce37000-7f753ce38000 r--p 00008000 08:01 670494                     /usr/lib/x86_64-linux-gnu/libXcursor.so.1.0.2
7f753ce38000-7f753ce39000 rw-p 00009000 08:01 670494                     /usr/lib/x86_64-linux-gnu/libXcursor.so.1.0.2
7f753ce39000-7f753ce3c000 ---p 00000000 00:00 0 
7f753ce3c000-7f753cf3a000 rw-p 00000000 00:00 0 
7f753cf3a000-7f753cf50000 r-xp 00000000 08:01 918039                     /lib/x86_64-linux-gnu/libgcc_s.so.1
7f753cf50000-7f753d14f000 ---p 00016000 08:01 918039                     /lib/x86_64-linux-gnu/libgcc_s.so.1
7f753d14f000-7f753d150000 rw-p 00015000 08:01 918039                     /lib/x86_64-linux-gnu/libgcc_s.so.1
7f753d150000-7f753d1b5000 r-xp 00000000 08:01 795858                     /usr/local/java/jdk1.8.0_111/jre/lib/amd64/libfontmanager.so
7f753d1b5000-7f753d3b4000 ---p 00065000 08:01 795858                     /usr/local/java/jdk1.8.0_111/jre/lib/amd64/libfontmanager.so
7f753d3b4000-7f753d3b9000 rw-p 00064000 08:01 795858                     /usr/local/java/jdk1.8.0_111/jre/lib/amd64/libfontmanager.so
7f753d3b9000-7f753d5c9000 rw-p 00000000 00:00 0 
7f753d5c9000-7f753d5ce000 r-xp 00000000 08:01 667659                     /usr/lib/x86_64-linux-gnu/libXdmcp.so.6.0.0
7f753d5ce000-7f753d7cd000 ---p 00005000 08:01 667659                     /usr/lib/x86_64-linux-gnu/libXdmcp.so.6.0.0
7f753d7cd000-7f753d7ce000 r--p 00004000 08:01 667659                     /usr/lib/x86_64-linux-gnu/libXdmcp.so.6.0.0
7f753d7ce000-7f753d7cf000 rw-p 00005000 08:01 667659                     /usr/lib/x86_64-linux-gnu/libXdmcp.so.6.0.0
7f753d7cf000-7f753d7d1000 r-xp 00000000 08:01 667657                     /usr/lib/x86_64-linux-gnu/libXau.so.6.0.0
7f753d7d1000-7f753d9d1000 ---p 00002000 08:01 667657                     /usr/lib/x86_64-linux-gnu/libXau.so.6.0.0
7f753d9d1000-7f753d9d2000 r--p 00002000 08:01 667657                     /usr/lib/x86_64-linux-gnu/libXau.so.6.0.0
7f753d9d2000-7f753d9d3000 rw-p 00003000 08:01 667657                     /usr/lib/x86_64-linux-gnu/libXau.so.6.0.0
7f753d9d3000-7f753d9f4000 r-xp 00000000 08:01 667661                     /usr/lib/x86_64-linux-gnu/libxcb.so.1.1.0
7f753d9f4000-7f753dbf3000 ---p 00021000 08:01 667661                     /usr/lib/x86_64-linux-gnu/libxcb.so.1.1.0
7f753dbf3000-7f753dbf4000 r--p 00020000 08:01 667661                     /usr/lib/x86_64-linux-gnu/libxcb.so.1.1.0
7f753dbf4000-7f753dbf5000 rw-p 00021000 08:01 667661                     /usr/lib/x86_64-linux-gnu/libxcb.so.1.1.0
7f753dbf5000-7f753dc04000 r-xp 00000000 08:01 670498                     /usr/lib/x86_64-linux-gnu/libXi.so.6.1.0
7f753dc04000-7f753de03000 ---p 0000f000 08:01 670498                     /usr/lib/x86_64-linux-gnu/libXi.so.6.1.0
7f753de03000-7f753de04000 r--p 0000e000 08:01 670498                     /usr/lib/x86_64-linux-gnu/libXi.so.6.1.0
7f753de04000-7f753de05000 rw-p 0000f000 08:01 670498                     /usr/lib/x86_64-linux-gnu/libXi.so.6.1.0
7f753de05000-7f753de0a000 r-xp 00000000 08:01 671430                     /usr/lib/x86_64-linux-gnu/libXtst.so.6.1.0
7f753de0a000-7f753e009000 ---p 00005000 08:01 671430                     /usr/lib/x86_64-linux-gnu/libXtst.so.6.1.0
7f753e009000-7f753e00a000 r--p 00004000 08:01 671430                     /usr/lib/x86_64-linux-gnu/libXtst.so.6.1.0
7f753e00a000-7f753e00b000 rw-p 00005000 08:01 671430                     /usr/lib/x86_64-linux-gnu/libXtst.so.6.1.0
7f753e00b000-7f753e014000 r-xp 00000000 08:01 669067                     /usr/lib/x86_64-linux-gnu/libXrender.so.1.3.0
7f753e014000-7f753e213000 ---p 00009000 08:01 669067                     /usr/lib/x86_64-linux-gnu/libXrender.so.1.3.0
7f753e213000-7f753e214000 r--p 00008000 08:01 669067                     /usr/lib/x86_64-linux-gnu/libXrender.so.1.3.0
7f753e214000-7f753e215000 rw-p 00009000 08:01 669067                     /usr/lib/x86_64-linux-gnu/libXrender.so.1.3.0
7f753e215000-7f753e34a000 r-xp 00000000 08:01 667725                     /usr/lib/x86_64-linux-gnu/libX11.so.6.3.0
7f753e34a000-7f753e54a000 ---p 00135000 08:01 667725                     /usr/lib/x86_64-linux-gnu/libX11.so.6.3.0
7f753e54a000-7f753e54b000 r--p 00135000 08:01 667725                     /usr/lib/x86_64-linux-gnu/libX11.so.6.3.0
7f753e54b000-7f753e54f000 rw-p 00136000 08:01 667725                     /usr/lib/x86_64-linux-gnu/libX11.so.6.3.0
7f753e54f000-7f753e560000 r-xp 00000000 08:01 667727                     /usr/lib/x86_64-linux-gnu/libXext.so.6.4.0
7f753e560000-7f753e75f000 ---p 00011000 08:01 667727                     /usr/lib/x86_64-linux-gnu/libXext.so.6.4.0
7f753e75f000-7f753e760000 r--p 00010000 08:01 667727                     /usr/lib/x86_64-linux-gnu/libXext.so.6.4.0
7f753e760000-7f753e761000 rw-p 00011000 08:01 667727                     /usr/lib/x86_64-linux-gnu/libXext.so.6.4.0
7f753e777000-7f753e77b000 rw-s 00000000 00:05 3899408                    /SYSV00000000 (deleted)
7f753e77b000-7f753e7cf000 r-xp 00000000 08:01 795866                     /usr/local/java/jdk1.8.0_111/jre/lib/amd64/libawt_xawt.so
7f753e7cf000-7f753e9cf000 ---p 00054000 08:01 795866                     /usr/local/java/jdk1.8.0_111/jre/lib/amd64/libawt_xawt.so
7f753e9cf000-7f753e9d3000 rw-p 00054000 08:01 795866                     /usr/local/java/jdk1.8.0_111/jre/lib/amd64/libawt_xawt.so
7f753e9d3000-7f753e9d4000 rw-p 00000000 00:00 0 
7f753e9d4000-7f753ea76000 r-xp 00000000 08:01 795897                     /usr/local/java/jdk1.8.0_111/jre/lib/amd64/libawt.so
7f753ea76000-7f753ec76000 ---p 000a2000 08:01 795897                     /usr/local/java/jdk1.8.0_111/jre/lib/amd64/libawt.so
7f753ec76000-7f753ec82000 rw-p 000a2000 08:01 795897                     /usr/local/java/jdk1.8.0_111/jre/lib/amd64/libawt.so
7f753ec82000-7f753eca6000 rw-p 00000000 00:00 0 
7f753eca6000-7f753ecc2000 r--s 00393000 08:01 795918                     /usr/local/java/jdk1.8.0_111/jre/lib/ext/cldrdata.jar
7f753ecc2000-7f753eccc000 r--s 00116000 08:01 795915                     /usr/local/java/jdk1.8.0_111/jre/lib/ext/localedata.jar
7f753eccc000-7f753eecc000 rw-p 00000000 00:00 0 
7f753eecc000-7f753eecf000 r--s 0001a000 08:01 795952                     /usr/local/java/jdk1.8.0_111/jre/lib/jce.jar
7f753eecf000-7f753eed3000 r--s 00097000 08:01 795820                     /usr/local/java/jdk1.8.0_111/jre/lib/jsse.jar
7f753eed3000-7f753f0d3000 rw-p 00000000 00:00 0 
7f753f0d3000-7f753f3d4000 rw-p 00000000 00:00 0 
7f753f3d4000-7f753f3ea000 r-xp 00000000 08:01 795839                     /usr/local/java/jdk1.8.0_111/jre/lib/amd64/libnet.so
7f753f3ea000-7f753f5ea000 ---p 00016000 08:01 795839                     /usr/local/java/jdk1.8.0_111/jre/lib/amd64/libnet.so
7f753f5ea000-7f753f5eb000 rw-p 00016000 08:01 795839                     /usr/local/java/jdk1.8.0_111/jre/lib/amd64/libnet.so
7f753f5eb000-7f753f5ee000 ---p 00000000 00:00 0 
7f753f5ee000-7f753f6ec000 rw-p 00000000 00:00 0 
7f753f6ec000-7f753f6ed000 r-xp 00000000 08:01 8164                       /home/fasih58/Desktop/idea-IC-162.2228.15/bin/libbreakgen64.so
7f753f6ed000-7f753f8ec000 ---p 00001000 08:01 8164                       /home/fasih58/Desktop/idea-IC-162.2228.15/bin/libbreakgen64.so
7f753f8ec000-7f753f8ed000 r--p 00000000 08:01 8164                       /home/fasih58/Desktop/idea-IC-162.2228.15/bin/libbreakgen64.so
7f753f8ed000-7f753f8ee000 rw-p 00001000 08:01 8164                       /home/fasih58/Desktop/idea-IC-162.2228.15/bin/libbreakgen64.so
7f753f8ee000-7f753f8f5000 r--s 00051000 08:01 9643                       /home/fasih58/.m2/repository/log4j/log4j/1.2.13/log4j-1.2.13.jar
7f753f8f5000-7f753f8fa000 r--s 0004c000 08:01 9679                       /home/fasih58/.m2/repository/com/google/protobuf/protobuf-java/2.3.0/protobuf-java-2.3.0.jar
7f753f8fa000-7f753f908000 r--s 00193000 08:01 9677                       /home/fasih58/.m2/repository/net/java/dev/java3d/j3d-utils/1.5.2/j3d-utils-1.5.2.jar
7f753f908000-7f753f914000 r--s 002c7000 08:01 9638                       /home/fasih58/.m2/repository/net/java/dev/java3d/j3d-core/1.5.2/j3d-core-1.5.2.jar
7f753f914000-7f753f924000 r--s 0013f000 08:01 9641                       /home/fasih58/.m2/repository/jfree/jfreechart/1.0.12/jfreechart-1.0.12.jar
7f753f924000-7f753f925000 ---p 00000000 00:00 0 
7f753f925000-7f753fa25000 rw-p 00000000 00:00 0 
7f753fa25000-7f753fa28000 ---p 00000000 00:00 0 
7f753fa28000-7f753fb26000 rw-p 00000000 00:00 0 
7f753fb26000-7f753fb29000 ---p 00000000 00:00 0 
7f753fb29000-7f753fc27000 rw-p 00000000 00:00 0 
7f753fc27000-7f753fc2a000 ---p 00000000 00:00 0 
7f753fc2a000-7f753fd28000 rw-p 00000000 00:00 0 
7f753fd28000-7f7540000000 r--p 00000000 08:01 661285                     /usr/lib/locale/locale-archive
7f7540000000-7f754026c000 rw-p 00000000 00:00 0 
7f754026c000-7f7544000000 ---p 00000000 00:00 0 
7f7544002000-7f7544004000 r--s 0001e000 08:01 3140                       /home/fasih58/Desktop/idea-IC-162.2228.15/lib/idea_rt.jar
7f7544004000-7f754400a000 r--s 00046000 08:01 9642                       /home/fasih58/.m2/repository/jfree/jcommon/1.0.15/jcommon-1.0.15.jar
7f754400a000-7f754401b000 r--s 000bb000 08:01 9640                       /home/fasih58/.m2/repository/org/apache/commons/commons-math/2.1/commons-math-2.1.jar
7f754401b000-7f7544029000 r--s 00095000 08:01 9636                       /home/fasih58/.m2/repository/com/google/inject/guice/2.0/guice-2.0.jar
7f7544029000-7f754403c000 r--s 00345000 08:01 795946                     /usr/local/java/jdk1.8.0_111/jre/lib/resources.jar
7f754403c000-7f754403f000 ---p 00000000 00:00 0 
7f754403f000-7f754413d000 rw-p 00000000 00:00 0 
7f754413d000-7f7544140000 ---p 00000000 00:00 0 
7f7544140000-7f754423e000 rw-p 00000000 00:00 0 
7f754423e000-7f7544241000 ---p 00000000 00:00 0 
7f7544241000-7f754433f000 rw-p 00000000 00:00 0 
7f754433f000-7f7544340000 ---p 00000000 00:00 0 
7f7544340000-7f7544440000 rw-p 00000000 00:00 0 
7f7544440000-7f7544618000 r--s 03d2a000 08:01 795832                     /usr/local/java/jdk1.8.0_111/jre/lib/rt.jar
7f7544618000-7f7544e8e000 rw-p 00000000 00:00 0 
7f7544e8e000-7f7544e98000 rw-p 00000000 00:00 0 
7f7544e98000-7f7544f09000 ---p 00000000 00:00 0 
7f7544f09000-7f7544f1c000 rw-p 00000000 00:00 0 
7f7544f1c000-7f7544fff000 ---p 00000000 00:00 0 
7f7544fff000-7f7545000000 rw-p 00000000 00:00 0 
7f7545000000-7f7545580000 rwxp 00000000 00:00 0 
7f7545580000-7f7554000000 ---p 00000000 00:00 0 
7f7554000000-7f755493a000 rw-p 00000000 00:00 0 
7f755493a000-7f7558000000 ---p 00000000 00:00 0 
7f7558000000-7f7558002000 r--s 0000b000 08:01 9690                       /home/fasih58/.m2/repository/net/sf/jopt-simple/jopt-simple/3.1/jopt-simple-3.1.jar
7f7558002000-7f755800b000 r--s 00079000 08:01 12235                      /home/fasih58/.m2/repository/cz/advel/jbullet/jbullet/20101010-BNK-3/jbullet-20101010-BNK-3.jar
7f755800b000-7f755800d000 r--s 0004c000 08:01 12227                      /home/fasih58/.m2/repository/net/java/dev/java3d/vecmath/1.5.2/vecmath-1.5.2.jar
7f755800d000-7f755801f000 r--s 000d6000 08:01 795945                     /usr/local/java/jdk1.8.0_111/jre/lib/plugin.jar
7f755801f000-7f7558023000 r--s 00097000 08:01 795820                     /usr/local/java/jdk1.8.0_111/jre/lib/jsse.jar
7f7558023000-7f755803e000 r--s 00208000 08:01 795941                     /usr/local/java/jdk1.8.0_111/jre/lib/deploy.jar
7f755803e000-7f7558051000 rw-p 00000000 00:00 0 
7f7558051000-7f7558135000 ---p 00000000 00:00 0 
7f7558135000-7f755814b000 rw-p 00000000 00:00 0 
7f755814b000-7f75584f5000 ---p 00000000 00:00 0 
7f75584f5000-7f755850f000 r-xp 00000000 08:01 795862                     /usr/local/java/jdk1.8.0_111/jre/lib/amd64/libzip.so
7f755850f000-7f755870f000 ---p 0001a000 08:01 795862                     /usr/local/java/jdk1.8.0_111/jre/lib/amd64/libzip.so
7f755870f000-7f7558710000 rw-p 0001a000 08:01 795862                     /usr/local/java/jdk1.8.0_111/jre/lib/amd64/libzip.so
7f7558710000-7f755871b000 r-xp 00000000 08:01 918077                     /lib/x86_64-linux-gnu/libnss_files-2.23.so
7f755871b000-7f755891a000 ---p 0000b000 08:01 918077                     /lib/x86_64-linux-gnu/libnss_files-2.23.so
7f755891a000-7f755891b000 r--p 0000a000 08:01 918077                     /lib/x86_64-linux-gnu/libnss_files-2.23.so
7f755891b000-7f755891c000 rw-p 0000b000 08:01 918077                     /lib/x86_64-linux-gnu/libnss_files-2.23.so
7f755891c000-7f7558922000 rw-p 00000000 00:00 0 
7f7558922000-7f755892d000 r-xp 00000000 08:01 918081                     /lib/x86_64-linux-gnu/libnss_nis-2.23.so
7f755892d000-7f7558b2c000 ---p 0000b000 08:01 918081                     /lib/x86_64-linux-gnu/libnss_nis-2.23.so
7f7558b2c000-7f7558b2d000 r--p 0000a000 08:01 918081                     /lib/x86_64-linux-gnu/libnss_nis-2.23.so
7f7558b2d000-7f7558b2e000 rw-p 0000b000 08:01 918081                     /lib/x86_64-linux-gnu/libnss_nis-2.23.so
7f7558b2e000-7f7558b44000 r-xp 00000000 08:01 918071                     /lib/x86_64-linux-gnu/libnsl-2.23.so
7f7558b44000-7f7558d43000 ---p 00016000 08:01 918071                     /lib/x86_64-linux-gnu/libnsl-2.23.so
7f7558d43000-7f7558d44000 r--p 00015000 08:01 918071                     /lib/x86_64-linux-gnu/libnsl-2.23.so
7f7558d44000-7f7558d45000 rw-p 00016000 08:01 918071                     /lib/x86_64-linux-gnu/libnsl-2.23.so
7f7558d45000-7f7558d47000 rw-p 00000000 00:00 0 
7f7558d47000-7f7558d4f000 r-xp 00000000 08:01 918073                     /lib/x86_64-linux-gnu/libnss_compat-2.23.so
7f7558d4f000-7f7558f4e000 ---p 00008000 08:01 918073                     /lib/x86_64-linux-gnu/libnss_compat-2.23.so
7f7558f4e000-7f7558f4f000 r--p 00007000 08:01 918073                     /lib/x86_64-linux-gnu/libnss_compat-2.23.so
7f7558f4f000-7f7558f50000 rw-p 00008000 08:01 918073                     /lib/x86_64-linux-gnu/libnss_compat-2.23.so
7f7558f50000-7f7558f7b000 r-xp 00000000 08:01 795888                     /usr/local/java/jdk1.8.0_111/jre/lib/amd64/libjava.so
7f7558f7b000-7f755917a000 ---p 0002b000 08:01 795888                     /usr/local/java/jdk1.8.0_111/jre/lib/amd64/libjava.so
7f755917a000-7f755917c000 rw-p 0002a000 08:01 795888                     /usr/local/java/jdk1.8.0_111/jre/lib/amd64/libjava.so
7f755917c000-7f7559189000 r-xp 00000000 08:01 795840                     /usr/local/java/jdk1.8.0_111/jre/lib/amd64/libverify.so
7f7559189000-7f7559388000 ---p 0000d000 08:01 795840                     /usr/local/java/jdk1.8.0_111/jre/lib/amd64/libverify.so
7f7559388000-7f755938a000 rw-p 0000c000 08:01 795840                     /usr/local/java/jdk1.8.0_111/jre/lib/amd64/libverify.so
7f755938a000-7f7559391000 r-xp 00000000 08:01 918106                     /lib/x86_64-linux-gnu/librt-2.23.so
7f7559391000-7f7559590000 ---p 00007000 08:01 918106                     /lib/x86_64-linux-gnu/librt-2.23.so
7f7559590000-7f7559591000 r--p 00006000 08:01 918106                     /lib/x86_64-linux-gnu/librt-2.23.so
7f7559591000-7f7559592000 rw-p 00007000 08:01 918106                     /lib/x86_64-linux-gnu/librt-2.23.so
7f7559592000-7f755969a000 r-xp 00000000 08:01 918054                     /lib/x86_64-linux-gnu/libm-2.23.so
7f755969a000-7f7559899000 ---p 00108000 08:01 918054                     /lib/x86_64-linux-gnu/libm-2.23.so
7f7559899000-7f755989a000 r--p 00107000 08:01 918054                     /lib/x86_64-linux-gnu/libm-2.23.so
7f755989a000-7f755989b000 rw-p 00108000 08:01 918054                     /lib/x86_64-linux-gnu/libm-2.23.so
7f755989b000-7f755a568000 r-xp 00000000 08:01 795891                     /usr/local/java/jdk1.8.0_111/jre/lib/amd64/server/libjvm.so
7f755a568000-7f755a767000 ---p 00ccd000 08:01 795891                     /usr/local/java/jdk1.8.0_111/jre/lib/amd64/server/libjvm.so
7f755a767000-7f755a840000 rw-p 00ccc000 08:01 795891                     /usr/local/java/jdk1.8.0_111/jre/lib/amd64/server/libjvm.so
7f755a840000-7f755a88b000 rw-p 00000000 00:00 0 
7f755a88b000-7f755aa4b000 r-xp 00000000 08:01 918013                     /lib/x86_64-linux-gnu/libc-2.23.so
7f755aa4b000-7f755ac4a000 ---p 001c0000 08:01 918013                     /lib/x86_64-linux-gnu/libc-2.23.so
7f755ac4a000-7f755ac4e000 r--p 001bf000 08:01 918013                     /lib/x86_64-linux-gnu/libc-2.23.so
7f755ac4e000-7f755ac50000 rw-p 001c3000 08:01 918013                     /lib/x86_64-linux-gnu/libc-2.23.so
7f755ac50000-7f755ac54000 rw-p 00000000 00:00 0 
7f755ac54000-7f755ac57000 r-xp 00000000 08:01 918027                     /lib/x86_64-linux-gnu/libdl-2.23.so
7f755ac57000-7f755ae56000 ---p 00003000 08:01 918027                     /lib/x86_64-linux-gnu/libdl-2.23.so
7f755ae56000-7f755ae57000 r--p 00002000 08:01 918027                     /lib/x86_64-linux-gnu/libdl-2.23.so
7f755ae57000-7f755ae58000 rw-p 00003000 08:01 918027                     /lib/x86_64-linux-gnu/libdl-2.23.so
7f755ae58000-7f755ae6d000 r-xp 00000000 08:01 795877                     /usr/local/java/jdk1.8.0_111/jre/lib/amd64/jli/libjli.so
7f755ae6d000-7f755b06d000 ---p 00015000 08:01 795877                     /usr/local/java/jdk1.8.0_111/jre/lib/amd64/jli/libjli.so
7f755b06d000-7f755b06e000 rw-p 00015000 08:01 795877                     /usr/local/java/jdk1.8.0_111/jre/lib/amd64/jli/libjli.so
7f755b06e000-7f755b086000 r-xp 00000000 08:01 918100                     /lib/x86_64-linux-gnu/libpthread-2.23.so
7f755b086000-7f755b285000 ---p 00018000 08:01 918100                     /lib/x86_64-linux-gnu/libpthread-2.23.so
7f755b285000-7f755b286000 r--p 00017000 08:01 918100                     /lib/x86_64-linux-gnu/libpthread-2.23.so
7f755b286000-7f755b287000 rw-p 00018000 08:01 918100                     /lib/x86_64-linux-gnu/libpthread-2.23.so
7f755b287000-7f755b28b000 rw-p 00000000 00:00 0 
7f755b28b000-7f755b2b1000 r-xp 00000000 08:01 917989                     /lib/x86_64-linux-gnu/ld-2.23.so
7f755b2b1000-7f755b2b3000 r--s 00000000 08:01 9637                       /home/fasih58/.m2/repository/aopalliance/aopalliance/1.0/aopalliance-1.0.jar
7f755b2b3000-7f755b2b5000 r--s 00007000 08:01 795902                     /usr/local/java/jdk1.8.0_111/jre/lib/jfxswt.jar
7f755b2b5000-7f755b2ba000 r--s 00084000 08:01 795933                     /usr/local/java/jdk1.8.0_111/jre/lib/jfr.jar
7f755b2ba000-7f755b2bd000 r--s 0001a000 08:01 795952                     /usr/local/java/jdk1.8.0_111/jre/lib/jce.jar
7f755b2bd000-7f755b38f000 rw-p 00000000 00:00 0 
7f755b38f000-7f755b392000 ---p 00000000 00:00 0 
7f755b392000-7f755b494000 rw-p 00000000 00:00 0 
7f755b494000-7f755b495000 r--s 00000000 08:01 795907                     /usr/local/java/jdk1.8.0_111/jre/lib/management-agent.jar
7f755b495000-7f755b49f000 r--s 0006c000 08:01 795940                     /usr/local/java/jdk1.8.0_111/jre/lib/javaws.jar
7f755b49f000-7f755b4a4000 r--s 002f9000 08:01 795821                     /usr/local/java/jdk1.8.0_111/jre/lib/charsets.jar
7f755b4a4000-7f755b4ac000 rw-s 00000000 08:01 9708                       /tmp/hsperfdata_fasih58/4662
7f755b4ac000-7f755b4ad000 rw-p 00000000 00:00 0 
7f755b4ad000-7f755b4ae000 r--p 00000000 00:00 0 
7f755b4ae000-7f755b4b0000 rw-p 00000000 00:00 0 
7f755b4b0000-7f755b4b1000 r--p 00025000 08:01 917989                     /lib/x86_64-linux-gnu/ld-2.23.so
7f755b4b1000-7f755b4b2000 rw-p 00026000 08:01 917989                     /lib/x86_64-linux-gnu/ld-2.23.so
7f755b4b2000-7f755b4b3000 rw-p 00000000 00:00 0 
7fffa3bda000-7fffa3bfc000 rw-p 00000000 00:00 0                          [stack]
7fffa3bfc000-7fffa3bfe000 r--p 00000000 00:00 0                          [vvar]
7fffa3bfe000-7fffa3c00000 r-xp 00000000 00:00 0                          [vdso]
ffffffffff600000-ffffffffff601000 r-xp 00000000 00:00 0                  [vsyscall]

VM Arguments:
jvm_args: -Didea.launcher.port=7532 -Didea.launcher.bin.path=/home/fasih58/Desktop/idea-IC-162.2228.15/bin -Dfile.encoding=UTF-8 
java_command: com.intellij.rt.execution.application.AppMain harvard.robobees.simbeeotic.Simbeeotic -s RandomBroadcastScenario.xml -w EmptyWorld.xml -l log4j.properties
java_class_path (initial): /usr/local/java/jdk1.8.0_111/jre/lib/charsets.jar:/usr/local/java/jdk1.8.0_111/jre/lib/deploy.jar:/usr/local/java/jdk1.8.0_111/jre/lib/ext/cldrdata.jar:/usr/local/java/jdk1.8.0_111/jre/lib/ext/dnsns.jar:/usr/local/java/jdk1.8.0_111/jre/lib/ext/jaccess.jar:/usr/local/java/jdk1.8.0_111/jre/lib/ext/jfxrt.jar:/usr/local/java/jdk1.8.0_111/jre/lib/ext/localedata.jar:/usr/local/java/jdk1.8.0_111/jre/lib/ext/nashorn.jar:/usr/local/java/jdk1.8.0_111/jre/lib/ext/sunec.jar:/usr/local/java/jdk1.8.0_111/jre/lib/ext/sunjce_provider.jar:/usr/local/java/jdk1.8.0_111/jre/lib/ext/sunpkcs11.jar:/usr/local/java/jdk1.8.0_111/jre/lib/ext/zipfs.jar:/usr/local/java/jdk1.8.0_111/jre/lib/javaws.jar:/usr/local/java/jdk1.8.0_111/jre/lib/jce.jar:/usr/local/java/jdk1.8.0_111/jre/lib/jfr.jar:/usr/local/java/jdk1.8.0_111/jre/lib/jfxswt.jar:/usr/local/java/jdk1.8.0_111/jre/lib/jsse.jar:/usr/local/java/jdk1.8.0_111/jre/lib/management-agent.jar:/usr/local/java/jdk1.8.0_111/jre/lib/plugin.jar:/usr/local/java/jdk1.8.0_111/jre/lib/resources.jar:/usr/local/java/jdk1.8.0_111/jre/lib/rt.jar:/home/fasih58/Desktop/Simbeeotic/simbeeotic/simbeeotic-app/target/classes:/home/fasih58/Desktop/Simbeeotic/simbeeotic/simbeeotic-core/target/classes:/home/fasih58/.m2/repository/com/google/inject/guice/2.0/guice-2.0.jar:/home/fasih58/.m2/repository/aopalliance/aopalliance/1.0/aopalliance-1.0.jar:/home/fasih58/.m2/repository/net/java/dev/java3d/vecmath/1.5.2/vecmath-1.5.2.jar:/home/fasih58/.m2/repository/cz/advel/jbullet/jbullet/20101010-BNK-3/jbullet-20101010-BNK-3.jar:/home/fasih58/.m2/repository/org/apache/commons/commons-math/2.1/commons-math-2.1.jar:/home/fasih58/.m2/repository/jfree/jfreechart/1.0.12/jfreechart-1.0.12.jar:/home/fasih58/.m2/repository/jfree/jcommon/1.0.15/jcommon-1.0.15.jar:/home/fasih58/Desktop/Simbeeotic/simbeeotic/simbeeotic-vis/target/classes:/home/fasih58/.m2/repository/net/java/dev/java3d/j3d-core/1.5.2/j3d-core-1.5.2.jar:/home/fasih58/.m2/repository/net/java/dev/j
Launcher Type: SUN_STANDARD

Environment Variables:
JAVA_HOME=/usr/local/java/jdk1.8.0_111
JRE_HOME=/usr/local/java/jre1.8.0_111
PATH=/home/fasih58/bin:/home/fasih58/.local/bin:/usr/local/sbin:/usr/local/bin:/usr/sbin:/usr/bin:/sbin:/bin:/usr/games:/usr/local/games:/snap/bin:/usr/local/java/jre1.8.0_111/bin:/usr/local/java/jdk1.8.0_111/bin
LD_LIBRARY_PATH=/usr/lib/jni
SHELL=/bin/bash
DISPLAY=:0

Signal Handlers:
SIGSEGV: [libjvm.so+0xac64b0], sa_mask[0]=11111111011111111101111111111110, sa_flags=SA_RESTART|SA_SIGINFO
SIGBUS: [libjvm.so+0xac64b0], sa_mask[0]=11111111011111111101111111111110, sa_flags=SA_RESTART|SA_SIGINFO
SIGFPE: [libjvm.so+0x91f950], sa_mask[0]=11111111011111111101111111111110, sa_flags=SA_RESTART|SA_SIGINFO
SIGPIPE: [libjvm.so+0x91f950], sa_mask[0]=11111111011111111101111111111110, sa_flags=SA_RESTART|SA_SIGINFO
SIGXFSZ: [libjvm.so+0x91f950], sa_mask[0]=11111111011111111101111111111110, sa_flags=SA_RESTART|SA_SIGINFO
SIGILL: [libjvm.so+0x91f950], sa_mask[0]=11111111011111111101111111111110, sa_flags=SA_RESTART|SA_SIGINFO
SIGUSR1: SIG_DFL, sa_mask[0]=00000000000000000000000000000000, sa_flags=none
SIGUSR2: [libjvm.so+0x920f80], sa_mask[0]=00100000000000000000000000000000, sa_flags=SA_RESTART|SA_SIGINFO
SIGHUP: [libjvm.so+0x922380], sa_mask[0]=11111111011111111101111111111110, sa_flags=SA_RESTART|SA_SIGINFO
SIGINT: [libjvm.so+0x922380], sa_mask[0]=11111111011111111101111111111110, sa_flags=SA_RESTART|SA_SIGINFO
SIGTERM: [libjvm.so+0x922380], sa_mask[0]=11111111011111111101111111111110, sa_flags=SA_RESTART|SA_SIGINFO
SIGQUIT: [libjvm.so+0x922380], sa_mask[0]=11111111011111111101111111111110, sa_flags=SA_RESTART|SA_SIGINFO


---------------  S Y S T E M  ---------------

OS:DISTRIB_ID=Ubuntu
DISTRIB_RELEASE=16.04
DISTRIB_CODENAME=xenial
DISTRIB_DESCRIPTION="Ubuntu 16.04.1 LTS"

uname:Linux 4.4.0-57-generic #78-Ubuntu SMP Fri Dec 9 23:50:32 UTC 2016 x86_64
libc:glibc 2.23 NPTL 2.23 
rlimit: STACK 8192k, CORE 0k, NPROC 11627, NOFILE 65536, AS infinity
load average:1.72 0.53 0.60

/proc/meminfo:
MemTotal:        3019164 kB
MemFree:          118960 kB
MemAvailable:     376372 kB
Buffers:           49344 kB
Cached:           401176 kB
SwapCached:        19188 kB
Active:          1767548 kB
Inactive:         804020 kB
Active(anon):    1571588 kB
Inactive(anon):   561104 kB
Active(file):     195960 kB
Inactive(file):   242916 kB
Unevictable:        3660 kB
Mlocked:            3660 kB
SwapTotal:       1046524 kB
SwapFree:         951092 kB
Dirty:             10476 kB
Writeback:             0 kB
AnonPages:       2112492 kB
Mapped:           157628 kB
Shmem:              9172 kB
Slab:              90480 kB
SReclaimable:      32052 kB
SUnreclaim:        58428 kB
KernelStack:       11136 kB
PageTables:        29732 kB
NFS_Unstable:          0 kB
Bounce:                0 kB
WritebackTmp:          0 kB
CommitLimit:     2556104 kB
Committed_AS:    5254200 kB
VmallocTotal:   34359738367 kB
VmallocUsed:           0 kB
VmallocChunk:          0 kB
HardwareCorrupted:     0 kB
AnonHugePages:   1372160 kB
CmaTotal:              0 kB
CmaFree:               0 kB
HugePages_Total:       0
HugePages_Free:        0
HugePages_Rsvd:        0
HugePages_Surp:        0
Hugepagesize:       2048 kB
DirectMap4k:      116608 kB
DirectMap2M:     3053568 kB


CPU:total 1 (1 cores per cpu, 1 threads per core) family 6 model 58 stepping 9, cmov, cx8, fxsr, mmx, sse, sse2, sse3, ssse3, sse4.1, sse4.2, popcnt, avx, aes, clmul, erms, tsc, tscinvbit, tscinv

/proc/cpuinfo:
processor	: 0
vendor_id	: GenuineIntel
cpu family	: 6
model		: 58
model name	: Intel(R) Core(TM) i5-3337U CPU @ 1.80GHz
stepping	: 9
microcode	: 0x1b
cpu MHz		: 1795.920
cache size	: 3072 KB
physical id	: 0
siblings	: 1
core id		: 0
cpu cores	: 1
apicid		: 0
initial apicid	: 0
fpu		: yes
fpu_exception	: yes
cpuid level	: 13
wp		: yes
flags		: fpu vme de pse tsc msr pae mce cx8 apic sep mtrr pge mca cmov pat pse36 clflush dts mmx fxsr sse sse2 ss syscall nx rdtscp lm constant_tsc arch_perfmon pebs bts nopl xtopology tsc_reliable nonstop_tsc aperfmperf pni pclmulqdq ssse3 cx16 pcid sse4_1 sse4_2 x2apic popcnt tsc_deadline_timer aes xsave avx f16c rdrand hypervisor lahf_lm epb fsgsbase tsc_adjust smep dtherm ida arat pln pts
bugs		:
bogomips	: 3591.84
clflush size	: 64
cache_alignment	: 64
address sizes	: 42 bits physical, 48 bits virtual
power management:



Memory: 4k page, physical 3019164k(118960k free), swap 1046524k(951092k free)

vm_info: Java HotSpot(TM) 64-Bit Server VM (25.111-b14) for linux-amd64 JRE (1.8.0_111-b14), built on Sep 22 2016 16:14:03 by "java_re" with gcc 4.3.0 20080428 (Red Hat 4.3.0-8)

time: Mon Jan  9 22:38:20 2017
elapsed time: 13 seconds (0d 0h 0m 13s)

