#
# A fatal error has been detected by the Java Runtime Environment:
#
#  SIGSEGV (0xb) at pc=0x00007f8950221823, pid=8749, tid=0x00007f8950e2a700
#
# JRE version: Java(TM) SE Runtime Environment (8.0_111-b14) (build 1.8.0_111-b14)
# Java VM: Java HotSpot(TM) 64-Bit Server VM (25.111-b14 mixed mode linux-amd64 compressed oops)
# Problematic frame:
# C  [vmwgfx_dri.so+0x256823]
#
# Failed to write core dump. Core dumps have been disabled. To enable core dumping, try "ulimit -c unlimited" before starting Java again
#
# If you would like to submit a bug report, please visit:
#   http://bugreport.java.com/bugreport/crash.jsp
# The crash happened outside the Java Virtual Machine in native code.
# See problematic frame for where to report the bug.
#

---------------  T H R E A D  ---------------

Current thread (0x00007f896c013000):  JavaThread "J3D-Renderer-1" [_thread_in_native, id=8778, stack(0x00007f8950d2a000,0x00007f8950e2b000)]

siginfo: si_signo: 11 (SIGSEGV), si_code: 1 (SEGV_MAPERR), si_addr: 0x0000000000000728

Registers:
RAX=0x0000000000000000, RBX=0x00007f89849f1c70, RCX=0x0000000000000000, RDX=0x00007f8950e292d0
RSP=0x00007f8950e292a0, RBP=0x00007f8950e292d0, RSI=0x0000000000000000, RDI=0x00007f89849f1c70
R8 =0x0000000000000000, R9 =0x0000000000000000, R10=0x0000000000000000, R11=0x0000000000000000
R12=0x0000000000000000, R13=0x00007f89849f1c70, R14=0x0000000003c00024, R15=0x00007f896c0131f8
RIP=0x00007f8950221823, EFLAGS=0x0000000000010206, CSGSFS=0x0000000000000033, ERR=0x0000000000000004
  TRAPNO=0x000000000000000e

Top of Stack: (sp=0x00007f8950e292a0)
0x00007f8950e292a0:   0000000000000000 00007f89849f1c70
0x00007f8950e292b0:   0000000000000000 00007f89849f3320
0x00007f8950e292c0:   00007f8950b091c8 00007f89501bfb95
0x00007f8950e292d0:   00007f89849f1c70 0000000000000000
0x00007f8950e292e0:   00007f89849f1c70 45dd72ced6995f00
0x00007f8950e292f0:   00007f8950b091c8 00007f8950b09050
0x00007f8950e29300:   00007f89849f1c70 00007f89501bc8ad
0x00007f8950e29310:   0000000000000001 00007f89845266d0
0x00007f8950e29320:   00007f8984a06550 00007f898490d0c0
0x00007f8950e29330:   00007f89845266d0 00007f8952f489eb
0x00007f8950e29340:   00007f8900000000 00007f8900000001
0x00007f8950e29350:   0000000000000000 00000100845266d0
0x00007f8950e29360:   00007f8950e294e8 00007f896c013000
0x00007f8950e29370:   0000000850e29390 00007f89533fd270
0x00007f8950e29380:   00007f8950e29468 0000000000000000
0x00007f8950e29390:   00007f89533fd270 00007f8950e294f0
0x00007f8950e293a0:   00007f896c013000 00007f8973f7a9b4
0x00007f8950e293b0:   0000000000000000 0000000000000000
0x00007f8950e293c0:   0000000000000000 0000000000000001
0x00007f8950e293d0:   0000000000000000 00007f8988a5559f
0x00007f8950e293e0:   00007f896c013000 00007f896c013000
0x00007f8950e293f0:   00007f896c013000 00007f894a2add50
0x00007f8950e29400:   00007f89533fd270 0000000000000000
0x00007f8950e29410:   00007f8950e29468 00007f8973f7a747
0x00007f8950e29420:   00007f8973f7a702 00007f8950e29428
0x00007f8950e29430:   00007f89533fd270 00007f8950e294f0
0x00007f8950e29440:   00007f895338f840 0000000000000000
0x00007f8950e29450:   00007f89533fd270 0000000000000000
0x00007f8950e29460:   00007f8950e29488 00007f8950e29538
0x00007f8950e29470:   00007f8973f6add0 0000000000000000
0x00007f8950e29480:   00007f8973f74517 0000000000000000
0x00007f8950e29490:   0000000000000001 0000000000000000 

Instructions: (pc=0x00007f8950221823)
0x00007f8950221803:   0f 1f 00 66 2e 0f 1f 84 00 00 00 00 00 41 55 41
0x00007f8950221813:   54 49 89 fd 55 53 49 89 f4 48 89 d5 48 83 ec 08
0x00007f8950221823:   48 8b 9e 28 07 00 00 48 85 db 75 12 eb 37 0f 1f
0x00007f8950221833:   80 00 00 00 00 48 8b 5b 28 48 85 db 74 27 ba 10 

Register to memory mapping:

RAX=0x0000000000000000 is an unknown value
RBX=0x00007f89849f1c70 is an unknown value
RCX=0x0000000000000000 is an unknown value
RDX=0x00007f8950e292d0 is pointing into the stack for thread: 0x00007f896c013000
RSP=0x00007f8950e292a0 is pointing into the stack for thread: 0x00007f896c013000
RBP=0x00007f8950e292d0 is pointing into the stack for thread: 0x00007f896c013000
RSI=0x0000000000000000 is an unknown value
RDI=0x00007f89849f1c70 is an unknown value
R8 =0x0000000000000000 is an unknown value
R9 =0x0000000000000000 is an unknown value
R10=0x0000000000000000 is an unknown value
R11=0x0000000000000000 is an unknown value
R12=0x0000000000000000 is an unknown value
R13=0x00007f89849f1c70 is an unknown value
R14=0x0000000003c00024 is an unknown value
R15=0x00007f896c0131f8 is an unknown value


Stack: [0x00007f8950d2a000,0x00007f8950e2b000],  sp=0x00007f8950e292a0,  free space=1020k
Native frames: (J=compiled Java code, j=interpreted, Vv=VM code, C=native code)
C  [vmwgfx_dri.so+0x256823]
C  0x0000000000000000

Java frames: (J=compiled Java code, j=interpreted, Vv=VM code)
j  javax.media.j3d.NativePipeline.createNewContext(Ljavax/media/j3d/Canvas3D;JJJJZZZZ)J+0
j  javax.media.j3d.NativePipeline.createNewContext(Ljavax/media/j3d/Canvas3D;JLjavax/media/j3d/Drawable;JLjavax/media/j3d/Context;ZZZZ)Ljavax/media/j3d/Context;+25
j  javax.media.j3d.Canvas3D.createNewContext(JLjavax/media/j3d/Drawable;JLjavax/media/j3d/Context;ZZZZ)Ljavax/media/j3d/Context;+18
j  javax.media.j3d.Canvas3D.createNewContext(Ljavax/media/j3d/Context;Z)Ljavax/media/j3d/Context;+36
j  javax.media.j3d.Renderer.doWork(J)V+3729
j  javax.media.j3d.J3dThread.run()V+19
v  ~StubRoutines::call_stub

---------------  P R O C E S S  ---------------

Java Threads: ( => current thread )
  0x00007f896c037000 JavaThread "J3D-InputDeviceScheduler-1" [_thread_blocked, id=8795, stack(0x00007f89495e5000,0x00007f89496e6000)]
  0x00007f896c035000 JavaThread "J3D-SoundSchedulerUpdateThread-1" [_thread_blocked, id=8794, stack(0x00007f89496e6000,0x00007f89497e7000)]
  0x00007f896c033000 JavaThread "J3D-RenderStructureUpdateThread-1" [_thread_blocked, id=8793, stack(0x00007f89497e7000,0x00007f89498e8000)]
  0x00007f896c031000 JavaThread "J3D-BehaviorScheduler-1" [_thread_blocked, id=8792, stack(0x00007f89498e8000,0x00007f89499e9000)]
  0x00007f896c02f000 JavaThread "J3D-TransformStructureUpdateThread-1" [_thread_blocked, id=8791, stack(0x00007f89499e9000,0x00007f8949aea000)]
  0x00007f896c02d800 JavaThread "J3D-RenderingEnvironmentStructureUpdateThread-1" [_thread_blocked, id=8789, stack(0x00007f8949aea000,0x00007f8949beb000)]
  0x00007f896c023800 JavaThread "J3D-SoundStructureUpdateThread-1" [_thread_blocked, id=8788, stack(0x00007f8949beb000,0x00007f8949cec000)]
  0x00007f896c021800 JavaThread "J3D-GeometryStructureUpdateThread-1" [_thread_blocked, id=8787, stack(0x00007f8949cec000,0x00007f8949ded000)]
  0x00007f896c020000 JavaThread "J3D-BehaviorStructureUpdateThread-1" [_thread_blocked, id=8786, stack(0x00007f8949ded000,0x00007f8949eee000)]
  0x00007f8984610000 JavaThread "Image Fetcher 0" daemon [_thread_blocked, id=8784, stack(0x00007f894aea9000,0x00007f894afaa000)]
  0x00007f89848d0800 JavaThread "AWT-EventQueue-0" [_thread_blocked, id=8783, stack(0x00007f894aaa7000,0x00007f894aba8000)]
  0x00007f89848d0000 JavaThread "AWT-Shutdown" [_thread_blocked, id=8782, stack(0x00007f894aba8000,0x00007f894aca9000)]
=>0x00007f896c013000 JavaThread "J3D-Renderer-1" [_thread_in_native, id=8778, stack(0x00007f8950d2a000,0x00007f8950e2b000)]
  0x00007f89844c1800 JavaThread "J3D-MasterControl-1" [_thread_blocked, id=8777, stack(0x00007f8950e2b000,0x00007f8950f2c000)]
  0x00007f89844c0000 JavaThread "J3D-NotificationThread" [_thread_blocked, id=8776, stack(0x00007f8950f2c000,0x00007f895102d000)]
  0x00007f8984568000 JavaThread "J3D-TimerThread" [_thread_blocked, id=8775, stack(0x00007f895102d000,0x00007f895112e000)]
  0x00007f898457b000 JavaThread "J3D-RenderingAttributesStructureUpdateThread" [_thread_blocked, id=8774, stack(0x00007f895112e000,0x00007f895122f000)]
  0x00007f8984459000 JavaThread "AWT-XAWT" daemon [_thread_blocked, id=8773, stack(0x00007f8953460000,0x00007f8953561000)]
  0x00007f8984435800 JavaThread "Java2D Disposer" daemon [_thread_blocked, id=8772, stack(0x00007f8970000000,0x00007f8970101000)]
  0x00007f89841c0800 JavaThread "Monitor Ctrl-Break" daemon [_thread_in_native, id=8768, stack(0x00007f8972123000,0x00007f8972224000)]
  0x00007f89840c7800 JavaThread "Service Thread" daemon [_thread_blocked, id=8766, stack(0x00007f8972583000,0x00007f8972684000)]
  0x00007f89840b2000 JavaThread "C1 CompilerThread1" daemon [_thread_in_native, id=8764, stack(0x00007f8972684000,0x00007f8972785000)]
  0x00007f89840b0000 JavaThread "C2 CompilerThread0" daemon [_thread_in_native, id=8763, stack(0x00007f8972785000,0x00007f8972886000)]
  0x00007f89840ae800 JavaThread "Signal Dispatcher" daemon [_thread_blocked, id=8760, stack(0x00007f8972886000,0x00007f8972987000)]
  0x00007f898407b800 JavaThread "Finalizer" daemon [_thread_blocked, id=8756, stack(0x00007f8972c5f000,0x00007f8972d60000)]
  0x00007f8984077000 JavaThread "Reference Handler" daemon [_thread_blocked, id=8755, stack(0x00007f8972d60000,0x00007f8972e61000)]
  0x00007f898400b000 JavaThread "main" [_thread_in_native, id=8751, stack(0x00007f8989ec6000,0x00007f8989fc7000)]

Other Threads:
  0x00007f898406f800 VMThread [stack: 0x00007f8972e61000,0x00007f8972f62000] [id=8752]
  0x00007f89840ca800 WatcherThread [stack: 0x00007f8972482000,0x00007f8972583000] [id=8767]

VM state:not at safepoint (normal execution)

VM Mutex/Monitor currently owned by a thread: None

Heap:
 def new generation   total 16896K, used 13068K [0x00000000d1e00000, 0x00000000d3050000, 0x00000000e1400000)
  eden space 15040K,  74% used [0x00000000d1e00000, 0x00000000d28f30a8, 0x00000000d2cb0000)
  from space 1856K,  99% used [0x00000000d2e80000, 0x00000000d304fff8, 0x00000000d3050000)
  to   space 1856K,   0% used [0x00000000d2cb0000, 0x00000000d2cb0000, 0x00000000d2e80000)
 tenured generation   total 37324K, used 25616K [0x00000000e1400000, 0x00000000e3873000, 0x0000000100000000)
   the space 37324K,  68% used [0x00000000e1400000, 0x00000000e2d04320, 0x00000000e2d04400, 0x00000000e3873000)
 Metaspace       used 26342K, capacity 26542K, committed 26928K, reserved 1073152K
  class space    used 3262K, capacity 3328K, committed 3376K, reserved 1048576K

Card table byte_map: [0x00007f8973a31000,0x00007f8973ba3000] byte_map_base: 0x00007f89733a2000

Polling page: 0x00007f8989fe4000

CodeCache: size=245760Kb used=5591Kb max_used=5608Kb free=240168Kb
 bounds [0x00007f8973f63000, 0x00007f89744f3000, 0x00007f8982f63000]
 total_blobs=2470 nmethods=1690 adapters=693
 compilation: enabled

Compilation events (10 events):
Event: 17.343 Thread 0x00007f89840b2000 nmethod 1881 0x00007f897444c010 code [0x00007f897444c180, 0x00007f897444c380]
Event: 17.344 Thread 0x00007f89840b2000 1882       3       sun.reflect.annotation.AnnotationParser::parseAnnotations2 (135 bytes)
Event: 17.349 Thread 0x00007f89840b2000 nmethod 1882 0x00007f89743f9550 code [0x00007f89743f9900, 0x00007f89743fb7a0]
Event: 17.351 Thread 0x00007f89840b2000 1883       3       java.util.LinkedHashMap::afterNodeAccess (116 bytes)
Event: 17.352 Thread 0x00007f89840b2000 nmethod 1883 0x00007f897444b890 code [0x00007f897444ba20, 0x00007f897444beb0]
Event: 17.360 Thread 0x00007f89840b2000 1888       3       com.google.inject.internal.ImmutableMap$RegularImmutableMap::get (66 bytes)
Event: 17.362 Thread 0x00007f89840b2000 nmethod 1888 0x00007f897444af10 code [0x00007f897444b0c0, 0x00007f897444b5d0]
Event: 17.362 Thread 0x00007f89840b2000 1884       3       com.google.inject.internal.ImmutableList$RegularImmutableList::iterator (5 bytes)
Event: 17.365 Thread 0x00007f89840b2000 nmethod 1884 0x00007f897444aa90 code [0x00007f897444ac00, 0x00007f897444ae60]
Event: 17.365 Thread 0x00007f89840b2000 1885       3       com.google.inject.internal.ImmutableList$RegularImmutableList::iterator (16 bytes)

GC Heap History (10 events):
Event: 10.717 GC heap before
{Heap before GC invocations=9 (full 0):
 def new generation   total 14784K, used 13200K [0x00000000d1e00000, 0x00000000d2e00000, 0x00000000e1400000)
  eden space 13184K, 100% used [0x00000000d1e00000, 0x00000000d2ae0000, 0x00000000d2ae0000)
  from space 1600K,   1% used [0x00000000d2c70000, 0x00000000d2c74108, 0x00000000d2e00000)
  to   space 1600K,   0% used [0x00000000d2ae0000, 0x00000000d2ae0000, 0x00000000d2c70000)
 tenured generation   total 32768K, used 31250K [0x00000000e1400000, 0x00000000e3400000, 0x0000000100000000)
   the space 32768K,  95% used [0x00000000e1400000, 0x00000000e3284820, 0x00000000e3284a00, 0x00000000e3400000)
 Metaspace       used 20466K, capacity 20660K, committed 20992K, reserved 1067008K
  class space    used 2459K, capacity 2549K, committed 2560K, reserved 1048576K
Event: 10.719 GC heap after
Heap after GC invocations=10 (full 0):
 def new generation   total 14784K, used 16K [0x00000000d1e00000, 0x00000000d2e00000, 0x00000000e1400000)
  eden space 13184K,   0% used [0x00000000d1e00000, 0x00000000d1e00000, 0x00000000d2ae0000)
  from space 1600K,   1% used [0x00000000d2ae0000, 0x00000000d2ae4108, 0x00000000d2c70000)
  to   space 1600K,   0% used [0x00000000d2c70000, 0x00000000d2c70000, 0x00000000d2e00000)
 tenured generation   total 32768K, used 31250K [0x00000000e1400000, 0x00000000e3400000, 0x0000000100000000)
   the space 32768K,  95% used [0x00000000e1400000, 0x00000000e3284820, 0x00000000e3284a00, 0x00000000e3400000)
 Metaspace       used 20466K, capacity 20660K, committed 20992K, reserved 1067008K
  class space    used 2459K, capacity 2549K, committed 2560K, reserved 1048576K
}
Event: 10.766 GC heap before
{Heap before GC invocations=10 (full 0):
 def new generation   total 14784K, used 13200K [0x00000000d1e00000, 0x00000000d2e00000, 0x00000000e1400000)
  eden space 13184K, 100% used [0x00000000d1e00000, 0x00000000d2ae0000, 0x00000000d2ae0000)
  from space 1600K,   1% used [0x00000000d2ae0000, 0x00000000d2ae4108, 0x00000000d2c70000)
  to   space 1600K,   0% used [0x00000000d2c70000, 0x00000000d2c70000, 0x00000000d2e00000)
 tenured generation   total 32768K, used 31250K [0x00000000e1400000, 0x00000000e3400000, 0x0000000100000000)
   the space 32768K,  95% used [0x00000000e1400000, 0x00000000e3284820, 0x00000000e3284a00, 0x00000000e3400000)
 Metaspace       used 20466K, capacity 20660K, committed 20992K, reserved 1067008K
  class space    used 2459K, capacity 2549K, committed 2560K, reserved 1048576K
Event: 10.767 GC heap after
Heap after GC invocations=11 (full 0):
 def new generation   total 14784K, used 16K [0x00000000d1e00000, 0x00000000d2e00000, 0x00000000e1400000)
  eden space 13184K,   0% used [0x00000000d1e00000, 0x00000000d1e00000, 0x00000000d2ae0000)
  from space 1600K,   1% used [0x00000000d2c70000, 0x00000000d2c74108, 0x00000000d2e00000)
  to   space 1600K,   0% used [0x00000000d2ae0000, 0x00000000d2ae0000, 0x00000000d2c70000)
 tenured generation   total 32768K, used 31250K [0x00000000e1400000, 0x00000000e3400000, 0x0000000100000000)
   the space 32768K,  95% used [0x00000000e1400000, 0x00000000e3284820, 0x00000000e3284a00, 0x00000000e3400000)
 Metaspace       used 20466K, capacity 20660K, committed 20992K, reserved 1067008K
  class space    used 2459K, capacity 2549K, committed 2560K, reserved 1048576K
}
Event: 10.885 GC heap before
{Heap before GC invocations=11 (full 0):
 def new generation   total 14784K, used 8333K [0x00000000d1e00000, 0x00000000d2e00000, 0x00000000e1400000)
  eden space 13184K,  63% used [0x00000000d1e00000, 0x00000000d261f648, 0x00000000d2ae0000)
  from space 1600K,   1% used [0x00000000d2c70000, 0x00000000d2c74108, 0x00000000d2e00000)
  to   space 1600K,   0% used [0x00000000d2ae0000, 0x00000000d2ae0000, 0x00000000d2c70000)
 tenured generation   total 32768K, used 31250K [0x00000000e1400000, 0x00000000e3400000, 0x0000000100000000)
   the space 32768K,  95% used [0x00000000e1400000, 0x00000000e3284820, 0x00000000e3284a00, 0x00000000e3400000)
 Metaspace       used 20565K, capacity 20788K, committed 20992K, reserved 1067008K
  class space    used 2471K, capacity 2549K, committed 2560K, reserved 1048576K
Event: 10.887 GC heap after
Heap after GC invocations=12 (full 0):
 def new generation   total 14784K, used 26K [0x00000000d1e00000, 0x00000000d2e00000, 0x00000000e1400000)
  eden space 13184K,   0% used [0x00000000d1e00000, 0x00000000d1e00000, 0x00000000d2ae0000)
  from space 1600K,   1% used [0x00000000d2ae0000, 0x00000000d2ae6be0, 0x00000000d2c70000)
  to   space 1600K,   0% used [0x00000000d2c70000, 0x00000000d2c70000, 0x00000000d2e00000)
 tenured generation   total 32768K, used 31250K [0x00000000e1400000, 0x00000000e3400000, 0x0000000100000000)
   the space 32768K,  95% used [0x00000000e1400000, 0x00000000e3284820, 0x00000000e3284a00, 0x00000000e3400000)
 Metaspace       used 20565K, capacity 20788K, committed 20992K, reserved 1067008K
  class space    used 2471K, capacity 2549K, committed 2560K, reserved 1048576K
}
Event: 10.977 GC heap before
{Heap before GC invocations=12 (full 0):
 def new generation   total 14784K, used 9454K [0x00000000d1e00000, 0x00000000d2e00000, 0x00000000e1400000)
  eden space 13184K,  71% used [0x00000000d1e00000, 0x00000000d2734f78, 0x00000000d2ae0000)
  from space 1600K,   1% used [0x00000000d2ae0000, 0x00000000d2ae6be0, 0x00000000d2c70000)
  to   space 1600K,   0% used [0x00000000d2c70000, 0x00000000d2c70000, 0x00000000d2e00000)
 tenured generation   total 32768K, used 31250K [0x00000000e1400000, 0x00000000e3400000, 0x0000000100000000)
   the space 32768K,  95% used [0x00000000e1400000, 0x00000000e3284820, 0x00000000e3284a00, 0x00000000e3400000)
 Metaspace       used 20820K, capacity 21076K, committed 21296K, reserved 1069056K
  class space    used 2503K, capacity 2581K, committed 2608K, reserved 1048576K
Event: 11.067 GC heap after
Heap after GC invocations=13 (full 1):
 def new generation   total 16896K, used 0K [0x00000000d1e00000, 0x00000000d3050000, 0x00000000e1400000)
  eden space 15040K,   0% used [0x00000000d1e00000, 0x00000000d1e00000, 0x00000000d2cb0000)
  from space 1856K,   0% used [0x00000000d2cb0000, 0x00000000d2cb0000, 0x00000000d2e80000)
  to   space 1856K,   0% used [0x00000000d2e80000, 0x00000000d2e80000, 0x00000000d3050000)
 tenured generation   total 37324K, used 22394K [0x00000000e1400000, 0x00000000e3873000, 0x0000000100000000)
   the space 37324K,  59% used [0x00000000e1400000, 0x00000000e29de890, 0x00000000e29dea00, 0x00000000e3873000)
 Metaspace       used 20820K, capacity 21076K, committed 21296K, reserved 1069056K
  class space    used 2503K, capacity 2581K, committed 2608K, reserved 1048576K
}
Event: 15.648 GC heap before
{Heap before GC invocations=13 (full 1):
 def new generation   total 16896K, used 15040K [0x00000000d1e00000, 0x00000000d3050000, 0x00000000e1400000)
  eden space 15040K, 100% used [0x00000000d1e00000, 0x00000000d2cb0000, 0x00000000d2cb0000)
  from space 1856K,   0% used [0x00000000d2cb0000, 0x00000000d2cb0000, 0x00000000d2e80000)
  to   space 1856K,   0% used [0x00000000d2e80000, 0x00000000d2e80000, 0x00000000d3050000)
 tenured generation   total 37324K, used 22394K [0x00000000e1400000, 0x00000000e3873000, 0x0000000100000000)
   the space 37324K,  59% used [0x00000000e1400000, 0x00000000e29de890, 0x00000000e29dea00, 0x00000000e3873000)
 Metaspace       used 25886K, capacity 26108K, committed 26672K, reserved 1073152K
  class space    used 3217K, capacity 3293K, committed 3376K, reserved 1048576K
Event: 15.679 GC heap after
Heap after GC invocations=14 (full 1):
 def new generation   total 16896K, used 1855K [0x00000000d1e00000, 0x00000000d3050000, 0x00000000e1400000)
  eden space 15040K,   0% used [0x00000000d1e00000, 0x00000000d1e00000, 0x00000000d2cb0000)
  from space 1856K,  99% used [0x00000000d2e80000, 0x00000000d304fff8, 0x00000000d3050000)
  to   space 1856K,   0% used [0x00000000d2cb0000, 0x00000000d2cb0000, 0x00000000d2e80000)
 tenured generation   total 37324K, used 25616K [0x00000000e1400000, 0x00000000e3873000, 0x0000000100000000)
   the space 37324K,  68% used [0x00000000e1400000, 0x00000000e2d04320, 0x00000000e2d04400, 0x00000000e3873000)
 Metaspace       used 25886K, capacity 26108K, committed 26672K, reserved 1073152K
  class space    used 3217K, capacity 3293K, committed 3376K, reserved 1048576K
}

Deoptimization events (10 events):
Event: 9.278 Thread 0x00007f8984610000 Uncommon trap: reason=unstable_if action=reinterpret pc=0x00007f8974426694 method=java.io.BufferedInputStream.fill()V @ 219
Event: 9.278 Thread 0x00007f8984610000 Uncommon trap: reason=unstable_if action=reinterpret pc=0x00007f897442da58 method=sun.awt.image.PNGFilterInputStream.read([BII)I @ 30
Event: 9.278 Thread 0x00007f8984610000 Uncommon trap: reason=unstable_if action=reinterpret pc=0x00007f897441f1f8 method=sun.awt.image.PNGImageDecoder.produceImage()V @ 867
Event: 9.293 Thread 0x00007f8984610000 Uncommon trap: reason=unstable_if action=reinterpret pc=0x00007f8974427310 method=sun.awt.image.ImageRepresentation.getOpaqueRGBImage()Ljava/awt/image/BufferedImage; @ 71
Event: 13.176 Thread 0x00007f898400b000 Uncommon trap: reason=bimorphic action=maybe_recompile pc=0x00007f897422813c method=java.util.HashMap.putVal(ILjava/lang/Object;Ljava/lang/Object;ZZ)Ljava/lang/Object; @ 253
Event: 13.177 Thread 0x00007f898400b000 Uncommon trap: reason=bimorphic action=maybe_recompile pc=0x00007f897422813c method=java.util.HashMap.putVal(ILjava/lang/Object;Ljava/lang/Object;ZZ)Ljava/lang/Object; @ 253
Event: 13.181 Thread 0x00007f898400b000 Uncommon trap: reason=bimorphic action=maybe_recompile pc=0x00007f897422813c method=java.util.HashMap.putVal(ILjava/lang/Object;Ljava/lang/Object;ZZ)Ljava/lang/Object; @ 253
Event: 13.181 Thread 0x00007f898400b000 Uncommon trap: reason=bimorphic action=maybe_recompile pc=0x00007f897422813c method=java.util.HashMap.putVal(ILjava/lang/Object;Ljava/lang/Object;ZZ)Ljava/lang/Object; @ 253
Event: 14.714 Thread 0x00007f898400b000 Uncommon trap: reason=unstable_if action=reinterpret pc=0x00007f89744596b0 method=java.awt.image.ComponentColorModel.getDataElements(ILjava/lang/Object;)Ljava/lang/Object; @ 2993
Event: 14.717 Thread 0x00007f898400b000 Uncommon trap: reason=unstable_if action=reinterpret pc=0x00007f8974433da4 method=sun.awt.image.ByteInterleavedRaster.getDataElements(IILjava/lang/Object;)Ljava/lang/Object; @ 43

Internal exceptions (10 events):
Event: 1.692 Thread 0x00007f898400b000 Exception <a 'java/lang/ArrayIndexOutOfBoundsException'> (0x00000000d25ed7d0) thrown at [/HUDSON3/workspace/8-2-build-linux-amd64/jdk8u111/7883/hotspot/src/share/vm/runtime/sharedRuntime.cpp, line 605]
Event: 2.461 Thread 0x00007f898400b000 Exception <a 'java/lang/ClassNotFoundException': com/sun/org/glassfish/hk2/osgiresourcelocator/ServiceLoader> (0x00000000d287f600) thrown at [/HUDSON3/workspace/8-2-build-linux-amd64/jdk8u111/7883/hotspot/src/share/vm/classfile/systemDictionary.cpp, line 
Event: 4.612 Thread 0x00007f898400b000 Exception <a 'java/lang/NoSuchFieldError': method resolution failed> (0x00000000d2047070) thrown at [/HUDSON3/workspace/8-2-build-linux-amd64/jdk8u111/7883/hotspot/src/share/vm/prims/methodHandles.cpp, line 1146]
Event: 4.621 Thread 0x00007f898400b000 Exception <a 'java/lang/NoSuchFieldError': method resolution failed> (0x00000000d20547a8) thrown at [/HUDSON3/workspace/8-2-build-linux-amd64/jdk8u111/7883/hotspot/src/share/vm/prims/methodHandles.cpp, line 1146]
Event: 4.784 Thread 0x00007f898400b000 Exception <a 'java/io/FileNotFoundException'> (0x00000000d20d2d58) thrown at [/HUDSON3/workspace/8-2-build-linux-amd64/jdk8u111/7883/hotspot/src/share/vm/prims/jni.cpp, line 709]
Event: 4.784 Thread 0x00007f898400b000 Exception <a 'java/io/FileNotFoundException'> (0x00000000d20d3718) thrown at [/HUDSON3/workspace/8-2-build-linux-amd64/jdk8u111/7883/hotspot/src/share/vm/prims/jni.cpp, line 709]
Event: 6.192 Thread 0x00007f898400b000 Implicit null exception at 0x00007f89741648b5 to 0x00007f8974164c5d
Event: 6.193 Thread 0x00007f898400b000 Implicit null exception at 0x00007f89740f0f36 to 0x00007f89740f12e9
Event: 14.714 Thread 0x00007f898400b000 Implicit null exception at 0x00007f8974459005 to 0x00007f8974459695
Event: 14.717 Thread 0x00007f898400b000 Implicit null exception at 0x00007f8974433b23 to 0x00007f8974433d89

Events (10 events):
Event: 17.295 loading class harvard/robobees/simbeeotic/model/sensor/Accelerometer
Event: 17.295 loading class harvard/robobees/simbeeotic/model/sensor/Accelerometer done
Event: 17.305 loading class harvard/robobees/simbeeotic/model/sensor/Gyroscope
Event: 17.305 loading class harvard/robobees/simbeeotic/model/sensor/Gyroscope done
Event: 17.305 loading class harvard/robobees/simbeeotic/model/sensor/Compass
Event: 17.305 loading class harvard/robobees/simbeeotic/model/sensor/Compass done
Event: 17.310 loading class harvard/robobees/simbeeotic/model/sensor/RangeSensor
Event: 17.310 loading class harvard/robobees/simbeeotic/model/sensor/RangeSensor done
Event: 17.310 loading class harvard/robobees/simbeeotic/model/sensor/ContactSensor
Event: 17.310 loading class harvard/robobees/simbeeotic/model/sensor/ContactSensor done


Dynamic libraries:
00400000-00401000 r-xp 00000000 08:01 795971                             /usr/local/java/jdk1.8.0_111/jre/bin/java
00600000-00601000 rw-p 00000000 08:01 795971                             /usr/local/java/jdk1.8.0_111/jre/bin/java
00722000-00767000 rw-p 00000000 00:00 0                                  [heap]
d1e00000-d3050000 rw-p 00000000 00:00 0 
d3050000-e1400000 ---p 00000000 00:00 0 
e1400000-e3873000 rw-p 00000000 00:00 0 
e3873000-100000000 ---p 00000000 00:00 0 
100000000-10034c000 rw-p 00000000 00:00 0 
10034c000-140000000 ---p 00000000 00:00 0 
7f89493ad000-7f89493e4000 r-xp 00000000 08:01 672368                     /usr/lib/x86_64-linux-gnu/libtxc_dxtn_s2tc.so.0.0.0
7f89493e4000-7f89495e3000 ---p 00037000 08:01 672368                     /usr/lib/x86_64-linux-gnu/libtxc_dxtn_s2tc.so.0.0.0
7f89495e3000-7f89495e4000 r--p 00036000 08:01 672368                     /usr/lib/x86_64-linux-gnu/libtxc_dxtn_s2tc.so.0.0.0
7f89495e4000-7f89495e5000 rw-p 00037000 08:01 672368                     /usr/lib/x86_64-linux-gnu/libtxc_dxtn_s2tc.so.0.0.0
7f89495e5000-7f89495e8000 ---p 00000000 00:00 0 
7f89495e8000-7f89496e6000 rw-p 00000000 00:00 0 
7f89496e6000-7f89496e9000 ---p 00000000 00:00 0 
7f89496e9000-7f89497e7000 rw-p 00000000 00:00 0 
7f89497e7000-7f89497ea000 ---p 00000000 00:00 0 
7f89497ea000-7f89498e8000 rw-p 00000000 00:00 0 
7f89498e8000-7f89498eb000 ---p 00000000 00:00 0 
7f89498eb000-7f89499e9000 rw-p 00000000 00:00 0 
7f89499e9000-7f89499ec000 ---p 00000000 00:00 0 
7f89499ec000-7f8949aea000 rw-p 00000000 00:00 0 
7f8949aea000-7f8949aed000 ---p 00000000 00:00 0 
7f8949aed000-7f8949beb000 rw-p 00000000 00:00 0 
7f8949beb000-7f8949bee000 ---p 00000000 00:00 0 
7f8949bee000-7f8949cec000 rw-p 00000000 00:00 0 
7f8949cec000-7f8949cef000 ---p 00000000 00:00 0 
7f8949cef000-7f8949ded000 rw-p 00000000 00:00 0 
7f8949ded000-7f8949df0000 ---p 00000000 00:00 0 
7f8949df0000-7f8949eee000 rw-p 00000000 00:00 0 
7f8949eee000-7f8949f29000 r-xp 00000000 08:01 795835                     /usr/local/java/jdk1.8.0_111/jre/lib/amd64/libjpeg.so
7f8949f29000-7f894a128000 ---p 0003b000 08:01 795835                     /usr/local/java/jdk1.8.0_111/jre/lib/amd64/libjpeg.so
7f894a128000-7f894a129000 rw-p 0003a000 08:01 795835                     /usr/local/java/jdk1.8.0_111/jre/lib/amd64/libjpeg.so
7f894a129000-7f894a134000 r--s 00000000 08:01 544382                     /var/cache/fontconfig/945677eb7aeaf62f1d50efc3fb3ec7d8-le64.cache-6
7f894a134000-7f894a13a000 r--s 00000000 08:01 544381                     /var/cache/fontconfig/2cd17615ca594fa2959ae173292e504c-le64.cache-6
7f894a13a000-7f894a13b000 r--s 00000000 08:01 544380                     /var/cache/fontconfig/0d8c3b2ac0904cb8a57a757ad11a4a08-le64.cache-6
7f894a13b000-7f894a150000 r--s 00000000 08:01 544379                     /var/cache/fontconfig/04aabc0a78ac019cf9454389977116d2-le64.cache-6
7f894a150000-7f894a151000 r--s 00000000 08:01 544378                     /var/cache/fontconfig/1ac9eb803944fde146138c791f5cc56a-le64.cache-6
7f894a151000-7f894a155000 r--s 00000000 08:01 528977                     /var/cache/fontconfig/385c0604a188198f04d133e54aba7fe7-le64.cache-6
7f894a155000-7f894a156000 r--s 00000000 08:01 544377                     /var/cache/fontconfig/dc05db6664285cc2f12bf69c139ae4c3-le64.cache-6
7f894a156000-7f894a159000 r--s 00000000 08:01 544376                     /var/cache/fontconfig/767a8244fc0220cfb567a839d0392e0b-le64.cache-6
7f894a159000-7f894a15a000 r--s 00000000 08:01 544375                     /var/cache/fontconfig/4794a0821666d79190d59a36cb4f44b5-le64.cache-6
7f894a15a000-7f894a15f000 r--s 00000000 08:01 528976                     /var/cache/fontconfig/8801497958630a81b71ace7c5f9b32a8-le64.cache-6
7f894a15f000-7f894a160000 r--s 00000000 08:01 544374                     /var/cache/fontconfig/bab58bb527bb656aaa9f116d68a48d89-le64.cache-6
7f894a160000-7f894a167000 r--s 00000000 08:01 544373                     /var/cache/fontconfig/3047814df9a2f067bd2d96a2b9c36e5a-le64.cache-6
7f894a167000-7f894a168000 r--s 00000000 08:01 544372                     /var/cache/fontconfig/56cf4f4769d0f4abc89a4895d7bd3ae1-le64.cache-6
7f894a168000-7f894a169000 r--s 00000000 08:01 528975                     /var/cache/fontconfig/b9d506c9ac06c20b433354fa67a72993-le64.cache-6
7f894a169000-7f894a16f000 r--s 00000000 08:01 528974                     /var/cache/fontconfig/b47c4e1ecd0709278f4910c18777a504-le64.cache-6
7f894a16f000-7f894a182000 r--s 00000000 08:01 528973                     /var/cache/fontconfig/d52a8644073d54c13679302ca1180695-le64.cache-6
7f894a182000-7f894a183000 r--s 00000000 08:01 544371                     /var/cache/fontconfig/551ecf3b0e8b0bca0f25c0944f561853-le64.cache-6
7f894a183000-7f894a187000 r--s 00000000 08:01 527463                     /var/cache/fontconfig/d589a48862398ed80a3d6066f4f56f4c-le64.cache-6
7f894a187000-7f894a18a000 r--s 00000000 08:01 544369                     /var/cache/fontconfig/75114ca45c98e8a441da0ff356701271-le64.cache-6
7f894a18a000-7f894a195000 r--s 00000000 08:01 544368                     /var/cache/fontconfig/83bf95040141907cd45bb53cf7c1c148-le64.cache-6
7f894a212000-7f894a216000 rw-s 00000000 00:05 24543253                   /SYSV00000000 (deleted)
7f894a216000-7f894a316000 rw-p 00000000 00:00 0 
7f894a316000-7f894a416000 ---p 00000000 00:00 0 
7f894a416000-7f894a47f000 r-xp 00000000 08:01 795894                     /usr/local/java/jdk1.8.0_111/jre/lib/amd64/libt2k.so
7f894a47f000-7f894a67f000 ---p 00069000 08:01 795894                     /usr/local/java/jdk1.8.0_111/jre/lib/amd64/libt2k.so
7f894a67f000-7f894a686000 rw-p 00069000 08:01 795894                     /usr/local/java/jdk1.8.0_111/jre/lib/amd64/libt2k.so
7f894a686000-7f894a696000 rw-p 00000000 00:00 0 
7f894a696000-7f894a6a7000 r-xp 00000000 08:01 795864                     /usr/local/java/jdk1.8.0_111/jre/lib/amd64/libnio.so
7f894a6a7000-7f894a8a6000 ---p 00011000 08:01 795864                     /usr/local/java/jdk1.8.0_111/jre/lib/amd64/libnio.so
7f894a8a6000-7f894a8a7000 rw-p 00010000 08:01 795864                     /usr/local/java/jdk1.8.0_111/jre/lib/amd64/libnio.so
7f894a8a7000-7f894aaa7000 rw-p 00000000 00:00 0 
7f894aaa7000-7f894aaaa000 ---p 00000000 00:00 0 
7f894aaaa000-7f894aba8000 rw-p 00000000 00:00 0 
7f894aba8000-7f894abab000 ---p 00000000 00:00 0 
7f894abab000-7f894aea9000 rw-p 00000000 00:00 0 
7f894aea9000-7f894aeac000 ---p 00000000 00:00 0 
7f894aeac000-7f894afaa000 rw-p 00000000 00:00 0 
7f894afaa000-7f894bfaa000 rw-s 12fa28000 00:06 332                       /dev/dri/card0
7f894bfaa000-7f894bfbd000 r-xp 00000000 08:01 918009                     /lib/x86_64-linux-gnu/libbsd.so.0.8.2
7f894bfbd000-7f894c1bc000 ---p 00013000 08:01 918009                     /lib/x86_64-linux-gnu/libbsd.so.0.8.2
7f894c1bc000-7f894c1bd000 r--p 00012000 08:01 918009                     /lib/x86_64-linux-gnu/libbsd.so.0.8.2
7f894c1bd000-7f894c1be000 rw-p 00013000 08:01 918009                     /lib/x86_64-linux-gnu/libbsd.so.0.8.2
7f894c1be000-7f894c1bf000 rw-p 00000000 00:00 0 
7f894c1bf000-7f894c1e4000 r-xp 00000000 08:01 918124                     /lib/x86_64-linux-gnu/libtinfo.so.5.9
7f894c1e4000-7f894c3e3000 ---p 00025000 08:01 918124                     /lib/x86_64-linux-gnu/libtinfo.so.5.9
7f894c3e3000-7f894c3e7000 r--p 00024000 08:01 918124                     /lib/x86_64-linux-gnu/libtinfo.so.5.9
7f894c3e7000-7f894c3e8000 rw-p 00028000 08:01 918124                     /lib/x86_64-linux-gnu/libtinfo.so.5.9
7f894c3e8000-7f894c419000 r-xp 00000000 08:01 668227                     /usr/lib/x86_64-linux-gnu/libedit.so.2.0.53
7f894c419000-7f894c619000 ---p 00031000 08:01 668227                     /usr/lib/x86_64-linux-gnu/libedit.so.2.0.53
7f894c619000-7f894c61b000 r--p 00031000 08:01 668227                     /usr/lib/x86_64-linux-gnu/libedit.so.2.0.53
7f894c61b000-7f894c61c000 rw-p 00033000 08:01 668227                     /usr/lib/x86_64-linux-gnu/libedit.so.2.0.53
7f894c61c000-7f894c620000 rw-p 00000000 00:00 0 
7f894c620000-7f894c627000 r-xp 00000000 08:01 657789                     /usr/lib/x86_64-linux-gnu/libffi.so.6.0.4
7f894c627000-7f894c826000 ---p 00007000 08:01 657789                     /usr/lib/x86_64-linux-gnu/libffi.so.6.0.4
7f894c826000-7f894c827000 r--p 00006000 08:01 657789                     /usr/lib/x86_64-linux-gnu/libffi.so.6.0.4
7f894c827000-7f894c828000 rw-p 00007000 08:01 657789                     /usr/lib/x86_64-linux-gnu/libffi.so.6.0.4
7f894c828000-7f894c841000 r-xp 00000000 08:01 918136                     /lib/x86_64-linux-gnu/libz.so.1.2.8
7f894c841000-7f894ca40000 ---p 00019000 08:01 918136                     /lib/x86_64-linux-gnu/libz.so.1.2.8
7f894ca40000-7f894ca41000 r--p 00018000 08:01 918136                     /lib/x86_64-linux-gnu/libz.so.1.2.8
7f894ca41000-7f894ca42000 rw-p 00019000 08:01 918136                     /lib/x86_64-linux-gnu/libz.so.1.2.8
7f894ca42000-7f894cbb4000 r-xp 00000000 08:01 656556                     /usr/lib/x86_64-linux-gnu/libstdc++.so.6.0.21
7f894cbb4000-7f894cdb4000 ---p 00172000 08:01 656556                     /usr/lib/x86_64-linux-gnu/libstdc++.so.6.0.21
7f894cdb4000-7f894cdbe000 r--p 00172000 08:01 656556                     /usr/lib/x86_64-linux-gnu/libstdc++.so.6.0.21
7f894cdbe000-7f894cdc0000 rw-p 0017c000 08:01 656556                     /usr/lib/x86_64-linux-gnu/libstdc++.so.6.0.21
7f894cdc0000-7f894cdc4000 rw-p 00000000 00:00 0 
7f894cdc4000-7f894f2b6000 r-xp 00000000 08:01 670467                     /usr/lib/x86_64-linux-gnu/libLLVM-3.8.so.1
7f894f2b6000-7f894f4b6000 ---p 024f2000 08:01 670467                     /usr/lib/x86_64-linux-gnu/libLLVM-3.8.so.1
7f894f4b6000-7f894f76b000 r--p 024f2000 08:01 670467                     /usr/lib/x86_64-linux-gnu/libLLVM-3.8.so.1
7f894f76b000-7f894f76d000 rw-p 027a7000 08:01 670467                     /usr/lib/x86_64-linux-gnu/libLLVM-3.8.so.1
7f894f76d000-7f894f797000 rw-p 00000000 00:00 0 
7f894f797000-7f894f7ae000 r-xp 00000000 08:01 668230                     /usr/lib/x86_64-linux-gnu/libelf-0.165.so
7f894f7ae000-7f894f9ad000 ---p 00017000 08:01 668230                     /usr/lib/x86_64-linux-gnu/libelf-0.165.so
7f894f9ad000-7f894f9ae000 r--p 00016000 08:01 668230                     /usr/lib/x86_64-linux-gnu/libelf-0.165.so
7f894f9ae000-7f894f9af000 rw-p 00017000 08:01 668230                     /usr/lib/x86_64-linux-gnu/libelf-0.165.so
7f894f9af000-7f894f9b6000 r-xp 00000000 08:01 668226                     /usr/lib/x86_64-linux-gnu/libdrm_amdgpu.so.1.0.0
7f894f9b6000-7f894fbb5000 ---p 00007000 08:01 668226                     /usr/lib/x86_64-linux-gnu/libdrm_amdgpu.so.1.0.0
7f894fbb5000-7f894fbb6000 r--p 00006000 08:01 668226                     /usr/lib/x86_64-linux-gnu/libdrm_amdgpu.so.1.0.0
7f894fbb6000-7f894fbb7000 rw-p 00007000 08:01 668226                     /usr/lib/x86_64-linux-gnu/libdrm_amdgpu.so.1.0.0
7f894fbb7000-7f894fbc2000 r-xp 00000000 08:01 670460                     /usr/lib/x86_64-linux-gnu/libdrm_radeon.so.1.0.1
7f894fbc2000-7f894fdc1000 ---p 0000b000 08:01 670460                     /usr/lib/x86_64-linux-gnu/libdrm_radeon.so.1.0.1
7f894fdc1000-7f894fdc2000 r--p 0000a000 08:01 670460                     /usr/lib/x86_64-linux-gnu/libdrm_radeon.so.1.0.1
7f894fdc2000-7f894fdc3000 rw-p 0000b000 08:01 670460                     /usr/lib/x86_64-linux-gnu/libdrm_radeon.so.1.0.1
7f894fdc3000-7f894fdca000 r-xp 00000000 08:01 670466                     /usr/lib/x86_64-linux-gnu/libdrm_nouveau.so.2.0.0
7f894fdca000-7f894ffc9000 ---p 00007000 08:01 670466                     /usr/lib/x86_64-linux-gnu/libdrm_nouveau.so.2.0.0
7f894ffc9000-7f894ffca000 r--p 00006000 08:01 670466                     /usr/lib/x86_64-linux-gnu/libdrm_nouveau.so.2.0.0
7f894ffca000-7f894ffcb000 rw-p 00007000 08:01 670466                     /usr/lib/x86_64-linux-gnu/libdrm_nouveau.so.2.0.0
7f894ffcb000-7f8950892000 r-xp 00000000 08:01 670472                     /usr/lib/x86_64-linux-gnu/dri/vmwgfx_dri.so
7f8950892000-7f8950a91000 ---p 008c7000 08:01 670472                     /usr/lib/x86_64-linux-gnu/dri/vmwgfx_dri.so
7f8950a91000-7f8950b05000 r--p 008c6000 08:01 670472                     /usr/lib/x86_64-linux-gnu/dri/vmwgfx_dri.so
7f8950b05000-7f8950b14000 rw-p 0093a000 08:01 670472                     /usr/lib/x86_64-linux-gnu/dri/vmwgfx_dri.so
7f8950b14000-7f8950d0a000 rw-p 00000000 00:00 0 
7f8950d0a000-7f8950d28000 r-xp 00000000 08:01 917528                     /lib/x86_64-linux-gnu/libudev.so.1.6.4
7f8950d28000-7f8950d29000 r--p 0001d000 08:01 917528                     /lib/x86_64-linux-gnu/libudev.so.1.6.4
7f8950d29000-7f8950d2a000 rw-p 0001e000 08:01 917528                     /lib/x86_64-linux-gnu/libudev.so.1.6.4
7f8950d2a000-7f8950d2d000 ---p 00000000 00:00 0 
7f8950d2d000-7f8950e2b000 rw-p 00000000 00:00 0 
7f8950e2b000-7f8950e2e000 ---p 00000000 00:00 0 
7f8950e2e000-7f8950f2c000 rw-p 00000000 00:00 0 
7f8950f2c000-7f8950f2f000 ---p 00000000 00:00 0 
7f8950f2f000-7f895102d000 rw-p 00000000 00:00 0 
7f895102d000-7f8951030000 ---p 00000000 00:00 0 
7f8951030000-7f895112e000 rw-p 00000000 00:00 0 
7f895112e000-7f8951131000 ---p 00000000 00:00 0 
7f8951131000-7f895142f000 rw-p 00000000 00:00 0 
7f895142f000-7f895143d000 r-xp 00000000 08:01 685601                     /usr/lib/x86_64-linux-gnu/libdrm.so.2.4.0
7f895143d000-7f895163c000 ---p 0000e000 08:01 685601                     /usr/lib/x86_64-linux-gnu/libdrm.so.2.4.0
7f895163c000-7f895163d000 r--p 0000d000 08:01 685601                     /usr/lib/x86_64-linux-gnu/libdrm.so.2.4.0
7f895163d000-7f895163e000 rw-p 0000e000 08:01 685601                     /usr/lib/x86_64-linux-gnu/libdrm.so.2.4.0
7f895163e000-7f8951643000 r-xp 00000000 08:01 670953                     /usr/lib/x86_64-linux-gnu/libXxf86vm.so.1.0.0
7f8951643000-7f8951842000 ---p 00005000 08:01 670953                     /usr/lib/x86_64-linux-gnu/libXxf86vm.so.1.0.0
7f8951842000-7f8951843000 r--p 00004000 08:01 670953                     /usr/lib/x86_64-linux-gnu/libXxf86vm.so.1.0.0
7f8951843000-7f8951844000 rw-p 00005000 08:01 670953                     /usr/lib/x86_64-linux-gnu/libXxf86vm.so.1.0.0
7f8951844000-7f8951848000 r-xp 00000000 08:01 670444                     /usr/lib/x86_64-linux-gnu/libxcb-dri2.so.0.0.0
7f8951848000-7f8951a47000 ---p 00004000 08:01 670444                     /usr/lib/x86_64-linux-gnu/libxcb-dri2.so.0.0.0
7f8951a47000-7f8951a48000 r--p 00003000 08:01 670444                     /usr/lib/x86_64-linux-gnu/libxcb-dri2.so.0.0.0
7f8951a48000-7f8951a49000 rw-p 00004000 08:01 670444                     /usr/lib/x86_64-linux-gnu/libxcb-dri2.so.0.0.0
7f8951a49000-7f8951a60000 r-xp 00000000 08:01 670951                     /usr/lib/x86_64-linux-gnu/libxcb-glx.so.0.0.0
7f8951a60000-7f8951c5f000 ---p 00017000 08:01 670951                     /usr/lib/x86_64-linux-gnu/libxcb-glx.so.0.0.0
7f8951c5f000-7f8951c61000 r--p 00016000 08:01 670951                     /usr/lib/x86_64-linux-gnu/libxcb-glx.so.0.0.0
7f8951c61000-7f8951c62000 rw-p 00018000 08:01 670951                     /usr/lib/x86_64-linux-gnu/libxcb-glx.so.0.0.0
7f8951c62000-7f8951c63000 r-xp 00000000 08:01 670442                     /usr/lib/x86_64-linux-gnu/libX11-xcb.so.1.0.0
7f8951c63000-7f8951e62000 ---p 00001000 08:01 670442                     /usr/lib/x86_64-linux-gnu/libX11-xcb.so.1.0.0
7f8951e62000-7f8951e63000 r--p 00000000 08:01 670442                     /usr/lib/x86_64-linux-gnu/libX11-xcb.so.1.0.0
7f8951e63000-7f8951e64000 rw-p 00001000 08:01 670442                     /usr/lib/x86_64-linux-gnu/libX11-xcb.so.1.0.0
7f8951e64000-7f8951e66000 r-xp 00000000 08:01 670496                     /usr/lib/x86_64-linux-gnu/libXdamage.so.1.1.0
7f8951e66000-7f8952065000 ---p 00002000 08:01 670496                     /usr/lib/x86_64-linux-gnu/libXdamage.so.1.1.0
7f8952065000-7f8952066000 r--p 00001000 08:01 670496                     /usr/lib/x86_64-linux-gnu/libXdamage.so.1.1.0
7f8952066000-7f8952067000 rw-p 00002000 08:01 670496                     /usr/lib/x86_64-linux-gnu/libXdamage.so.1.1.0
7f8952067000-7f8952090000 r-xp 00000000 08:01 670948                     /usr/lib/x86_64-linux-gnu/libglapi.so.0.0.0
7f8952090000-7f895228f000 ---p 00029000 08:01 670948                     /usr/lib/x86_64-linux-gnu/libglapi.so.0.0.0
7f895228f000-7f8952293000 r--p 00028000 08:01 670948                     /usr/lib/x86_64-linux-gnu/libglapi.so.0.0.0
7f8952293000-7f8952294000 rw-p 0002c000 08:01 670948                     /usr/lib/x86_64-linux-gnu/libglapi.so.0.0.0
7f8952294000-7f8952295000 rw-p 00000000 00:00 0 
7f8952295000-7f8952296000 r-xp 00000000 08:01 670454                     /usr/lib/x86_64-linux-gnu/libxshmfence.so.1.0.0
7f8952296000-7f8952496000 ---p 00001000 08:01 670454                     /usr/lib/x86_64-linux-gnu/libxshmfence.so.1.0.0
7f8952496000-7f8952497000 r--p 00001000 08:01 670454                     /usr/lib/x86_64-linux-gnu/libxshmfence.so.1.0.0
7f8952497000-7f8952498000 rw-p 00002000 08:01 670454                     /usr/lib/x86_64-linux-gnu/libxshmfence.so.1.0.0
7f8952498000-7f895249d000 r-xp 00000000 08:01 670450                     /usr/lib/x86_64-linux-gnu/libxcb-sync.so.1.0.0
7f895249d000-7f895269d000 ---p 00005000 08:01 670450                     /usr/lib/x86_64-linux-gnu/libxcb-sync.so.1.0.0
7f895269d000-7f895269e000 r--p 00005000 08:01 670450                     /usr/lib/x86_64-linux-gnu/libxcb-sync.so.1.0.0
7f895269e000-7f895269f000 rw-p 00006000 08:01 670450                     /usr/lib/x86_64-linux-gnu/libxcb-sync.so.1.0.0
7f895269f000-7f89526a1000 r-xp 00000000 08:01 670448                     /usr/lib/x86_64-linux-gnu/libxcb-present.so.0.0.0
7f89526a1000-7f89528a0000 ---p 00002000 08:01 670448                     /usr/lib/x86_64-linux-gnu/libxcb-present.so.0.0.0
7f89528a0000-7f89528a1000 r--p 00001000 08:01 670448                     /usr/lib/x86_64-linux-gnu/libxcb-present.so.0.0.0
7f89528a1000-7f89528a2000 rw-p 00002000 08:01 670448                     /usr/lib/x86_64-linux-gnu/libxcb-present.so.0.0.0
7f89528a2000-7f89528a4000 r-xp 00000000 08:01 670446                     /usr/lib/x86_64-linux-gnu/libxcb-dri3.so.0.0.0
7f89528a4000-7f8952aa3000 ---p 00002000 08:01 670446                     /usr/lib/x86_64-linux-gnu/libxcb-dri3.so.0.0.0
7f8952aa3000-7f8952aa4000 r--p 00001000 08:01 670446                     /usr/lib/x86_64-linux-gnu/libxcb-dri3.so.0.0.0
7f8952aa4000-7f8952aa5000 rw-p 00002000 08:01 670446                     /usr/lib/x86_64-linux-gnu/libxcb-dri3.so.0.0.0
7f8952aa5000-7f8952acb000 r-xp 00000000 08:01 918034                     /lib/x86_64-linux-gnu/libexpat.so.1.6.0
7f8952acb000-7f8952ccb000 ---p 00026000 08:01 918034                     /lib/x86_64-linux-gnu/libexpat.so.1.6.0
7f8952ccb000-7f8952ccd000 r--p 00026000 08:01 918034                     /lib/x86_64-linux-gnu/libexpat.so.1.6.0
7f8952ccd000-7f8952cce000 rw-p 00028000 08:01 918034                     /lib/x86_64-linux-gnu/libexpat.so.1.6.0
7f8952cce000-7f8952d3b000 r-xp 00000000 08:01 670958                     /usr/lib/x86_64-linux-gnu/mesa/libGL.so.1.2.0
7f8952d3b000-7f8952f3a000 ---p 0006d000 08:01 670958                     /usr/lib/x86_64-linux-gnu/mesa/libGL.so.1.2.0
7f8952f3a000-7f8952f3d000 r--p 0006c000 08:01 670958                     /usr/lib/x86_64-linux-gnu/mesa/libGL.so.1.2.0
7f8952f3d000-7f8952f3e000 rw-p 0006f000 08:01 670958                     /usr/lib/x86_64-linux-gnu/mesa/libGL.so.1.2.0
7f8952f3e000-7f8952f3f000 rw-p 00000000 00:00 0 
7f8952f3f000-7f8952f5f000 r-xp 00000000 08:01 662182                     /usr/lib/jni/libj3dcore-ogl.so
7f8952f5f000-7f895305e000 ---p 00020000 08:01 662182                     /usr/lib/jni/libj3dcore-ogl.so
7f895305e000-7f895305f000 rw-p 0001f000 08:01 662182                     /usr/lib/jni/libj3dcore-ogl.so
7f895305f000-7f8953060000 r-xp 00000000 08:01 795886                     /usr/local/java/jdk1.8.0_111/jre/lib/amd64/libjawt.so
7f8953060000-7f895325f000 ---p 00001000 08:01 795886                     /usr/local/java/jdk1.8.0_111/jre/lib/amd64/libjawt.so
7f895325f000-7f8953260000 rw-p 00000000 08:01 795886                     /usr/local/java/jdk1.8.0_111/jre/lib/amd64/libjawt.so
7f8953260000-7f8953460000 rw-p 00000000 00:00 0 
7f8953460000-7f8953463000 ---p 00000000 00:00 0 
7f8953463000-7f8953561000 rw-p 00000000 00:00 0 
7f8953561000-7f8953566000 r-xp 00000000 08:01 670492                     /usr/lib/x86_64-linux-gnu/libXfixes.so.3.1.0
7f8953566000-7f8953765000 ---p 00005000 08:01 670492                     /usr/lib/x86_64-linux-gnu/libXfixes.so.3.1.0
7f8953765000-7f8953766000 r--p 00004000 08:01 670492                     /usr/lib/x86_64-linux-gnu/libXfixes.so.3.1.0
7f8953766000-7f8953767000 rw-p 00005000 08:01 670492                     /usr/lib/x86_64-linux-gnu/libXfixes.so.3.1.0
7f8953767000-7f8953770000 r-xp 00000000 08:01 670494                     /usr/lib/x86_64-linux-gnu/libXcursor.so.1.0.2
7f8953770000-7f895396f000 ---p 00009000 08:01 670494                     /usr/lib/x86_64-linux-gnu/libXcursor.so.1.0.2
7f895396f000-7f8953970000 r--p 00008000 08:01 670494                     /usr/lib/x86_64-linux-gnu/libXcursor.so.1.0.2
7f8953970000-7f8953971000 rw-p 00009000 08:01 670494                     /usr/lib/x86_64-linux-gnu/libXcursor.so.1.0.2
7f8953971000-7f8953987000 r-xp 00000000 08:01 918039                     /lib/x86_64-linux-gnu/libgcc_s.so.1
7f8953987000-7f8953b86000 ---p 00016000 08:01 918039                     /lib/x86_64-linux-gnu/libgcc_s.so.1
7f8953b86000-7f8953b87000 rw-p 00015000 08:01 918039                     /lib/x86_64-linux-gnu/libgcc_s.so.1
7f8953b87000-7f8953bec000 r-xp 00000000 08:01 795858                     /usr/local/java/jdk1.8.0_111/jre/lib/amd64/libfontmanager.so
7f8953bec000-7f8953deb000 ---p 00065000 08:01 795858                     /usr/local/java/jdk1.8.0_111/jre/lib/amd64/libfontmanager.so
7f8953deb000-7f8953df0000 rw-p 00064000 08:01 795858                     /usr/local/java/jdk1.8.0_111/jre/lib/amd64/libfontmanager.so
7f8953df0000-7f8954000000 rw-p 00000000 00:00 0 
7f8954000000-7f89545d4000 rw-p 00000000 00:00 0 
7f89545d4000-7f8958000000 ---p 00000000 00:00 0 
7f8958000000-7f8958021000 rw-p 00000000 00:00 0 
7f8958021000-7f895c000000 ---p 00000000 00:00 0 
7f895c000000-7f895c0a5000 rw-p 00000000 00:00 0 
7f895c0a5000-7f8960000000 ---p 00000000 00:00 0 
7f8960000000-7f89602f2000 rw-p 00000000 00:00 0 
7f89602f2000-7f8964000000 ---p 00000000 00:00 0 
7f8964000000-7f8964021000 rw-p 00000000 00:00 0 
7f8964021000-7f8968000000 ---p 00000000 00:00 0 
7f8968000000-7f8968021000 rw-p 00000000 00:00 0 
7f8968021000-7f896c000000 ---p 00000000 00:00 0 
7f896c000000-7f896c247000 rw-p 00000000 00:00 0 
7f896c247000-7f8970000000 ---p 00000000 00:00 0 
7f8970000000-7f8970003000 ---p 00000000 00:00 0 
7f8970003000-7f8970101000 rw-p 00000000 00:00 0 
7f8970101000-7f8970106000 r-xp 00000000 08:01 667659                     /usr/lib/x86_64-linux-gnu/libXdmcp.so.6.0.0
7f8970106000-7f8970305000 ---p 00005000 08:01 667659                     /usr/lib/x86_64-linux-gnu/libXdmcp.so.6.0.0
7f8970305000-7f8970306000 r--p 00004000 08:01 667659                     /usr/lib/x86_64-linux-gnu/libXdmcp.so.6.0.0
7f8970306000-7f8970307000 rw-p 00005000 08:01 667659                     /usr/lib/x86_64-linux-gnu/libXdmcp.so.6.0.0
7f8970307000-7f8970309000 r-xp 00000000 08:01 667657                     /usr/lib/x86_64-linux-gnu/libXau.so.6.0.0
7f8970309000-7f8970509000 ---p 00002000 08:01 667657                     /usr/lib/x86_64-linux-gnu/libXau.so.6.0.0
7f8970509000-7f897050a000 r--p 00002000 08:01 667657                     /usr/lib/x86_64-linux-gnu/libXau.so.6.0.0
7f897050a000-7f897050b000 rw-p 00003000 08:01 667657                     /usr/lib/x86_64-linux-gnu/libXau.so.6.0.0
7f897050b000-7f897052c000 r-xp 00000000 08:01 667661                     /usr/lib/x86_64-linux-gnu/libxcb.so.1.1.0
7f897052c000-7f897072b000 ---p 00021000 08:01 667661                     /usr/lib/x86_64-linux-gnu/libxcb.so.1.1.0
7f897072b000-7f897072c000 r--p 00020000 08:01 667661                     /usr/lib/x86_64-linux-gnu/libxcb.so.1.1.0
7f897072c000-7f897072d000 rw-p 00021000 08:01 667661                     /usr/lib/x86_64-linux-gnu/libxcb.so.1.1.0
7f897072d000-7f897073c000 r-xp 00000000 08:01 670498                     /usr/lib/x86_64-linux-gnu/libXi.so.6.1.0
7f897073c000-7f897093b000 ---p 0000f000 08:01 670498                     /usr/lib/x86_64-linux-gnu/libXi.so.6.1.0
7f897093b000-7f897093c000 r--p 0000e000 08:01 670498                     /usr/lib/x86_64-linux-gnu/libXi.so.6.1.0
7f897093c000-7f897093d000 rw-p 0000f000 08:01 670498                     /usr/lib/x86_64-linux-gnu/libXi.so.6.1.0
7f897093d000-7f8970942000 r-xp 00000000 08:01 671430                     /usr/lib/x86_64-linux-gnu/libXtst.so.6.1.0
7f8970942000-7f8970b41000 ---p 00005000 08:01 671430                     /usr/lib/x86_64-linux-gnu/libXtst.so.6.1.0
7f8970b41000-7f8970b42000 r--p 00004000 08:01 671430                     /usr/lib/x86_64-linux-gnu/libXtst.so.6.1.0
7f8970b42000-7f8970b43000 rw-p 00005000 08:01 671430                     /usr/lib/x86_64-linux-gnu/libXtst.so.6.1.0
7f8970b43000-7f8970b4c000 r-xp 00000000 08:01 669067                     /usr/lib/x86_64-linux-gnu/libXrender.so.1.3.0
7f8970b4c000-7f8970d4b000 ---p 00009000 08:01 669067                     /usr/lib/x86_64-linux-gnu/libXrender.so.1.3.0
7f8970d4b000-7f8970d4c000 r--p 00008000 08:01 669067                     /usr/lib/x86_64-linux-gnu/libXrender.so.1.3.0
7f8970d4c000-7f8970d4d000 rw-p 00009000 08:01 669067                     /usr/lib/x86_64-linux-gnu/libXrender.so.1.3.0
7f8970d4d000-7f8970e82000 r-xp 00000000 08:01 667725                     /usr/lib/x86_64-linux-gnu/libX11.so.6.3.0
7f8970e82000-7f8971082000 ---p 00135000 08:01 667725                     /usr/lib/x86_64-linux-gnu/libX11.so.6.3.0
7f8971082000-7f8971083000 r--p 00135000 08:01 667725                     /usr/lib/x86_64-linux-gnu/libX11.so.6.3.0
7f8971083000-7f8971087000 rw-p 00136000 08:01 667725                     /usr/lib/x86_64-linux-gnu/libX11.so.6.3.0
7f8971087000-7f8971098000 r-xp 00000000 08:01 667727                     /usr/lib/x86_64-linux-gnu/libXext.so.6.4.0
7f8971098000-7f8971297000 ---p 00011000 08:01 667727                     /usr/lib/x86_64-linux-gnu/libXext.so.6.4.0
7f8971297000-7f8971298000 r--p 00010000 08:01 667727                     /usr/lib/x86_64-linux-gnu/libXext.so.6.4.0
7f8971298000-7f8971299000 rw-p 00011000 08:01 667727                     /usr/lib/x86_64-linux-gnu/libXext.so.6.4.0
7f8971299000-7f897129a000 r--s 00000000 08:01 544370                     /var/cache/fontconfig/30829fa25452a46451e813d634d7f916-le64.cache-6
7f897129a000-7f89712ac000 r--s 00000000 08:01 544367                     /var/cache/fontconfig/9b89f8e3dae116d678bbf48e5f21f69b-le64.cache-6
7f89712ac000-7f89712af000 r--s 00000000 08:01 545980                     /var/cache/fontconfig/e13b20fdb08344e0e664864cc2ede53d-le64.cache-6
7f89712af000-7f89712b3000 r--s 00000000 08:01 527481                     /var/cache/fontconfig/7ef2298fde41cc6eeb7af42e48b7d293-le64.cache-6
7f89712b3000-7f8971307000 r-xp 00000000 08:01 795866                     /usr/local/java/jdk1.8.0_111/jre/lib/amd64/libawt_xawt.so
7f8971307000-7f8971507000 ---p 00054000 08:01 795866                     /usr/local/java/jdk1.8.0_111/jre/lib/amd64/libawt_xawt.so
7f8971507000-7f897150b000 rw-p 00054000 08:01 795866                     /usr/local/java/jdk1.8.0_111/jre/lib/amd64/libawt_xawt.so
7f897150b000-7f897150c000 rw-p 00000000 00:00 0 
7f897150c000-7f89715ae000 r-xp 00000000 08:01 795897                     /usr/local/java/jdk1.8.0_111/jre/lib/amd64/libawt.so
7f89715ae000-7f89717ae000 ---p 000a2000 08:01 795897                     /usr/local/java/jdk1.8.0_111/jre/lib/amd64/libawt.so
7f89717ae000-7f89717ba000 rw-p 000a2000 08:01 795897                     /usr/local/java/jdk1.8.0_111/jre/lib/amd64/libawt.so
7f89717ba000-7f89717de000 rw-p 00000000 00:00 0 
7f89717de000-7f89717fa000 r--s 00393000 08:01 795918                     /usr/local/java/jdk1.8.0_111/jre/lib/ext/cldrdata.jar
7f89717fa000-7f8971804000 r--s 00116000 08:01 795915                     /usr/local/java/jdk1.8.0_111/jre/lib/ext/localedata.jar
7f8971804000-7f8971a04000 rw-p 00000000 00:00 0 
7f8971a04000-7f8971a07000 r--s 0001a000 08:01 795952                     /usr/local/java/jdk1.8.0_111/jre/lib/jce.jar
7f8971a07000-7f8971a0b000 r--s 00097000 08:01 795820                     /usr/local/java/jdk1.8.0_111/jre/lib/jsse.jar
7f8971a0b000-7f8971c0b000 rw-p 00000000 00:00 0 
7f8971c0b000-7f8971f0c000 rw-p 00000000 00:00 0 
7f8971f0c000-7f8971f22000 r-xp 00000000 08:01 795839                     /usr/local/java/jdk1.8.0_111/jre/lib/amd64/libnet.so
7f8971f22000-7f8972122000 ---p 00016000 08:01 795839                     /usr/local/java/jdk1.8.0_111/jre/lib/amd64/libnet.so
7f8972122000-7f8972123000 rw-p 00016000 08:01 795839                     /usr/local/java/jdk1.8.0_111/jre/lib/amd64/libnet.so
7f8972123000-7f8972126000 ---p 00000000 00:00 0 
7f8972126000-7f8972224000 rw-p 00000000 00:00 0 
7f8972224000-7f8972225000 r-xp 00000000 08:01 8164                       /home/fasih58/Desktop/idea-IC-162.2228.15/bin/libbreakgen64.so
7f8972225000-7f8972424000 ---p 00001000 08:01 8164                       /home/fasih58/Desktop/idea-IC-162.2228.15/bin/libbreakgen64.so
7f8972424000-7f8972425000 r--p 00000000 08:01 8164                       /home/fasih58/Desktop/idea-IC-162.2228.15/bin/libbreakgen64.so
7f8972425000-7f8972426000 rw-p 00001000 08:01 8164                       /home/fasih58/Desktop/idea-IC-162.2228.15/bin/libbreakgen64.so
7f8972426000-7f8972428000 r--s 0001e000 08:01 3140                       /home/fasih58/Desktop/idea-IC-162.2228.15/lib/idea_rt.jar
7f8972428000-7f897242f000 r--s 00051000 08:01 9643                       /home/fasih58/.m2/repository/log4j/log4j/1.2.13/log4j-1.2.13.jar
7f897242f000-7f8972431000 r--s 0000b000 08:01 9690                       /home/fasih58/.m2/repository/net/sf/jopt-simple/jopt-simple/3.1/jopt-simple-3.1.jar
7f8972431000-7f8972436000 r--s 0004c000 08:01 9679                       /home/fasih58/.m2/repository/com/google/protobuf/protobuf-java/2.3.0/protobuf-java-2.3.0.jar
7f8972436000-7f8972444000 r--s 00193000 08:01 9677                       /home/fasih58/.m2/repository/net/java/dev/java3d/j3d-utils/1.5.2/j3d-utils-1.5.2.jar
7f8972444000-7f8972450000 r--s 002c7000 08:01 9638                       /home/fasih58/.m2/repository/net/java/dev/java3d/j3d-core/1.5.2/j3d-core-1.5.2.jar
7f8972450000-7f8972456000 r--s 00046000 08:01 9642                       /home/fasih58/.m2/repository/jfree/jcommon/1.0.15/jcommon-1.0.15.jar
7f8972456000-7f8972466000 r--s 0013f000 08:01 9641                       /home/fasih58/.m2/repository/jfree/jfreechart/1.0.12/jfreechart-1.0.12.jar
7f8972466000-7f8972477000 r--s 000bb000 08:01 9640                       /home/fasih58/.m2/repository/org/apache/commons/commons-math/2.1/commons-math-2.1.jar
7f8972477000-7f8972480000 r--s 00079000 08:01 12235                      /home/fasih58/.m2/repository/cz/advel/jbullet/jbullet/20101010-BNK-3/jbullet-20101010-BNK-3.jar
7f8972480000-7f8972482000 r--s 0004c000 08:01 12227                      /home/fasih58/.m2/repository/net/java/dev/java3d/vecmath/1.5.2/vecmath-1.5.2.jar
7f8972482000-7f8972483000 ---p 00000000 00:00 0 
7f8972483000-7f8972583000 rw-p 00000000 00:00 0 
7f8972583000-7f8972586000 ---p 00000000 00:00 0 
7f8972586000-7f8972684000 rw-p 00000000 00:00 0 
7f8972684000-7f8972687000 ---p 00000000 00:00 0 
7f8972687000-7f8972785000 rw-p 00000000 00:00 0 
7f8972785000-7f8972788000 ---p 00000000 00:00 0 
7f8972788000-7f8972886000 rw-p 00000000 00:00 0 
7f8972886000-7f8972889000 ---p 00000000 00:00 0 
7f8972889000-7f8972987000 rw-p 00000000 00:00 0 
7f8972987000-7f8972c5f000 r--p 00000000 08:01 661285                     /usr/lib/locale/locale-archive
7f8972c5f000-7f8972c62000 ---p 00000000 00:00 0 
7f8972c62000-7f8972d60000 rw-p 00000000 00:00 0 
7f8972d60000-7f8972d63000 ---p 00000000 00:00 0 
7f8972d63000-7f8972e61000 rw-p 00000000 00:00 0 
7f8972e61000-7f8972e62000 ---p 00000000 00:00 0 
7f8972e62000-7f8972f62000 rw-p 00000000 00:00 0 
7f8972f62000-7f897313a000 r--s 03d2a000 08:01 795832                     /usr/local/java/jdk1.8.0_111/jre/lib/rt.jar
7f897313a000-7f897393a000 rw-p 00000000 00:00 0 
7f897393a000-7f897394d000 rw-p 00000000 00:00 0 
7f897394d000-7f8973a31000 ---p 00000000 00:00 0 
7f8973a31000-7f8973a3b000 rw-p 00000000 00:00 0 
7f8973a3b000-7f8973aac000 ---p 00000000 00:00 0 
7f8973aac000-7f8973abf000 rw-p 00000000 00:00 0 
7f8973abf000-7f8973ba2000 ---p 00000000 00:00 0 
7f8973ba2000-7f8973bba000 rw-p 00000000 00:00 0 
7f8973bba000-7f8973f63000 ---p 00000000 00:00 0 
7f8973f63000-7f89744f3000 rwxp 00000000 00:00 0 
7f89744f3000-7f8982f63000 ---p 00000000 00:00 0 
7f8982f63000-7f8982f7d000 r-xp 00000000 08:01 795862                     /usr/local/java/jdk1.8.0_111/jre/lib/amd64/libzip.so
7f8982f7d000-7f898317d000 ---p 0001a000 08:01 795862                     /usr/local/java/jdk1.8.0_111/jre/lib/amd64/libzip.so
7f898317d000-7f898317e000 rw-p 0001a000 08:01 795862                     /usr/local/java/jdk1.8.0_111/jre/lib/amd64/libzip.so
7f898317e000-7f8983189000 r-xp 00000000 08:01 918077                     /lib/x86_64-linux-gnu/libnss_files-2.23.so
7f8983189000-7f8983388000 ---p 0000b000 08:01 918077                     /lib/x86_64-linux-gnu/libnss_files-2.23.so
7f8983388000-7f8983389000 r--p 0000a000 08:01 918077                     /lib/x86_64-linux-gnu/libnss_files-2.23.so
7f8983389000-7f898338a000 rw-p 0000b000 08:01 918077                     /lib/x86_64-linux-gnu/libnss_files-2.23.so
7f898338a000-7f8983390000 rw-p 00000000 00:00 0 
7f8983390000-7f898339b000 r-xp 00000000 08:01 918081                     /lib/x86_64-linux-gnu/libnss_nis-2.23.so
7f898339b000-7f898359a000 ---p 0000b000 08:01 918081                     /lib/x86_64-linux-gnu/libnss_nis-2.23.so
7f898359a000-7f898359b000 r--p 0000a000 08:01 918081                     /lib/x86_64-linux-gnu/libnss_nis-2.23.so
7f898359b000-7f898359c000 rw-p 0000b000 08:01 918081                     /lib/x86_64-linux-gnu/libnss_nis-2.23.so
7f898359c000-7f89835b2000 r-xp 00000000 08:01 918071                     /lib/x86_64-linux-gnu/libnsl-2.23.so
7f89835b2000-7f89837b1000 ---p 00016000 08:01 918071                     /lib/x86_64-linux-gnu/libnsl-2.23.so
7f89837b1000-7f89837b2000 r--p 00015000 08:01 918071                     /lib/x86_64-linux-gnu/libnsl-2.23.so
7f89837b2000-7f89837b3000 rw-p 00016000 08:01 918071                     /lib/x86_64-linux-gnu/libnsl-2.23.so
7f89837b3000-7f89837b5000 rw-p 00000000 00:00 0 
7f89837b5000-7f89837bd000 r-xp 00000000 08:01 918073                     /lib/x86_64-linux-gnu/libnss_compat-2.23.so
7f89837bd000-7f89839bc000 ---p 00008000 08:01 918073                     /lib/x86_64-linux-gnu/libnss_compat-2.23.so
7f89839bc000-7f89839bd000 r--p 00007000 08:01 918073                     /lib/x86_64-linux-gnu/libnss_compat-2.23.so
7f89839bd000-7f89839be000 rw-p 00008000 08:01 918073                     /lib/x86_64-linux-gnu/libnss_compat-2.23.so
7f89839be000-7f89839e9000 r-xp 00000000 08:01 795888                     /usr/local/java/jdk1.8.0_111/jre/lib/amd64/libjava.so
7f89839e9000-7f8983be8000 ---p 0002b000 08:01 795888                     /usr/local/java/jdk1.8.0_111/jre/lib/amd64/libjava.so
7f8983be8000-7f8983bea000 rw-p 0002a000 08:01 795888                     /usr/local/java/jdk1.8.0_111/jre/lib/amd64/libjava.so
7f8983bea000-7f8983bf7000 r-xp 00000000 08:01 795840                     /usr/local/java/jdk1.8.0_111/jre/lib/amd64/libverify.so
7f8983bf7000-7f8983df6000 ---p 0000d000 08:01 795840                     /usr/local/java/jdk1.8.0_111/jre/lib/amd64/libverify.so
7f8983df6000-7f8983df8000 rw-p 0000c000 08:01 795840                     /usr/local/java/jdk1.8.0_111/jre/lib/amd64/libverify.so
7f8983df8000-7f8983dff000 r-xp 00000000 08:01 918106                     /lib/x86_64-linux-gnu/librt-2.23.so
7f8983dff000-7f8983ffe000 ---p 00007000 08:01 918106                     /lib/x86_64-linux-gnu/librt-2.23.so
7f8983ffe000-7f8983fff000 r--p 00006000 08:01 918106                     /lib/x86_64-linux-gnu/librt-2.23.so
7f8983fff000-7f8984000000 rw-p 00007000 08:01 918106                     /lib/x86_64-linux-gnu/librt-2.23.so
7f8984000000-7f8984a32000 rw-p 00000000 00:00 0 
7f8984a32000-7f8988000000 ---p 00000000 00:00 0 
7f8988000000-7f8988001000 r--s 00000000 08:01 528971                     /var/cache/fontconfig/0c9eb80ebd1c36541ebe2852d3bb0c49-le64.cache-6
7f8988001000-7f898800f000 r--s 00095000 08:01 9636                       /home/fasih58/.m2/repository/com/google/inject/guice/2.0/guice-2.0.jar
7f898800f000-7f8988022000 r--s 00345000 08:01 795946                     /usr/local/java/jdk1.8.0_111/jre/lib/resources.jar
7f8988022000-7f8988034000 r--s 000d6000 08:01 795945                     /usr/local/java/jdk1.8.0_111/jre/lib/plugin.jar
7f8988034000-7f8988038000 r--s 00097000 08:01 795820                     /usr/local/java/jdk1.8.0_111/jre/lib/jsse.jar
7f8988038000-7f8988053000 r--s 00208000 08:01 795941                     /usr/local/java/jdk1.8.0_111/jre/lib/deploy.jar
7f8988053000-7f89880c9000 rw-p 00000000 00:00 0 
7f89880c9000-7f89881d1000 r-xp 00000000 08:01 918054                     /lib/x86_64-linux-gnu/libm-2.23.so
7f89881d1000-7f89883d0000 ---p 00108000 08:01 918054                     /lib/x86_64-linux-gnu/libm-2.23.so
7f89883d0000-7f89883d1000 r--p 00107000 08:01 918054                     /lib/x86_64-linux-gnu/libm-2.23.so
7f89883d1000-7f89883d2000 rw-p 00108000 08:01 918054                     /lib/x86_64-linux-gnu/libm-2.23.so
7f89883d2000-7f898909f000 r-xp 00000000 08:01 795891                     /usr/local/java/jdk1.8.0_111/jre/lib/amd64/server/libjvm.so
7f898909f000-7f898929e000 ---p 00ccd000 08:01 795891                     /usr/local/java/jdk1.8.0_111/jre/lib/amd64/server/libjvm.so
7f898929e000-7f8989377000 rw-p 00ccc000 08:01 795891                     /usr/local/java/jdk1.8.0_111/jre/lib/amd64/server/libjvm.so
7f8989377000-7f89893c2000 rw-p 00000000 00:00 0 
7f89893c2000-7f8989582000 r-xp 00000000 08:01 918013                     /lib/x86_64-linux-gnu/libc-2.23.so
7f8989582000-7f8989781000 ---p 001c0000 08:01 918013                     /lib/x86_64-linux-gnu/libc-2.23.so
7f8989781000-7f8989785000 r--p 001bf000 08:01 918013                     /lib/x86_64-linux-gnu/libc-2.23.so
7f8989785000-7f8989787000 rw-p 001c3000 08:01 918013                     /lib/x86_64-linux-gnu/libc-2.23.so
7f8989787000-7f898978b000 rw-p 00000000 00:00 0 
7f898978b000-7f898978e000 r-xp 00000000 08:01 918027                     /lib/x86_64-linux-gnu/libdl-2.23.so
7f898978e000-7f898998d000 ---p 00003000 08:01 918027                     /lib/x86_64-linux-gnu/libdl-2.23.so
7f898998d000-7f898998e000 r--p 00002000 08:01 918027                     /lib/x86_64-linux-gnu/libdl-2.23.so
7f898998e000-7f898998f000 rw-p 00003000 08:01 918027                     /lib/x86_64-linux-gnu/libdl-2.23.so
7f898998f000-7f89899a4000 r-xp 00000000 08:01 795877                     /usr/local/java/jdk1.8.0_111/jre/lib/amd64/jli/libjli.so
7f89899a4000-7f8989ba4000 ---p 00015000 08:01 795877                     /usr/local/java/jdk1.8.0_111/jre/lib/amd64/jli/libjli.so
7f8989ba4000-7f8989ba5000 rw-p 00015000 08:01 795877                     /usr/local/java/jdk1.8.0_111/jre/lib/amd64/jli/libjli.so
7f8989ba5000-7f8989bbd000 r-xp 00000000 08:01 918100                     /lib/x86_64-linux-gnu/libpthread-2.23.so
7f8989bbd000-7f8989dbc000 ---p 00018000 08:01 918100                     /lib/x86_64-linux-gnu/libpthread-2.23.so
7f8989dbc000-7f8989dbd000 r--p 00017000 08:01 918100                     /lib/x86_64-linux-gnu/libpthread-2.23.so
7f8989dbd000-7f8989dbe000 rw-p 00018000 08:01 918100                     /lib/x86_64-linux-gnu/libpthread-2.23.so
7f8989dbe000-7f8989dc2000 rw-p 00000000 00:00 0 
7f8989dc2000-7f8989de8000 r-xp 00000000 08:01 917989                     /lib/x86_64-linux-gnu/ld-2.23.so
7f8989de8000-7f8989dea000 r--s 00000000 08:01 9637                       /home/fasih58/.m2/repository/aopalliance/aopalliance/1.0/aopalliance-1.0.jar
7f8989dea000-7f8989dec000 r--s 00007000 08:01 795902                     /usr/local/java/jdk1.8.0_111/jre/lib/jfxswt.jar
7f8989dec000-7f8989df1000 r--s 00084000 08:01 795933                     /usr/local/java/jdk1.8.0_111/jre/lib/jfr.jar
7f8989df1000-7f8989df4000 r--s 0001a000 08:01 795952                     /usr/local/java/jdk1.8.0_111/jre/lib/jce.jar
7f8989df4000-7f8989ec6000 rw-p 00000000 00:00 0 
7f8989ec6000-7f8989ec9000 ---p 00000000 00:00 0 
7f8989ec9000-7f8989fcb000 rw-p 00000000 00:00 0 
7f8989fcb000-7f8989fcc000 r--s 00000000 08:01 795907                     /usr/local/java/jdk1.8.0_111/jre/lib/management-agent.jar
7f8989fcc000-7f8989fd6000 r--s 0006c000 08:01 795940                     /usr/local/java/jdk1.8.0_111/jre/lib/javaws.jar
7f8989fd6000-7f8989fdb000 r--s 002f9000 08:01 795821                     /usr/local/java/jdk1.8.0_111/jre/lib/charsets.jar
7f8989fdb000-7f8989fe3000 rw-s 00000000 08:01 12772                      /tmp/hsperfdata_fasih58/8749
7f8989fe3000-7f8989fe4000 rw-p 00000000 00:00 0 
7f8989fe4000-7f8989fe5000 r--p 00000000 00:00 0 
7f8989fe5000-7f8989fe7000 rw-p 00000000 00:00 0 
7f8989fe7000-7f8989fe8000 r--p 00025000 08:01 917989                     /lib/x86_64-linux-gnu/ld-2.23.so
7f8989fe8000-7f8989fe9000 rw-p 00026000 08:01 917989                     /lib/x86_64-linux-gnu/ld-2.23.so
7f8989fe9000-7f8989fea000 rw-p 00000000 00:00 0 
7ffed17ed000-7ffed180f000 rw-p 00000000 00:00 0                          [stack]
7ffed19f8000-7ffed19fa000 r--p 00000000 00:00 0                          [vvar]
7ffed19fa000-7ffed19fc000 r-xp 00000000 00:00 0                          [vdso]
ffffffffff600000-ffffffffff601000 r-xp 00000000 00:00 0                  [vsyscall]

VM Arguments:
jvm_args: -Didea.launcher.port=7534 -Didea.launcher.bin.path=/home/fasih58/Desktop/idea-IC-162.2228.15/bin -Dfile.encoding=UTF-8 
java_command: com.intellij.rt.execution.application.AppMain harvard.robobees.simbeeotic.Simbeeotic -s RandomBroadcastScenario.xml -w EmptyWorld.xml -l log4j.properties
java_class_path (initial): /usr/local/java/jdk1.8.0_111/jre/lib/charsets.jar:/usr/local/java/jdk1.8.0_111/jre/lib/deploy.jar:/usr/local/java/jdk1.8.0_111/jre/lib/ext/cldrdata.jar:/usr/local/java/jdk1.8.0_111/jre/lib/ext/dnsns.jar:/usr/local/java/jdk1.8.0_111/jre/lib/ext/jaccess.jar:/usr/local/java/jdk1.8.0_111/jre/lib/ext/jfxrt.jar:/usr/local/java/jdk1.8.0_111/jre/lib/ext/localedata.jar:/usr/local/java/jdk1.8.0_111/jre/lib/ext/nashorn.jar:/usr/local/java/jdk1.8.0_111/jre/lib/ext/sunec.jar:/usr/local/java/jdk1.8.0_111/jre/lib/ext/sunjce_provider.jar:/usr/local/java/jdk1.8.0_111/jre/lib/ext/sunpkcs11.jar:/usr/local/java/jdk1.8.0_111/jre/lib/ext/zipfs.jar:/usr/local/java/jdk1.8.0_111/jre/lib/javaws.jar:/usr/local/java/jdk1.8.0_111/jre/lib/jce.jar:/usr/local/java/jdk1.8.0_111/jre/lib/jfr.jar:/usr/local/java/jdk1.8.0_111/jre/lib/jfxswt.jar:/usr/local/java/jdk1.8.0_111/jre/lib/jsse.jar:/usr/local/java/jdk1.8.0_111/jre/lib/management-agent.jar:/usr/local/java/jdk1.8.0_111/jre/lib/plugin.jar:/usr/local/java/jdk1.8.0_111/jre/lib/resources.jar:/usr/local/java/jdk1.8.0_111/jre/lib/rt.jar:/home/fasih58/Desktop/Simbeeotic/simbeeotic/simbeeotic-app/target/classes:/home/fasih58/Desktop/Simbeeotic/simbeeotic/simbeeotic-core/target/classes:/home/fasih58/.m2/repository/com/google/inject/guice/2.0/guice-2.0.jar:/home/fasih58/.m2/repository/aopalliance/aopalliance/1.0/aopalliance-1.0.jar:/home/fasih58/.m2/repository/net/java/dev/java3d/vecmath/1.5.2/vecmath-1.5.2.jar:/home/fasih58/.m2/repository/cz/advel/jbullet/jbullet/20101010-BNK-3/jbullet-20101010-BNK-3.jar:/home/fasih58/.m2/repository/org/apache/commons/commons-math/2.1/commons-math-2.1.jar:/home/fasih58/.m2/repository/jfree/jfreechart/1.0.12/jfreechart-1.0.12.jar:/home/fasih58/.m2/repository/jfree/jcommon/1.0.15/jcommon-1.0.15.jar:/home/fasih58/Desktop/Simbeeotic/simbeeotic/simbeeotic-vis/target/classes:/home/fasih58/.m2/repository/net/java/dev/java3d/j3d-core/1.5.2/j3d-core-1.5.2.jar:/home/fasih58/.m2/repository/net/java/dev/j
Launcher Type: SUN_STANDARD

Environment Variables:
JAVA_HOME=/usr/local/java/jdk1.8.0_111
JRE_HOME=/usr/local/java/jre1.8.0_111
PATH=/home/fasih58/bin:/home/fasih58/.local/bin:/usr/local/sbin:/usr/local/bin:/usr/sbin:/usr/bin:/sbin:/bin:/usr/games:/usr/local/games:/snap/bin:/usr/local/java/jre1.8.0_111/bin:/usr/local/java/jdk1.8.0_111/bin
LD_LIBRARY_PATH=/usr/lib/jni
SHELL=/bin/bash
DISPLAY=:0

Signal Handlers:
SIGSEGV: [libjvm.so+0xac64b0], sa_mask[0]=11111111011111111101111111111110, sa_flags=SA_RESTART|SA_SIGINFO
SIGBUS: [libjvm.so+0xac64b0], sa_mask[0]=11111111011111111101111111111110, sa_flags=SA_RESTART|SA_SIGINFO
SIGFPE: [libjvm.so+0x91f950], sa_mask[0]=11111111011111111101111111111110, sa_flags=SA_RESTART|SA_SIGINFO
SIGPIPE: [libjvm.so+0x91f950], sa_mask[0]=11111111011111111101111111111110, sa_flags=SA_RESTART|SA_SIGINFO
SIGXFSZ: [libjvm.so+0x91f950], sa_mask[0]=11111111011111111101111111111110, sa_flags=SA_RESTART|SA_SIGINFO
SIGILL: [libjvm.so+0x91f950], sa_mask[0]=11111111011111111101111111111110, sa_flags=SA_RESTART|SA_SIGINFO
SIGUSR1: SIG_DFL, sa_mask[0]=00000000000000000000000000000000, sa_flags=none
SIGUSR2: [libjvm.so+0x920f80], sa_mask[0]=00100000000000000000000000000000, sa_flags=SA_RESTART|SA_SIGINFO
SIGHUP: [libjvm.so+0x922380], sa_mask[0]=11111111011111111101111111111110, sa_flags=SA_RESTART|SA_SIGINFO
SIGINT: [libjvm.so+0x922380], sa_mask[0]=11111111011111111101111111111110, sa_flags=SA_RESTART|SA_SIGINFO
SIGTERM: [libjvm.so+0x922380], sa_mask[0]=11111111011111111101111111111110, sa_flags=SA_RESTART|SA_SIGINFO
SIGQUIT: [libjvm.so+0x922380], sa_mask[0]=11111111011111111101111111111110, sa_flags=SA_RESTART|SA_SIGINFO


---------------  S Y S T E M  ---------------

OS:DISTRIB_ID=Ubuntu
DISTRIB_RELEASE=16.04
DISTRIB_CODENAME=xenial
DISTRIB_DESCRIPTION="Ubuntu 16.04.1 LTS"

uname:Linux 4.4.0-57-generic #78-Ubuntu SMP Fri Dec 9 23:50:32 UTC 2016 x86_64
libc:glibc 2.23 NPTL 2.23 
rlimit: STACK 8192k, CORE 0k, NPROC 11627, NOFILE 65536, AS infinity
load average:1.95 1.23 1.22

/proc/meminfo:
MemTotal:        3019164 kB
MemFree:          147096 kB
MemAvailable:      97276 kB
Buffers:            5992 kB
Cached:           106064 kB
SwapCached:        16940 kB
Active:          1875260 kB
Inactive:         512772 kB
Active(anon):    1822236 kB
Inactive(anon):   469560 kB
Active(file):      53024 kB
Inactive(file):    43212 kB
Unevictable:        3676 kB
Mlocked:            3676 kB
SwapTotal:       1046524 kB
SwapFree:            536 kB
Dirty:              1232 kB
Writeback:             0 kB
AnonPages:       2262868 kB
Mapped:            86012 kB
Shmem:             13324 kB
Slab:              92052 kB
SReclaimable:      30160 kB
SUnreclaim:        61892 kB
KernelStack:       13072 kB
PageTables:        35880 kB
NFS_Unstable:          0 kB
Bounce:                0 kB
WritebackTmp:          0 kB
CommitLimit:     2556104 kB
Committed_AS:    6574908 kB
VmallocTotal:   34359738367 kB
VmallocUsed:           0 kB
VmallocChunk:          0 kB
HardwareCorrupted:     0 kB
AnonHugePages:   1314816 kB
CmaTotal:              0 kB
CmaFree:               0 kB
HugePages_Total:       0
HugePages_Free:        0
HugePages_Rsvd:        0
HugePages_Surp:        0
Hugepagesize:       2048 kB
DirectMap4k:      149376 kB
DirectMap2M:     3020800 kB


CPU:total 1 (1 cores per cpu, 1 threads per core) family 6 model 58 stepping 9, cmov, cx8, fxsr, mmx, sse, sse2, sse3, ssse3, sse4.1, sse4.2, popcnt, avx, aes, clmul, erms, tsc, tscinvbit, tscinv

/proc/cpuinfo:
processor	: 0
vendor_id	: GenuineIntel
cpu family	: 6
model		: 58
model name	: Intel(R) Core(TM) i5-3337U CPU @ 1.80GHz
stepping	: 9
microcode	: 0x1b
cpu MHz		: 1795.920
cache size	: 3072 KB
physical id	: 0
siblings	: 1
core id		: 0
cpu cores	: 1
apicid		: 0
initial apicid	: 0
fpu		: yes
fpu_exception	: yes
cpuid level	: 13
wp		: yes
flags		: fpu vme de pse tsc msr pae mce cx8 apic sep mtrr pge mca cmov pat pse36 clflush dts mmx fxsr sse sse2 ss syscall nx rdtscp lm constant_tsc arch_perfmon pebs bts nopl xtopology tsc_reliable nonstop_tsc aperfmperf pni pclmulqdq ssse3 cx16 pcid sse4_1 sse4_2 x2apic popcnt tsc_deadline_timer aes xsave avx f16c rdrand hypervisor lahf_lm epb fsgsbase tsc_adjust smep dtherm ida arat pln pts
bugs		:
bogomips	: 3591.84
clflush size	: 64
cache_alignment	: 64
address sizes	: 42 bits physical, 48 bits virtual
power management:



Memory: 4k page, physical 3019164k(146848k free), swap 1046524k(536k free)

vm_info: Java HotSpot(TM) 64-Bit Server VM (25.111-b14) for linux-amd64 JRE (1.8.0_111-b14), built on Sep 22 2016 16:14:03 by "java_re" with gcc 4.3.0 20080428 (Red Hat 4.3.0-8)

time: Sun Jan  1 20:47:57 2017
elapsed time: 17 seconds (0d 0h 0m 17s)

