#
# A fatal error has been detected by the Java Runtime Environment:
#
#  SIGSEGV (0xb) at pc=0x00007f703237c823, pid=8807, tid=0x00007f7032f65700
#
# JRE version: Java(TM) SE Runtime Environment (8.0_111-b14) (build 1.8.0_111-b14)
# Java VM: Java HotSpot(TM) 64-Bit Server VM (25.111-b14 mixed mode linux-amd64 compressed oops)
# Problematic frame:
# C  [vmwgfx_dri.so+0x256823]
#
# Failed to write core dump. Core dumps have been disabled. To enable core dumping, try "ulimit -c unlimited" before starting Java again
#
# If you would like to submit a bug report, please visit:
#   http://bugreport.java.com/bugreport/crash.jsp
# The crash happened outside the Java Virtual Machine in native code.
# See problematic frame for where to report the bug.
#

---------------  T H R E A D  ---------------

Current thread (0x00007f7050018000):  JavaThread "J3D-Renderer-1" [_thread_in_native, id=8837, stack(0x00007f7032e65000,0x00007f7032f66000)]

siginfo: si_signo: 11 (SIGSEGV), si_code: 1 (SEGV_MAPERR), si_addr: 0x0000000000000728

Registers:
RAX=0x0000000000000000, RBX=0x00007f7064751ae0, RCX=0x0000000000000000, RDX=0x00007f7032f643d0
RSP=0x00007f7032f643a0, RBP=0x00007f7032f643d0, RSI=0x0000000000000000, RDI=0x00007f7064751ae0
R8 =0x0000000000000000, R9 =0x0000000000000000, R10=0x0000000000000000, R11=0x0000000000000000
R12=0x0000000000000000, R13=0x00007f7064751ae0, R14=0x0000000003c00024, R15=0x00007f70500181f8
RIP=0x00007f703237c823, EFLAGS=0x0000000000010206, CSGSFS=0x0000000000000033, ERR=0x0000000000000004
  TRAPNO=0x000000000000000e

Top of Stack: (sp=0x00007f7032f643a0)
0x00007f7032f643a0:   0000000000000000 00007f7064751ae0
0x00007f7032f643b0:   0000000000000000 00007f7064753190
0x00007f7032f643c0:   00007f7032c641c8 00007f703231ab95
0x00007f7032f643d0:   00007f7064751ae0 0000000000000000
0x00007f7032f643e0:   00007f7064751ae0 1db7c690dce21900
0x00007f7032f643f0:   00007f7032c641c8 00007f7032c64050
0x00007f7032f64400:   00007f7064751ae0 00007f70323178ad
0x00007f7032f64410:   0000000000000001 00007f70645260a0
0x00007f7032f64420:   00007f706475bb70 00007f70646628f0
0x00007f7032f64430:   00007f70645260a0 00007f70350839eb
0x00007f7032f64440:   00007f7000000000 00007f7000000001
0x00007f7032f64450:   0000000000000000 00000100645260a0
0x00007f7032f64460:   00007f7032f645e8 00007f7050018000
0x00007f7032f64470:   0000000832f64490 00007f7035537de0
0x00007f7032f64480:   00007f7032f64568 0000000000000000
0x00007f7032f64490:   00007f7035537de0 00007f7032f645f0
0x00007f7032f644a0:   00007f7050018000 00007f70550179b4
0x00007f7032f644b0:   0000000000000000 0000000000000000
0x00007f7032f644c0:   0000000000000000 0000000000000001
0x00007f7032f644d0:   0000000000000000 00007f706abf659f
0x00007f7032f644e0:   00007f7050018000 00007f7050018000
0x00007f7032f644f0:   00007f7050018000 00007f702c386eb8
0x00007f7032f64500:   00007f7035537de0 0000000000000000
0x00007f7032f64510:   00007f7032f64568 00007f7055017747
0x00007f7032f64520:   00007f7055017702 00007f7032f64528
0x00007f7032f64530:   00007f7035537de0 00007f7032f645f0
0x00007f7032f64540:   00007f703553e510 0000000000000000
0x00007f7032f64550:   00007f7035537de0 0000000000000000
0x00007f7032f64560:   00007f7032f64588 00007f7032f64638
0x00007f7032f64570:   00007f7055007dd0 0000000000000000
0x00007f7032f64580:   00007f7055011517 0000000000000000
0x00007f7032f64590:   0000000000000001 0000000000000000 

Instructions: (pc=0x00007f703237c823)
0x00007f703237c803:   0f 1f 00 66 2e 0f 1f 84 00 00 00 00 00 41 55 41
0x00007f703237c813:   54 49 89 fd 55 53 49 89 f4 48 89 d5 48 83 ec 08
0x00007f703237c823:   48 8b 9e 28 07 00 00 48 85 db 75 12 eb 37 0f 1f
0x00007f703237c833:   80 00 00 00 00 48 8b 5b 28 48 85 db 74 27 ba 10 

Register to memory mapping:

RAX=0x0000000000000000 is an unknown value
RBX=0x00007f7064751ae0 is an unknown value
RCX=0x0000000000000000 is an unknown value
RDX=0x00007f7032f643d0 is pointing into the stack for thread: 0x00007f7050018000
RSP=0x00007f7032f643a0 is pointing into the stack for thread: 0x00007f7050018000
RBP=0x00007f7032f643d0 is pointing into the stack for thread: 0x00007f7050018000
RSI=0x0000000000000000 is an unknown value
RDI=0x00007f7064751ae0 is an unknown value
R8 =0x0000000000000000 is an unknown value
R9 =0x0000000000000000 is an unknown value
R10=0x0000000000000000 is an unknown value
R11=0x0000000000000000 is an unknown value
R12=0x0000000000000000 is an unknown value
R13=0x00007f7064751ae0 is an unknown value
R14=0x0000000003c00024 is an unknown value
R15=0x00007f70500181f8 is an unknown value


Stack: [0x00007f7032e65000,0x00007f7032f66000],  sp=0x00007f7032f643a0,  free space=1020k
Native frames: (J=compiled Java code, j=interpreted, Vv=VM code, C=native code)
C  [vmwgfx_dri.so+0x256823]
C  0x0000000000000000

Java frames: (J=compiled Java code, j=interpreted, Vv=VM code)
j  javax.media.j3d.NativePipeline.createNewContext(Ljavax/media/j3d/Canvas3D;JJJJZZZZ)J+0
j  javax.media.j3d.NativePipeline.createNewContext(Ljavax/media/j3d/Canvas3D;JLjavax/media/j3d/Drawable;JLjavax/media/j3d/Context;ZZZZ)Ljavax/media/j3d/Context;+25
j  javax.media.j3d.Canvas3D.createNewContext(JLjavax/media/j3d/Drawable;JLjavax/media/j3d/Context;ZZZZ)Ljavax/media/j3d/Context;+18
j  javax.media.j3d.Canvas3D.createNewContext(Ljavax/media/j3d/Context;Z)Ljavax/media/j3d/Context;+36
j  javax.media.j3d.Renderer.doWork(J)V+3729
j  javax.media.j3d.J3dThread.run()V+19
v  ~StubRoutines::call_stub

---------------  P R O C E S S  ---------------

Java Threads: ( => current thread )
  0x00007f7050086000 JavaThread "J3D-InputDeviceScheduler-1" [_thread_blocked, id=8850, stack(0x00007f702b82d000,0x00007f702b92e000)]
  0x00007f7050080800 JavaThread "J3D-SoundSchedulerUpdateThread-1" [_thread_blocked, id=8849, stack(0x00007f702b92e000,0x00007f702ba2f000)]
  0x00007f705007e800 JavaThread "J3D-RenderStructureUpdateThread-1" [_thread_blocked, id=8848, stack(0x00007f702ba2f000,0x00007f702bb30000)]
  0x00007f705007d000 JavaThread "J3D-BehaviorScheduler-1" [_thread_blocked, id=8847, stack(0x00007f702bb30000,0x00007f702bc31000)]
  0x00007f705007b000 JavaThread "J3D-TransformStructureUpdateThread-1" [_thread_blocked, id=8846, stack(0x00007f702bc31000,0x00007f702bd32000)]
  0x00007f705002a000 JavaThread "J3D-RenderingEnvironmentStructureUpdateThread-1" [_thread_blocked, id=8845, stack(0x00007f702bd32000,0x00007f702be33000)]
  0x00007f7050028000 JavaThread "J3D-SoundStructureUpdateThread-1" [_thread_blocked, id=8844, stack(0x00007f702be33000,0x00007f702bf34000)]
  0x00007f7050026800 JavaThread "J3D-GeometryStructureUpdateThread-1" [_thread_blocked, id=8843, stack(0x00007f702bf34000,0x00007f702c035000)]
  0x00007f7050025000 JavaThread "J3D-BehaviorStructureUpdateThread-1" [_thread_blocked, id=8842, stack(0x00007f702c035000,0x00007f702c136000)]
  0x00007f70640f4800 JavaThread "AWT-EventQueue-0" [_thread_blocked, id=8840, stack(0x00007f702cc02000,0x00007f702cd03000)]
  0x00007f70640f2800 JavaThread "AWT-Shutdown" [_thread_blocked, id=8839, stack(0x00007f702cd03000,0x00007f702ce04000)]
  0x00007f70645ac800 JavaThread "Image Fetcher 0" daemon [_thread_blocked, id=8838, stack(0x00007f702d004000,0x00007f702d105000)]
=>0x00007f7050018000 JavaThread "J3D-Renderer-1" [_thread_in_native, id=8837, stack(0x00007f7032e65000,0x00007f7032f66000)]
  0x00007f706457c000 JavaThread "J3D-MasterControl-1" [_thread_blocked, id=8836, stack(0x00007f7032f66000,0x00007f7033067000)]
  0x00007f70644cf000 JavaThread "J3D-NotificationThread" [_thread_blocked, id=8835, stack(0x00007f7033067000,0x00007f7033168000)]
  0x00007f70644cd800 JavaThread "J3D-TimerThread" [_thread_blocked, id=8834, stack(0x00007f7033168000,0x00007f7033269000)]
  0x00007f70644b3800 JavaThread "J3D-RenderingAttributesStructureUpdateThread" [_thread_blocked, id=8833, stack(0x00007f7033269000,0x00007f703336a000)]
  0x00007f706439a000 JavaThread "AWT-XAWT" daemon [_thread_blocked, id=8831, stack(0x00007f703559b000,0x00007f703569c000)]
  0x00007f7064450000 JavaThread "Java2D Disposer" daemon [_thread_blocked, id=8830, stack(0x00007f7035aac000,0x00007f7035bad000)]
  0x00007f70641b0800 JavaThread "Monitor Ctrl-Break" daemon [_thread_in_native, id=8827, stack(0x00007f70542c4000,0x00007f70543c5000)]
  0x00007f70640bf800 JavaThread "Service Thread" daemon [_thread_blocked, id=8825, stack(0x00007f7054722000,0x00007f7054823000)]
  0x00007f70640b2000 JavaThread "C1 CompilerThread1" daemon [_thread_in_native, id=8824, stack(0x00007f7054823000,0x00007f7054924000)]
  0x00007f70640b0000 JavaThread "C2 CompilerThread0" daemon [_thread_in_native, id=8822, stack(0x00007f7054924000,0x00007f7054a25000)]
  0x00007f70640ae800 JavaThread "Signal Dispatcher" daemon [_thread_blocked, id=8821, stack(0x00007f7054a25000,0x00007f7054b26000)]
  0x00007f706407b800 JavaThread "Finalizer" daemon [_thread_blocked, id=8815, stack(0x00007f7054dfe000,0x00007f7054eff000)]
  0x00007f7064077000 JavaThread "Reference Handler" daemon [_thread_blocked, id=8814, stack(0x00007f7054eff000,0x00007f7055000000)]
  0x00007f706400b000 JavaThread "main" [_thread_in_vm, id=8809, stack(0x00007f706c067000,0x00007f706c168000)]

Other Threads:
  0x00007f706406f800 VMThread [stack: 0x00007f7068055000,0x00007f7068156000] [id=8811]
  0x00007f70640c2800 WatcherThread [stack: 0x00007f7054621000,0x00007f7054722000] [id=8826]

VM state:not at safepoint (normal execution)

VM Mutex/Monitor currently owned by a thread: None

Heap:
 def new generation   total 16896K, used 11219K [0x00000000d1e00000, 0x00000000d3050000, 0x00000000e1400000)
  eden space 15040K,  74% used [0x00000000d1e00000, 0x00000000d28f4d50, 0x00000000d2cb0000)
  from space 1856K,   0% used [0x00000000d2cb0000, 0x00000000d2cb0000, 0x00000000d2e80000)
  to   space 1856K,   0% used [0x00000000d2e80000, 0x00000000d2e80000, 0x00000000d3050000)
 tenured generation   total 37332K, used 22397K [0x00000000e1400000, 0x00000000e3875000, 0x0000000100000000)
   the space 37332K,  59% used [0x00000000e1400000, 0x00000000e29df668, 0x00000000e29df800, 0x00000000e3875000)
 Metaspace       used 25566K, capacity 25820K, committed 26416K, reserved 1073152K
  class space    used 3187K, capacity 3261K, committed 3376K, reserved 1048576K

Card table byte_map: [0x00007f7068c9b000,0x00007f7068e0d000] byte_map_base: 0x00007f706860c000

Polling page: 0x00007f706c185000

CodeCache: size=245760Kb used=5276Kb max_used=5648Kb free=240483Kb
 bounds [0x00007f7055000000, 0x00007f7055590000, 0x00007f7064000000]
 total_blobs=2324 nmethods=1565 adapters=672
 compilation: enabled

Compilation events (10 events):
Event: 10.210 Thread 0x00007f70640b2000 1704       3       java.security.AccessControlContext::calculateFields (89 bytes)
Event: 10.210 Thread 0x00007f70640b2000 nmethod 1704 0x00007f705510dbd0 code [0x00007f705510dd60, 0x00007f705510e0f0]
Event: 10.211 Thread 0x00007f70640b2000 1703  s    3       java.awt.Toolkit::getDefaultToolkit (24 bytes)
Event: 10.211 Thread 0x00007f70640b2000 nmethod 1703 0x00007f705512b290 code [0x00007f705512b420, 0x00007f705512b870]
Event: 10.218 Thread 0x00007f70640b2000 1705       3       sun.awt.image.ByteInterleavedRaster::getDataElements (132 bytes)
Event: 10.219 Thread 0x00007f70640b2000 nmethod 1705 0x00007f70551b4010 code [0x00007f70551b41c0, 0x00007f70551b47e0]
Event: 10.221 Thread 0x00007f70640b0000 1706       4       sun.awt.image.ByteInterleavedRaster::getDataElements (132 bytes)
Event: 10.253 Thread 0x00007f70640b0000 nmethod 1706 0x00007f70551a9310 code [0x00007f70551a9480, 0x00007f70551a9878]
Event: 10.255 Thread 0x00007f70640b0000 1707 %     4       sun.java2d.loops.OpaqueCopyAnyToArgb::Blit @ 163 (234 bytes)
Event: 10.317 Thread 0x00007f70640b2000 1708 %     3       java.awt.image.ComponentColorModel::getDataElements @ 3019 (3206 bytes)

GC Heap History (10 events):
Event: 8.629 GC heap before
{Heap before GC invocations=8 (full 0):
 def new generation   total 14784K, used 13200K [0x00000000d1e00000, 0x00000000d2e00000, 0x00000000e1400000)
  eden space 13184K, 100% used [0x00000000d1e00000, 0x00000000d2ae0000, 0x00000000d2ae0000)
  from space 1600K,   1% used [0x00000000d2ae0000, 0x00000000d2ae4198, 0x00000000d2c70000)
  to   space 1600K,   0% used [0x00000000d2c70000, 0x00000000d2c70000, 0x00000000d2e00000)
 tenured generation   total 32768K, used 31253K [0x00000000e1400000, 0x00000000e3400000, 0x0000000100000000)
   the space 32768K,  95% used [0x00000000e1400000, 0x00000000e32855b8, 0x00000000e3285600, 0x00000000e3400000)
 Metaspace       used 20473K, capacity 20660K, committed 20992K, reserved 1067008K
  class space    used 2459K, capacity 2549K, committed 2560K, reserved 1048576K
Event: 8.631 GC heap after
Heap after GC invocations=9 (full 0):
 def new generation   total 14784K, used 16K [0x00000000d1e00000, 0x00000000d2e00000, 0x00000000e1400000)
  eden space 13184K,   0% used [0x00000000d1e00000, 0x00000000d1e00000, 0x00000000d2ae0000)
  from space 1600K,   1% used [0x00000000d2c70000, 0x00000000d2c74198, 0x00000000d2e00000)
  to   space 1600K,   0% used [0x00000000d2ae0000, 0x00000000d2ae0000, 0x00000000d2c70000)
 tenured generation   total 32768K, used 31253K [0x00000000e1400000, 0x00000000e3400000, 0x0000000100000000)
   the space 32768K,  95% used [0x00000000e1400000, 0x00000000e32855b8, 0x00000000e3285600, 0x00000000e3400000)
 Metaspace       used 20473K, capacity 20660K, committed 20992K, reserved 1067008K
  class space    used 2459K, capacity 2549K, committed 2560K, reserved 1048576K
}
Event: 8.659 GC heap before
{Heap before GC invocations=9 (full 0):
 def new generation   total 14784K, used 13200K [0x00000000d1e00000, 0x00000000d2e00000, 0x00000000e1400000)
  eden space 13184K, 100% used [0x00000000d1e00000, 0x00000000d2ae0000, 0x00000000d2ae0000)
  from space 1600K,   1% used [0x00000000d2c70000, 0x00000000d2c74198, 0x00000000d2e00000)
  to   space 1600K,   0% used [0x00000000d2ae0000, 0x00000000d2ae0000, 0x00000000d2c70000)
 tenured generation   total 32768K, used 31253K [0x00000000e1400000, 0x00000000e3400000, 0x0000000100000000)
   the space 32768K,  95% used [0x00000000e1400000, 0x00000000e32855b8, 0x00000000e3285600, 0x00000000e3400000)
 Metaspace       used 20473K, capacity 20660K, committed 20992K, reserved 1067008K
  class space    used 2459K, capacity 2549K, committed 2560K, reserved 1048576K
Event: 8.661 GC heap after
Heap after GC invocations=10 (full 0):
 def new generation   total 14784K, used 16K [0x00000000d1e00000, 0x00000000d2e00000, 0x00000000e1400000)
  eden space 13184K,   0% used [0x00000000d1e00000, 0x00000000d1e00000, 0x00000000d2ae0000)
  from space 1600K,   1% used [0x00000000d2ae0000, 0x00000000d2ae4198, 0x00000000d2c70000)
  to   space 1600K,   0% used [0x00000000d2c70000, 0x00000000d2c70000, 0x00000000d2e00000)
 tenured generation   total 32768K, used 31253K [0x00000000e1400000, 0x00000000e3400000, 0x0000000100000000)
   the space 32768K,  95% used [0x00000000e1400000, 0x00000000e32855b8, 0x00000000e3285600, 0x00000000e3400000)
 Metaspace       used 20473K, capacity 20660K, committed 20992K, reserved 1067008K
  class space    used 2459K, capacity 2549K, committed 2560K, reserved 1048576K
}
Event: 8.682 GC heap before
{Heap before GC invocations=10 (full 0):
 def new generation   total 14784K, used 13200K [0x00000000d1e00000, 0x00000000d2e00000, 0x00000000e1400000)
  eden space 13184K, 100% used [0x00000000d1e00000, 0x00000000d2ae0000, 0x00000000d2ae0000)
  from space 1600K,   1% used [0x00000000d2ae0000, 0x00000000d2ae4198, 0x00000000d2c70000)
  to   space 1600K,   0% used [0x00000000d2c70000, 0x00000000d2c70000, 0x00000000d2e00000)
 tenured generation   total 32768K, used 31253K [0x00000000e1400000, 0x00000000e3400000, 0x0000000100000000)
   the space 32768K,  95% used [0x00000000e1400000, 0x00000000e32855b8, 0x00000000e3285600, 0x00000000e3400000)
 Metaspace       used 20473K, capacity 20660K, committed 20992K, reserved 1067008K
  class space    used 2459K, capacity 2549K, committed 2560K, reserved 1048576K
Event: 8.684 GC heap after
Heap after GC invocations=11 (full 0):
 def new generation   total 14784K, used 16K [0x00000000d1e00000, 0x00000000d2e00000, 0x00000000e1400000)
  eden space 13184K,   0% used [0x00000000d1e00000, 0x00000000d1e00000, 0x00000000d2ae0000)
  from space 1600K,   1% used [0x00000000d2c70000, 0x00000000d2c74198, 0x00000000d2e00000)
  to   space 1600K,   0% used [0x00000000d2ae0000, 0x00000000d2ae0000, 0x00000000d2c70000)
 tenured generation   total 32768K, used 31253K [0x00000000e1400000, 0x00000000e3400000, 0x0000000100000000)
   the space 32768K,  95% used [0x00000000e1400000, 0x00000000e32855b8, 0x00000000e3285600, 0x00000000e3400000)
 Metaspace       used 20473K, capacity 20660K, committed 20992K, reserved 1067008K
  class space    used 2459K, capacity 2549K, committed 2560K, reserved 1048576K
}
Event: 8.722 GC heap before
{Heap before GC invocations=11 (full 0):
 def new generation   total 14784K, used 8325K [0x00000000d1e00000, 0x00000000d2e00000, 0x00000000e1400000)
  eden space 13184K,  63% used [0x00000000d1e00000, 0x00000000d261d368, 0x00000000d2ae0000)
  from space 1600K,   1% used [0x00000000d2c70000, 0x00000000d2c74198, 0x00000000d2e00000)
  to   space 1600K,   0% used [0x00000000d2ae0000, 0x00000000d2ae0000, 0x00000000d2c70000)
 tenured generation   total 32768K, used 31253K [0x00000000e1400000, 0x00000000e3400000, 0x0000000100000000)
   the space 32768K,  95% used [0x00000000e1400000, 0x00000000e32855b8, 0x00000000e3285600, 0x00000000e3400000)
 Metaspace       used 20569K, capacity 20788K, committed 20992K, reserved 1067008K
  class space    used 2471K, capacity 2549K, committed 2560K, reserved 1048576K
Event: 8.724 GC heap after
Heap after GC invocations=12 (full 0):
 def new generation   total 14784K, used 27K [0x00000000d1e00000, 0x00000000d2e00000, 0x00000000e1400000)
  eden space 13184K,   0% used [0x00000000d1e00000, 0x00000000d1e00000, 0x00000000d2ae0000)
  from space 1600K,   1% used [0x00000000d2ae0000, 0x00000000d2ae6c20, 0x00000000d2c70000)
  to   space 1600K,   0% used [0x00000000d2c70000, 0x00000000d2c70000, 0x00000000d2e00000)
 tenured generation   total 32768K, used 31253K [0x00000000e1400000, 0x00000000e3400000, 0x0000000100000000)
   the space 32768K,  95% used [0x00000000e1400000, 0x00000000e32855b8, 0x00000000e3285600, 0x00000000e3400000)
 Metaspace       used 20569K, capacity 20788K, committed 20992K, reserved 1067008K
  class space    used 2471K, capacity 2549K, committed 2560K, reserved 1048576K
}
Event: 8.759 GC heap before
{Heap before GC invocations=12 (full 0):
 def new generation   total 14784K, used 9454K [0x00000000d1e00000, 0x00000000d2e00000, 0x00000000e1400000)
  eden space 13184K,  71% used [0x00000000d1e00000, 0x00000000d2734f78, 0x00000000d2ae0000)
  from space 1600K,   1% used [0x00000000d2ae0000, 0x00000000d2ae6c20, 0x00000000d2c70000)
  to   space 1600K,   0% used [0x00000000d2c70000, 0x00000000d2c70000, 0x00000000d2e00000)
 tenured generation   total 32768K, used 31253K [0x00000000e1400000, 0x00000000e3400000, 0x0000000100000000)
   the space 32768K,  95% used [0x00000000e1400000, 0x00000000e32855b8, 0x00000000e3285600, 0x00000000e3400000)
 Metaspace       used 20824K, capacity 21076K, committed 21296K, reserved 1069056K
  class space    used 2503K, capacity 2581K, committed 2608K, reserved 1048576K
Event: 8.788 GC heap after
Heap after GC invocations=13 (full 1):
 def new generation   total 16896K, used 0K [0x00000000d1e00000, 0x00000000d3050000, 0x00000000e1400000)
  eden space 15040K,   0% used [0x00000000d1e00000, 0x00000000d1e00000, 0x00000000d2cb0000)
  from space 1856K,   0% used [0x00000000d2cb0000, 0x00000000d2cb0000, 0x00000000d2e80000)
  to   space 1856K,   0% used [0x00000000d2e80000, 0x00000000d2e80000, 0x00000000d3050000)
 tenured generation   total 37332K, used 22397K [0x00000000e1400000, 0x00000000e3875000, 0x0000000100000000)
   the space 37332K,  59% used [0x00000000e1400000, 0x00000000e29df668, 0x00000000e29df800, 0x00000000e3875000)
 Metaspace       used 20824K, capacity 21076K, committed 21296K, reserved 1069056K
  class space    used 2503K, capacity 2581K, committed 2608K, reserved 1048576K
}

Deoptimization events (10 events):
Event: 8.235 Thread 0x00007f70645ac800 Uncommon trap: reason=unstable_if action=reinterpret pc=0x00007f70554c8754 method=java.io.BufferedInputStream.fill()V @ 219
Event: 8.235 Thread 0x00007f70645ac800 Uncommon trap: reason=unstable_if action=reinterpret pc=0x00007f70554cfb18 method=sun.awt.image.PNGFilterInputStream.read([BII)I @ 30
Event: 8.236 Thread 0x00007f70645ac800 Uncommon trap: reason=unstable_if action=reinterpret pc=0x00007f70554c1278 method=sun.awt.image.PNGImageDecoder.produceImage()V @ 867
Event: 8.477 Thread 0x00007f706400b000 Uncommon trap: reason=unstable_if action=reinterpret pc=0x00007f70554ea924 method=sun.java2d.loops.OpaqueCopyAnyToArgb.Blit(Lsun/java2d/SurfaceData;Lsun/java2d/SurfaceData;Ljava/awt/Composite;Lsun/java2d/pipe/Region;IIIIII)V @ 150
Event: 9.464 Thread 0x00007f706400b000 Uncommon trap: reason=bimorphic action=maybe_recompile pc=0x00007f70552c37bc method=java.util.HashMap.putVal(ILjava/lang/Object;Ljava/lang/Object;ZZ)Ljava/lang/Object; @ 253
Event: 9.466 Thread 0x00007f706400b000 Uncommon trap: reason=bimorphic action=maybe_recompile pc=0x00007f70552c37bc method=java.util.HashMap.putVal(ILjava/lang/Object;Ljava/lang/Object;ZZ)Ljava/lang/Object; @ 253
Event: 9.469 Thread 0x00007f706400b000 Uncommon trap: reason=bimorphic action=maybe_recompile pc=0x00007f70552c37bc method=java.util.HashMap.putVal(ILjava/lang/Object;Ljava/lang/Object;ZZ)Ljava/lang/Object; @ 253
Event: 9.469 Thread 0x00007f706400b000 Uncommon trap: reason=bimorphic action=maybe_recompile pc=0x00007f70552c37bc method=java.util.HashMap.putVal(ILjava/lang/Object;Ljava/lang/Object;ZZ)Ljava/lang/Object; @ 253
Event: 10.216 Thread 0x00007f706400b000 Uncommon trap: reason=unstable_if action=reinterpret pc=0x00007f70554fbb70 method=java.awt.image.ComponentColorModel.getDataElements(ILjava/lang/Object;)Ljava/lang/Object; @ 2993
Event: 10.218 Thread 0x00007f706400b000 Uncommon trap: reason=unstable_if action=reinterpret pc=0x00007f70554d6ea4 method=sun.awt.image.ByteInterleavedRaster.getDataElements(IILjava/lang/Object;)Ljava/lang/Object; @ 43

Internal exceptions (10 events):
Event: 1.965 Thread 0x00007f706400b000 Exception <a 'java/lang/ArrayIndexOutOfBoundsException'> (0x00000000d25c5330) thrown at [/HUDSON3/workspace/8-2-build-linux-amd64/jdk8u111/7883/hotspot/src/share/vm/runtime/sharedRuntime.cpp, line 605]
Event: 2.486 Thread 0x00007f706400b000 Exception <a 'java/lang/ClassNotFoundException': com/sun/org/glassfish/hk2/osgiresourcelocator/ServiceLoader> (0x00000000d287d868) thrown at [/HUDSON3/workspace/8-2-build-linux-amd64/jdk8u111/7883/hotspot/src/share/vm/classfile/systemDictionary.cpp, line 
Event: 4.276 Thread 0x00007f706400b000 Exception <a 'java/lang/NoSuchFieldError': method resolution failed> (0x00000000d20447e8) thrown at [/HUDSON3/workspace/8-2-build-linux-amd64/jdk8u111/7883/hotspot/src/share/vm/prims/methodHandles.cpp, line 1146]
Event: 4.297 Thread 0x00007f706400b000 Exception <a 'java/lang/NoSuchFieldError': method resolution failed> (0x00000000d2051f20) thrown at [/HUDSON3/workspace/8-2-build-linux-amd64/jdk8u111/7883/hotspot/src/share/vm/prims/methodHandles.cpp, line 1146]
Event: 4.471 Thread 0x00007f706400b000 Exception <a 'java/io/FileNotFoundException'> (0x00000000d20d04f8) thrown at [/HUDSON3/workspace/8-2-build-linux-amd64/jdk8u111/7883/hotspot/src/share/vm/prims/jni.cpp, line 709]
Event: 4.471 Thread 0x00007f706400b000 Exception <a 'java/io/FileNotFoundException'> (0x00000000d20d0eb8) thrown at [/HUDSON3/workspace/8-2-build-linux-amd64/jdk8u111/7883/hotspot/src/share/vm/prims/jni.cpp, line 709]
Event: 5.737 Thread 0x00007f706400b000 Implicit null exception at 0x00007f70551f82f5 to 0x00007f70551f869d
Event: 5.738 Thread 0x00007f706400b000 Implicit null exception at 0x00007f705518cd36 to 0x00007f705518d0e9
Event: 10.216 Thread 0x00007f706400b000 Implicit null exception at 0x00007f70554fb4c5 to 0x00007f70554fbb55
Event: 10.218 Thread 0x00007f706400b000 Implicit null exception at 0x00007f70554d6c23 to 0x00007f70554d6e89

Events (10 events):
Event: 10.251 loading class javax/media/j3d/WakeupAnd
Event: 10.251 loading class javax/media/j3d/WakeupAnd done
Event: 10.251 loading class javax/media/j3d/WakeupOr
Event: 10.251 loading class javax/media/j3d/WakeupOr done
Event: 10.252 loading class javax/media/j3d/WakeupOrOfAnds
Event: 10.252 loading class javax/media/j3d/WakeupOrOfAnds done
Event: 10.252 loading class javax/media/j3d/WakeupAndOfOrs
Event: 10.252 loading class javax/media/j3d/WakeupAndOfOrs done
Event: 10.253 Executing VM operation: RevokeBias
Event: 10.253 Executing VM operation: RevokeBias done


Dynamic libraries:
00400000-00401000 r-xp 00000000 08:01 795971                             /usr/local/java/jdk1.8.0_111/jre/bin/java
00600000-00601000 rw-p 00000000 08:01 795971                             /usr/local/java/jdk1.8.0_111/jre/bin/java
00879000-008be000 rw-p 00000000 00:00 0                                  [heap]
d1e00000-d3050000 rw-p 00000000 00:00 0 
d3050000-e1400000 ---p 00000000 00:00 0 
e1400000-e3875000 rw-p 00000000 00:00 0 
e3875000-100000000 ---p 00000000 00:00 0 
100000000-10034c000 rw-p 00000000 00:00 0 
10034c000-140000000 ---p 00000000 00:00 0 
7f702b5f5000-7f702b62c000 r-xp 00000000 08:01 672368                     /usr/lib/x86_64-linux-gnu/libtxc_dxtn_s2tc.so.0.0.0
7f702b62c000-7f702b82b000 ---p 00037000 08:01 672368                     /usr/lib/x86_64-linux-gnu/libtxc_dxtn_s2tc.so.0.0.0
7f702b82b000-7f702b82c000 r--p 00036000 08:01 672368                     /usr/lib/x86_64-linux-gnu/libtxc_dxtn_s2tc.so.0.0.0
7f702b82c000-7f702b82d000 rw-p 00037000 08:01 672368                     /usr/lib/x86_64-linux-gnu/libtxc_dxtn_s2tc.so.0.0.0
7f702b82d000-7f702b830000 ---p 00000000 00:00 0 
7f702b830000-7f702b92e000 rw-p 00000000 00:00 0 
7f702b92e000-7f702b931000 ---p 00000000 00:00 0 
7f702b931000-7f702ba2f000 rw-p 00000000 00:00 0 
7f702ba2f000-7f702ba32000 ---p 00000000 00:00 0 
7f702ba32000-7f702bb30000 rw-p 00000000 00:00 0 
7f702bb30000-7f702bb33000 ---p 00000000 00:00 0 
7f702bb33000-7f702bc31000 rw-p 00000000 00:00 0 
7f702bc31000-7f702bc34000 ---p 00000000 00:00 0 
7f702bc34000-7f702bd32000 rw-p 00000000 00:00 0 
7f702bd32000-7f702bd35000 ---p 00000000 00:00 0 
7f702bd35000-7f702be33000 rw-p 00000000 00:00 0 
7f702be33000-7f702be36000 ---p 00000000 00:00 0 
7f702be36000-7f702bf34000 rw-p 00000000 00:00 0 
7f702bf34000-7f702bf37000 ---p 00000000 00:00 0 
7f702bf37000-7f702c035000 rw-p 00000000 00:00 0 
7f702c035000-7f702c038000 ---p 00000000 00:00 0 
7f702c038000-7f702c136000 rw-p 00000000 00:00 0 
7f702c136000-7f702c171000 r-xp 00000000 08:01 795835                     /usr/local/java/jdk1.8.0_111/jre/lib/amd64/libjpeg.so
7f702c171000-7f702c370000 ---p 0003b000 08:01 795835                     /usr/local/java/jdk1.8.0_111/jre/lib/amd64/libjpeg.so
7f702c370000-7f702c371000 rw-p 0003a000 08:01 795835                     /usr/local/java/jdk1.8.0_111/jre/lib/amd64/libjpeg.so
7f702c371000-7f702c3f1000 rw-p 00000000 00:00 0 
7f702c3f1000-7f702c571000 ---p 00000000 00:00 0 
7f702c571000-7f702c5da000 r-xp 00000000 08:01 795894                     /usr/local/java/jdk1.8.0_111/jre/lib/amd64/libt2k.so
7f702c5da000-7f702c7da000 ---p 00069000 08:01 795894                     /usr/local/java/jdk1.8.0_111/jre/lib/amd64/libt2k.so
7f702c7da000-7f702c7e1000 rw-p 00069000 08:01 795894                     /usr/local/java/jdk1.8.0_111/jre/lib/amd64/libt2k.so
7f702c7e1000-7f702c7f1000 rw-p 00000000 00:00 0 
7f702c7f1000-7f702c802000 r-xp 00000000 08:01 795864                     /usr/local/java/jdk1.8.0_111/jre/lib/amd64/libnio.so
7f702c802000-7f702ca01000 ---p 00011000 08:01 795864                     /usr/local/java/jdk1.8.0_111/jre/lib/amd64/libnio.so
7f702ca01000-7f702ca02000 rw-p 00010000 08:01 795864                     /usr/local/java/jdk1.8.0_111/jre/lib/amd64/libnio.so
7f702ca02000-7f702cc02000 rw-p 00000000 00:00 0 
7f702cc02000-7f702cc05000 ---p 00000000 00:00 0 
7f702cc05000-7f702cd03000 rw-p 00000000 00:00 0 
7f702cd03000-7f702cd06000 ---p 00000000 00:00 0 
7f702cd06000-7f702d004000 rw-p 00000000 00:00 0 
7f702d004000-7f702d007000 ---p 00000000 00:00 0 
7f702d007000-7f702d105000 rw-p 00000000 00:00 0 
7f702d105000-7f702e105000 rw-s 12fa28000 00:06 332                       /dev/dri/card0
7f702e105000-7f702e118000 r-xp 00000000 08:01 918009                     /lib/x86_64-linux-gnu/libbsd.so.0.8.2
7f702e118000-7f702e317000 ---p 00013000 08:01 918009                     /lib/x86_64-linux-gnu/libbsd.so.0.8.2
7f702e317000-7f702e318000 r--p 00012000 08:01 918009                     /lib/x86_64-linux-gnu/libbsd.so.0.8.2
7f702e318000-7f702e319000 rw-p 00013000 08:01 918009                     /lib/x86_64-linux-gnu/libbsd.so.0.8.2
7f702e319000-7f702e31a000 rw-p 00000000 00:00 0 
7f702e31a000-7f702e33f000 r-xp 00000000 08:01 918124                     /lib/x86_64-linux-gnu/libtinfo.so.5.9
7f702e33f000-7f702e53e000 ---p 00025000 08:01 918124                     /lib/x86_64-linux-gnu/libtinfo.so.5.9
7f702e53e000-7f702e542000 r--p 00024000 08:01 918124                     /lib/x86_64-linux-gnu/libtinfo.so.5.9
7f702e542000-7f702e543000 rw-p 00028000 08:01 918124                     /lib/x86_64-linux-gnu/libtinfo.so.5.9
7f702e543000-7f702e574000 r-xp 00000000 08:01 668227                     /usr/lib/x86_64-linux-gnu/libedit.so.2.0.53
7f702e574000-7f702e774000 ---p 00031000 08:01 668227                     /usr/lib/x86_64-linux-gnu/libedit.so.2.0.53
7f702e774000-7f702e776000 r--p 00031000 08:01 668227                     /usr/lib/x86_64-linux-gnu/libedit.so.2.0.53
7f702e776000-7f702e777000 rw-p 00033000 08:01 668227                     /usr/lib/x86_64-linux-gnu/libedit.so.2.0.53
7f702e777000-7f702e77b000 rw-p 00000000 00:00 0 
7f702e77b000-7f702e782000 r-xp 00000000 08:01 657789                     /usr/lib/x86_64-linux-gnu/libffi.so.6.0.4
7f702e782000-7f702e981000 ---p 00007000 08:01 657789                     /usr/lib/x86_64-linux-gnu/libffi.so.6.0.4
7f702e981000-7f702e982000 r--p 00006000 08:01 657789                     /usr/lib/x86_64-linux-gnu/libffi.so.6.0.4
7f702e982000-7f702e983000 rw-p 00007000 08:01 657789                     /usr/lib/x86_64-linux-gnu/libffi.so.6.0.4
7f702e983000-7f702e99c000 r-xp 00000000 08:01 918136                     /lib/x86_64-linux-gnu/libz.so.1.2.8
7f702e99c000-7f702eb9b000 ---p 00019000 08:01 918136                     /lib/x86_64-linux-gnu/libz.so.1.2.8
7f702eb9b000-7f702eb9c000 r--p 00018000 08:01 918136                     /lib/x86_64-linux-gnu/libz.so.1.2.8
7f702eb9c000-7f702eb9d000 rw-p 00019000 08:01 918136                     /lib/x86_64-linux-gnu/libz.so.1.2.8
7f702eb9d000-7f702ed0f000 r-xp 00000000 08:01 656556                     /usr/lib/x86_64-linux-gnu/libstdc++.so.6.0.21
7f702ed0f000-7f702ef0f000 ---p 00172000 08:01 656556                     /usr/lib/x86_64-linux-gnu/libstdc++.so.6.0.21
7f702ef0f000-7f702ef19000 r--p 00172000 08:01 656556                     /usr/lib/x86_64-linux-gnu/libstdc++.so.6.0.21
7f702ef19000-7f702ef1b000 rw-p 0017c000 08:01 656556                     /usr/lib/x86_64-linux-gnu/libstdc++.so.6.0.21
7f702ef1b000-7f702ef1f000 rw-p 00000000 00:00 0 
7f702ef1f000-7f7031411000 r-xp 00000000 08:01 670467                     /usr/lib/x86_64-linux-gnu/libLLVM-3.8.so.1
7f7031411000-7f7031611000 ---p 024f2000 08:01 670467                     /usr/lib/x86_64-linux-gnu/libLLVM-3.8.so.1
7f7031611000-7f70318c6000 r--p 024f2000 08:01 670467                     /usr/lib/x86_64-linux-gnu/libLLVM-3.8.so.1
7f70318c6000-7f70318c8000 rw-p 027a7000 08:01 670467                     /usr/lib/x86_64-linux-gnu/libLLVM-3.8.so.1
7f70318c8000-7f70318f2000 rw-p 00000000 00:00 0 
7f70318f2000-7f7031909000 r-xp 00000000 08:01 668230                     /usr/lib/x86_64-linux-gnu/libelf-0.165.so
7f7031909000-7f7031b08000 ---p 00017000 08:01 668230                     /usr/lib/x86_64-linux-gnu/libelf-0.165.so
7f7031b08000-7f7031b09000 r--p 00016000 08:01 668230                     /usr/lib/x86_64-linux-gnu/libelf-0.165.so
7f7031b09000-7f7031b0a000 rw-p 00017000 08:01 668230                     /usr/lib/x86_64-linux-gnu/libelf-0.165.so
7f7031b0a000-7f7031b11000 r-xp 00000000 08:01 668226                     /usr/lib/x86_64-linux-gnu/libdrm_amdgpu.so.1.0.0
7f7031b11000-7f7031d10000 ---p 00007000 08:01 668226                     /usr/lib/x86_64-linux-gnu/libdrm_amdgpu.so.1.0.0
7f7031d10000-7f7031d11000 r--p 00006000 08:01 668226                     /usr/lib/x86_64-linux-gnu/libdrm_amdgpu.so.1.0.0
7f7031d11000-7f7031d12000 rw-p 00007000 08:01 668226                     /usr/lib/x86_64-linux-gnu/libdrm_amdgpu.so.1.0.0
7f7031d12000-7f7031d1d000 r-xp 00000000 08:01 670460                     /usr/lib/x86_64-linux-gnu/libdrm_radeon.so.1.0.1
7f7031d1d000-7f7031f1c000 ---p 0000b000 08:01 670460                     /usr/lib/x86_64-linux-gnu/libdrm_radeon.so.1.0.1
7f7031f1c000-7f7031f1d000 r--p 0000a000 08:01 670460                     /usr/lib/x86_64-linux-gnu/libdrm_radeon.so.1.0.1
7f7031f1d000-7f7031f1e000 rw-p 0000b000 08:01 670460                     /usr/lib/x86_64-linux-gnu/libdrm_radeon.so.1.0.1
7f7031f1e000-7f7031f25000 r-xp 00000000 08:01 670466                     /usr/lib/x86_64-linux-gnu/libdrm_nouveau.so.2.0.0
7f7031f25000-7f7032124000 ---p 00007000 08:01 670466                     /usr/lib/x86_64-linux-gnu/libdrm_nouveau.so.2.0.0
7f7032124000-7f7032125000 r--p 00006000 08:01 670466                     /usr/lib/x86_64-linux-gnu/libdrm_nouveau.so.2.0.0
7f7032125000-7f7032126000 rw-p 00007000 08:01 670466                     /usr/lib/x86_64-linux-gnu/libdrm_nouveau.so.2.0.0
7f7032126000-7f70329ed000 r-xp 00000000 08:01 670472                     /usr/lib/x86_64-linux-gnu/dri/vmwgfx_dri.so
7f70329ed000-7f7032bec000 ---p 008c7000 08:01 670472                     /usr/lib/x86_64-linux-gnu/dri/vmwgfx_dri.so
7f7032bec000-7f7032c60000 r--p 008c6000 08:01 670472                     /usr/lib/x86_64-linux-gnu/dri/vmwgfx_dri.so
7f7032c60000-7f7032c6f000 rw-p 0093a000 08:01 670472                     /usr/lib/x86_64-linux-gnu/dri/vmwgfx_dri.so
7f7032c6f000-7f7032e65000 rw-p 00000000 00:00 0 
7f7032e65000-7f7032e68000 ---p 00000000 00:00 0 
7f7032e68000-7f7032f66000 rw-p 00000000 00:00 0 
7f7032f66000-7f7032f69000 ---p 00000000 00:00 0 
7f7032f69000-7f7033067000 rw-p 00000000 00:00 0 
7f7033067000-7f703306a000 ---p 00000000 00:00 0 
7f703306a000-7f7033168000 rw-p 00000000 00:00 0 
7f7033168000-7f703316b000 ---p 00000000 00:00 0 
7f703316b000-7f7033269000 rw-p 00000000 00:00 0 
7f7033269000-7f703326c000 ---p 00000000 00:00 0 
7f703326c000-7f703356a000 rw-p 00000000 00:00 0 
7f703356a000-7f7033578000 r-xp 00000000 08:01 685601                     /usr/lib/x86_64-linux-gnu/libdrm.so.2.4.0
7f7033578000-7f7033777000 ---p 0000e000 08:01 685601                     /usr/lib/x86_64-linux-gnu/libdrm.so.2.4.0
7f7033777000-7f7033778000 r--p 0000d000 08:01 685601                     /usr/lib/x86_64-linux-gnu/libdrm.so.2.4.0
7f7033778000-7f7033779000 rw-p 0000e000 08:01 685601                     /usr/lib/x86_64-linux-gnu/libdrm.so.2.4.0
7f7033779000-7f703377e000 r-xp 00000000 08:01 670953                     /usr/lib/x86_64-linux-gnu/libXxf86vm.so.1.0.0
7f703377e000-7f703397d000 ---p 00005000 08:01 670953                     /usr/lib/x86_64-linux-gnu/libXxf86vm.so.1.0.0
7f703397d000-7f703397e000 r--p 00004000 08:01 670953                     /usr/lib/x86_64-linux-gnu/libXxf86vm.so.1.0.0
7f703397e000-7f703397f000 rw-p 00005000 08:01 670953                     /usr/lib/x86_64-linux-gnu/libXxf86vm.so.1.0.0
7f703397f000-7f7033983000 r-xp 00000000 08:01 670444                     /usr/lib/x86_64-linux-gnu/libxcb-dri2.so.0.0.0
7f7033983000-7f7033b82000 ---p 00004000 08:01 670444                     /usr/lib/x86_64-linux-gnu/libxcb-dri2.so.0.0.0
7f7033b82000-7f7033b83000 r--p 00003000 08:01 670444                     /usr/lib/x86_64-linux-gnu/libxcb-dri2.so.0.0.0
7f7033b83000-7f7033b84000 rw-p 00004000 08:01 670444                     /usr/lib/x86_64-linux-gnu/libxcb-dri2.so.0.0.0
7f7033b84000-7f7033b9b000 r-xp 00000000 08:01 670951                     /usr/lib/x86_64-linux-gnu/libxcb-glx.so.0.0.0
7f7033b9b000-7f7033d9a000 ---p 00017000 08:01 670951                     /usr/lib/x86_64-linux-gnu/libxcb-glx.so.0.0.0
7f7033d9a000-7f7033d9c000 r--p 00016000 08:01 670951                     /usr/lib/x86_64-linux-gnu/libxcb-glx.so.0.0.0
7f7033d9c000-7f7033d9d000 rw-p 00018000 08:01 670951                     /usr/lib/x86_64-linux-gnu/libxcb-glx.so.0.0.0
7f7033d9d000-7f7033d9e000 r-xp 00000000 08:01 670442                     /usr/lib/x86_64-linux-gnu/libX11-xcb.so.1.0.0
7f7033d9e000-7f7033f9d000 ---p 00001000 08:01 670442                     /usr/lib/x86_64-linux-gnu/libX11-xcb.so.1.0.0
7f7033f9d000-7f7033f9e000 r--p 00000000 08:01 670442                     /usr/lib/x86_64-linux-gnu/libX11-xcb.so.1.0.0
7f7033f9e000-7f7033f9f000 rw-p 00001000 08:01 670442                     /usr/lib/x86_64-linux-gnu/libX11-xcb.so.1.0.0
7f7033f9f000-7f7033fa1000 r-xp 00000000 08:01 670496                     /usr/lib/x86_64-linux-gnu/libXdamage.so.1.1.0
7f7033fa1000-7f70341a0000 ---p 00002000 08:01 670496                     /usr/lib/x86_64-linux-gnu/libXdamage.so.1.1.0
7f70341a0000-7f70341a1000 r--p 00001000 08:01 670496                     /usr/lib/x86_64-linux-gnu/libXdamage.so.1.1.0
7f70341a1000-7f70341a2000 rw-p 00002000 08:01 670496                     /usr/lib/x86_64-linux-gnu/libXdamage.so.1.1.0
7f70341a2000-7f70341cb000 r-xp 00000000 08:01 670948                     /usr/lib/x86_64-linux-gnu/libglapi.so.0.0.0
7f70341cb000-7f70343ca000 ---p 00029000 08:01 670948                     /usr/lib/x86_64-linux-gnu/libglapi.so.0.0.0
7f70343ca000-7f70343ce000 r--p 00028000 08:01 670948                     /usr/lib/x86_64-linux-gnu/libglapi.so.0.0.0
7f70343ce000-7f70343cf000 rw-p 0002c000 08:01 670948                     /usr/lib/x86_64-linux-gnu/libglapi.so.0.0.0
7f70343cf000-7f70343d0000 rw-p 00000000 00:00 0 
7f70343d0000-7f70343d1000 r-xp 00000000 08:01 670454                     /usr/lib/x86_64-linux-gnu/libxshmfence.so.1.0.0
7f70343d1000-7f70345d1000 ---p 00001000 08:01 670454                     /usr/lib/x86_64-linux-gnu/libxshmfence.so.1.0.0
7f70345d1000-7f70345d2000 r--p 00001000 08:01 670454                     /usr/lib/x86_64-linux-gnu/libxshmfence.so.1.0.0
7f70345d2000-7f70345d3000 rw-p 00002000 08:01 670454                     /usr/lib/x86_64-linux-gnu/libxshmfence.so.1.0.0
7f70345d3000-7f70345d8000 r-xp 00000000 08:01 670450                     /usr/lib/x86_64-linux-gnu/libxcb-sync.so.1.0.0
7f70345d8000-7f70347d8000 ---p 00005000 08:01 670450                     /usr/lib/x86_64-linux-gnu/libxcb-sync.so.1.0.0
7f70347d8000-7f70347d9000 r--p 00005000 08:01 670450                     /usr/lib/x86_64-linux-gnu/libxcb-sync.so.1.0.0
7f70347d9000-7f70347da000 rw-p 00006000 08:01 670450                     /usr/lib/x86_64-linux-gnu/libxcb-sync.so.1.0.0
7f70347da000-7f70347dc000 r-xp 00000000 08:01 670448                     /usr/lib/x86_64-linux-gnu/libxcb-present.so.0.0.0
7f70347dc000-7f70349db000 ---p 00002000 08:01 670448                     /usr/lib/x86_64-linux-gnu/libxcb-present.so.0.0.0
7f70349db000-7f70349dc000 r--p 00001000 08:01 670448                     /usr/lib/x86_64-linux-gnu/libxcb-present.so.0.0.0
7f70349dc000-7f70349dd000 rw-p 00002000 08:01 670448                     /usr/lib/x86_64-linux-gnu/libxcb-present.so.0.0.0
7f70349dd000-7f70349df000 r-xp 00000000 08:01 670446                     /usr/lib/x86_64-linux-gnu/libxcb-dri3.so.0.0.0
7f70349df000-7f7034bde000 ---p 00002000 08:01 670446                     /usr/lib/x86_64-linux-gnu/libxcb-dri3.so.0.0.0
7f7034bde000-7f7034bdf000 r--p 00001000 08:01 670446                     /usr/lib/x86_64-linux-gnu/libxcb-dri3.so.0.0.0
7f7034bdf000-7f7034be0000 rw-p 00002000 08:01 670446                     /usr/lib/x86_64-linux-gnu/libxcb-dri3.so.0.0.0
7f7034be0000-7f7034c06000 r-xp 00000000 08:01 918034                     /lib/x86_64-linux-gnu/libexpat.so.1.6.0
7f7034c06000-7f7034e06000 ---p 00026000 08:01 918034                     /lib/x86_64-linux-gnu/libexpat.so.1.6.0
7f7034e06000-7f7034e08000 r--p 00026000 08:01 918034                     /lib/x86_64-linux-gnu/libexpat.so.1.6.0
7f7034e08000-7f7034e09000 rw-p 00028000 08:01 918034                     /lib/x86_64-linux-gnu/libexpat.so.1.6.0
7f7034e09000-7f7034e76000 r-xp 00000000 08:01 670958                     /usr/lib/x86_64-linux-gnu/mesa/libGL.so.1.2.0
7f7034e76000-7f7035075000 ---p 0006d000 08:01 670958                     /usr/lib/x86_64-linux-gnu/mesa/libGL.so.1.2.0
7f7035075000-7f7035078000 r--p 0006c000 08:01 670958                     /usr/lib/x86_64-linux-gnu/mesa/libGL.so.1.2.0
7f7035078000-7f7035079000 rw-p 0006f000 08:01 670958                     /usr/lib/x86_64-linux-gnu/mesa/libGL.so.1.2.0
7f7035079000-7f703507a000 rw-p 00000000 00:00 0 
7f703507a000-7f703509a000 r-xp 00000000 08:01 662182                     /usr/lib/jni/libj3dcore-ogl.so
7f703509a000-7f7035199000 ---p 00020000 08:01 662182                     /usr/lib/jni/libj3dcore-ogl.so
7f7035199000-7f703519a000 rw-p 0001f000 08:01 662182                     /usr/lib/jni/libj3dcore-ogl.so
7f703519a000-7f703519b000 r-xp 00000000 08:01 795886                     /usr/local/java/jdk1.8.0_111/jre/lib/amd64/libjawt.so
7f703519b000-7f703539a000 ---p 00001000 08:01 795886                     /usr/local/java/jdk1.8.0_111/jre/lib/amd64/libjawt.so
7f703539a000-7f703539b000 rw-p 00000000 08:01 795886                     /usr/local/java/jdk1.8.0_111/jre/lib/amd64/libjawt.so
7f703539b000-7f703559b000 rw-p 00000000 00:00 0 
7f703559b000-7f703559e000 ---p 00000000 00:00 0 
7f703559e000-7f703569c000 rw-p 00000000 00:00 0 
7f703569c000-7f70356a1000 r-xp 00000000 08:01 670492                     /usr/lib/x86_64-linux-gnu/libXfixes.so.3.1.0
7f70356a1000-7f70358a0000 ---p 00005000 08:01 670492                     /usr/lib/x86_64-linux-gnu/libXfixes.so.3.1.0
7f70358a0000-7f70358a1000 r--p 00004000 08:01 670492                     /usr/lib/x86_64-linux-gnu/libXfixes.so.3.1.0
7f70358a1000-7f70358a2000 rw-p 00005000 08:01 670492                     /usr/lib/x86_64-linux-gnu/libXfixes.so.3.1.0
7f70358a2000-7f70358ab000 r-xp 00000000 08:01 670494                     /usr/lib/x86_64-linux-gnu/libXcursor.so.1.0.2
7f70358ab000-7f7035aaa000 ---p 00009000 08:01 670494                     /usr/lib/x86_64-linux-gnu/libXcursor.so.1.0.2
7f7035aaa000-7f7035aab000 r--p 00008000 08:01 670494                     /usr/lib/x86_64-linux-gnu/libXcursor.so.1.0.2
7f7035aab000-7f7035aac000 rw-p 00009000 08:01 670494                     /usr/lib/x86_64-linux-gnu/libXcursor.so.1.0.2
7f7035aac000-7f7035aaf000 ---p 00000000 00:00 0 
7f7035aaf000-7f7035bad000 rw-p 00000000 00:00 0 
7f7035bad000-7f7035bc3000 r-xp 00000000 08:01 918039                     /lib/x86_64-linux-gnu/libgcc_s.so.1
7f7035bc3000-7f7035dc2000 ---p 00016000 08:01 918039                     /lib/x86_64-linux-gnu/libgcc_s.so.1
7f7035dc2000-7f7035dc3000 rw-p 00015000 08:01 918039                     /lib/x86_64-linux-gnu/libgcc_s.so.1
7f7035dc3000-7f7035e28000 r-xp 00000000 08:01 795858                     /usr/local/java/jdk1.8.0_111/jre/lib/amd64/libfontmanager.so
7f7035e28000-7f7036027000 ---p 00065000 08:01 795858                     /usr/local/java/jdk1.8.0_111/jre/lib/amd64/libfontmanager.so
7f7036027000-7f703602c000 rw-p 00064000 08:01 795858                     /usr/local/java/jdk1.8.0_111/jre/lib/amd64/libfontmanager.so
7f703602c000-7f703623c000 rw-p 00000000 00:00 0 
7f703623c000-7f7036241000 r-xp 00000000 08:01 667659                     /usr/lib/x86_64-linux-gnu/libXdmcp.so.6.0.0
7f7036241000-7f7036440000 ---p 00005000 08:01 667659                     /usr/lib/x86_64-linux-gnu/libXdmcp.so.6.0.0
7f7036440000-7f7036441000 r--p 00004000 08:01 667659                     /usr/lib/x86_64-linux-gnu/libXdmcp.so.6.0.0
7f7036441000-7f7036442000 rw-p 00005000 08:01 667659                     /usr/lib/x86_64-linux-gnu/libXdmcp.so.6.0.0
7f7036442000-7f7036444000 r-xp 00000000 08:01 667657                     /usr/lib/x86_64-linux-gnu/libXau.so.6.0.0
7f7036444000-7f7036644000 ---p 00002000 08:01 667657                     /usr/lib/x86_64-linux-gnu/libXau.so.6.0.0
7f7036644000-7f7036645000 r--p 00002000 08:01 667657                     /usr/lib/x86_64-linux-gnu/libXau.so.6.0.0
7f7036645000-7f7036646000 rw-p 00003000 08:01 667657                     /usr/lib/x86_64-linux-gnu/libXau.so.6.0.0
7f7036646000-7f7036667000 r-xp 00000000 08:01 667661                     /usr/lib/x86_64-linux-gnu/libxcb.so.1.1.0
7f7036667000-7f7036866000 ---p 00021000 08:01 667661                     /usr/lib/x86_64-linux-gnu/libxcb.so.1.1.0
7f7036866000-7f7036867000 r--p 00020000 08:01 667661                     /usr/lib/x86_64-linux-gnu/libxcb.so.1.1.0
7f7036867000-7f7036868000 rw-p 00021000 08:01 667661                     /usr/lib/x86_64-linux-gnu/libxcb.so.1.1.0
7f7036868000-7f7036877000 r-xp 00000000 08:01 670498                     /usr/lib/x86_64-linux-gnu/libXi.so.6.1.0
7f7036877000-7f7036a76000 ---p 0000f000 08:01 670498                     /usr/lib/x86_64-linux-gnu/libXi.so.6.1.0
7f7036a76000-7f7036a77000 r--p 0000e000 08:01 670498                     /usr/lib/x86_64-linux-gnu/libXi.so.6.1.0
7f7036a77000-7f7036a78000 rw-p 0000f000 08:01 670498                     /usr/lib/x86_64-linux-gnu/libXi.so.6.1.0
7f7036a78000-7f7036a7d000 r-xp 00000000 08:01 671430                     /usr/lib/x86_64-linux-gnu/libXtst.so.6.1.0
7f7036a7d000-7f7036c7c000 ---p 00005000 08:01 671430                     /usr/lib/x86_64-linux-gnu/libXtst.so.6.1.0
7f7036c7c000-7f7036c7d000 r--p 00004000 08:01 671430                     /usr/lib/x86_64-linux-gnu/libXtst.so.6.1.0
7f7036c7d000-7f7036c7e000 rw-p 00005000 08:01 671430                     /usr/lib/x86_64-linux-gnu/libXtst.so.6.1.0
7f7036c7e000-7f7036c87000 r-xp 00000000 08:01 669067                     /usr/lib/x86_64-linux-gnu/libXrender.so.1.3.0
7f7036c87000-7f7036e86000 ---p 00009000 08:01 669067                     /usr/lib/x86_64-linux-gnu/libXrender.so.1.3.0
7f7036e86000-7f7036e87000 r--p 00008000 08:01 669067                     /usr/lib/x86_64-linux-gnu/libXrender.so.1.3.0
7f7036e87000-7f7036e88000 rw-p 00009000 08:01 669067                     /usr/lib/x86_64-linux-gnu/libXrender.so.1.3.0
7f7036e88000-7f7036fbd000 r-xp 00000000 08:01 667725                     /usr/lib/x86_64-linux-gnu/libX11.so.6.3.0
7f7036fbd000-7f70371bd000 ---p 00135000 08:01 667725                     /usr/lib/x86_64-linux-gnu/libX11.so.6.3.0
7f70371bd000-7f70371be000 r--p 00135000 08:01 667725                     /usr/lib/x86_64-linux-gnu/libX11.so.6.3.0
7f70371be000-7f70371c2000 rw-p 00136000 08:01 667725                     /usr/lib/x86_64-linux-gnu/libX11.so.6.3.0
7f70371c2000-7f70371d3000 r-xp 00000000 08:01 667727                     /usr/lib/x86_64-linux-gnu/libXext.so.6.4.0
7f70371d3000-7f70373d2000 ---p 00011000 08:01 667727                     /usr/lib/x86_64-linux-gnu/libXext.so.6.4.0
7f70373d2000-7f70373d3000 r--p 00010000 08:01 667727                     /usr/lib/x86_64-linux-gnu/libXext.so.6.4.0
7f70373d3000-7f70373d4000 rw-p 00011000 08:01 667727                     /usr/lib/x86_64-linux-gnu/libXext.so.6.4.0
7f70373d4000-7f7037428000 r-xp 00000000 08:01 795866                     /usr/local/java/jdk1.8.0_111/jre/lib/amd64/libawt_xawt.so
7f7037428000-7f7037628000 ---p 00054000 08:01 795866                     /usr/local/java/jdk1.8.0_111/jre/lib/amd64/libawt_xawt.so
7f7037628000-7f703762c000 rw-p 00054000 08:01 795866                     /usr/local/java/jdk1.8.0_111/jre/lib/amd64/libawt_xawt.so
7f703762c000-7f703762d000 rw-p 00000000 00:00 0 
7f703762d000-7f70376cf000 r-xp 00000000 08:01 795897                     /usr/local/java/jdk1.8.0_111/jre/lib/amd64/libawt.so
7f70376cf000-7f70378cf000 ---p 000a2000 08:01 795897                     /usr/local/java/jdk1.8.0_111/jre/lib/amd64/libawt.so
7f70378cf000-7f70378db000 rw-p 000a2000 08:01 795897                     /usr/local/java/jdk1.8.0_111/jre/lib/amd64/libawt.so
7f70378db000-7f7037aff000 rw-p 00000000 00:00 0 
7f7037aff000-7f7037cff000 rw-p 00000000 00:00 0 
7f7037cff000-7f7038000000 rw-p 00000000 00:00 0 
7f7038000000-7f7038674000 rw-p 00000000 00:00 0 
7f7038674000-7f703c000000 ---p 00000000 00:00 0 
7f703c000000-7f703c095000 rw-p 00000000 00:00 0 
7f703c095000-7f7040000000 ---p 00000000 00:00 0 
7f7040000000-7f704003c000 rw-p 00000000 00:00 0 
7f704003c000-7f7044000000 ---p 00000000 00:00 0 
7f7044000000-7f70444de000 rw-p 00000000 00:00 0 
7f70444de000-7f7048000000 ---p 00000000 00:00 0 
7f7048000000-7f7048021000 rw-p 00000000 00:00 0 
7f7048021000-7f704c000000 ---p 00000000 00:00 0 
7f704c000000-7f704c021000 rw-p 00000000 00:00 0 
7f704c021000-7f7050000000 ---p 00000000 00:00 0 
7f7050000000-7f705024c000 rw-p 00000000 00:00 0 
7f705024c000-7f7054000000 ---p 00000000 00:00 0 
7f7054046000-7f7054064000 r-xp 00000000 08:01 917528                     /lib/x86_64-linux-gnu/libudev.so.1.6.4
7f7054064000-7f7054065000 r--p 0001d000 08:01 917528                     /lib/x86_64-linux-gnu/libudev.so.1.6.4
7f7054065000-7f7054066000 rw-p 0001e000 08:01 917528                     /lib/x86_64-linux-gnu/libudev.so.1.6.4
7f705407c000-7f7054080000 rw-s 00000000 00:05 24641558                   /SYSV00000000 (deleted)
7f7054080000-7f705409c000 r--s 00393000 08:01 795918                     /usr/local/java/jdk1.8.0_111/jre/lib/ext/cldrdata.jar
7f705409c000-7f70540a6000 r--s 00116000 08:01 795915                     /usr/local/java/jdk1.8.0_111/jre/lib/ext/localedata.jar
7f70540a6000-7f70540a9000 r--s 0001a000 08:01 795952                     /usr/local/java/jdk1.8.0_111/jre/lib/jce.jar
7f70540a9000-7f70540ad000 r--s 00097000 08:01 795820                     /usr/local/java/jdk1.8.0_111/jre/lib/jsse.jar
7f70540ad000-7f70540c3000 r-xp 00000000 08:01 795839                     /usr/local/java/jdk1.8.0_111/jre/lib/amd64/libnet.so
7f70540c3000-7f70542c3000 ---p 00016000 08:01 795839                     /usr/local/java/jdk1.8.0_111/jre/lib/amd64/libnet.so
7f70542c3000-7f70542c4000 rw-p 00016000 08:01 795839                     /usr/local/java/jdk1.8.0_111/jre/lib/amd64/libnet.so
7f70542c4000-7f70542c7000 ---p 00000000 00:00 0 
7f70542c7000-7f70543c5000 rw-p 00000000 00:00 0 
7f70543c5000-7f70543c6000 r-xp 00000000 08:01 8164                       /home/fasih58/Desktop/idea-IC-162.2228.15/bin/libbreakgen64.so
7f70543c6000-7f70545c5000 ---p 00001000 08:01 8164                       /home/fasih58/Desktop/idea-IC-162.2228.15/bin/libbreakgen64.so
7f70545c5000-7f70545c6000 r--p 00000000 08:01 8164                       /home/fasih58/Desktop/idea-IC-162.2228.15/bin/libbreakgen64.so
7f70545c6000-7f70545c7000 rw-p 00001000 08:01 8164                       /home/fasih58/Desktop/idea-IC-162.2228.15/bin/libbreakgen64.so
7f70545c7000-7f70545c9000 r--s 0001e000 08:01 3140                       /home/fasih58/Desktop/idea-IC-162.2228.15/lib/idea_rt.jar
7f70545c9000-7f70545d0000 r--s 00051000 08:01 9643                       /home/fasih58/.m2/repository/log4j/log4j/1.2.13/log4j-1.2.13.jar
7f70545d0000-7f70545d2000 r--s 0000b000 08:01 9690                       /home/fasih58/.m2/repository/net/sf/jopt-simple/jopt-simple/3.1/jopt-simple-3.1.jar
7f70545d2000-7f70545d7000 r--s 0004c000 08:01 9679                       /home/fasih58/.m2/repository/com/google/protobuf/protobuf-java/2.3.0/protobuf-java-2.3.0.jar
7f70545d7000-7f70545e5000 r--s 00193000 08:01 9677                       /home/fasih58/.m2/repository/net/java/dev/java3d/j3d-utils/1.5.2/j3d-utils-1.5.2.jar
7f70545e5000-7f70545f1000 r--s 002c7000 08:01 9638                       /home/fasih58/.m2/repository/net/java/dev/java3d/j3d-core/1.5.2/j3d-core-1.5.2.jar
7f70545f1000-7f70545f7000 r--s 00046000 08:01 9642                       /home/fasih58/.m2/repository/jfree/jcommon/1.0.15/jcommon-1.0.15.jar
7f70545f7000-7f7054607000 r--s 0013f000 08:01 9641                       /home/fasih58/.m2/repository/jfree/jfreechart/1.0.12/jfreechart-1.0.12.jar
7f7054607000-7f7054618000 r--s 000bb000 08:01 9640                       /home/fasih58/.m2/repository/org/apache/commons/commons-math/2.1/commons-math-2.1.jar
7f7054618000-7f7054621000 r--s 00079000 08:01 12235                      /home/fasih58/.m2/repository/cz/advel/jbullet/jbullet/20101010-BNK-3/jbullet-20101010-BNK-3.jar
7f7054621000-7f7054622000 ---p 00000000 00:00 0 
7f7054622000-7f7054722000 rw-p 00000000 00:00 0 
7f7054722000-7f7054725000 ---p 00000000 00:00 0 
7f7054725000-7f7054823000 rw-p 00000000 00:00 0 
7f7054823000-7f7054826000 ---p 00000000 00:00 0 
7f7054826000-7f7054924000 rw-p 00000000 00:00 0 
7f7054924000-7f7054927000 ---p 00000000 00:00 0 
7f7054927000-7f7054a25000 rw-p 00000000 00:00 0 
7f7054a25000-7f7054a28000 ---p 00000000 00:00 0 
7f7054a28000-7f7054b26000 rw-p 00000000 00:00 0 
7f7054b26000-7f7054dfe000 r--p 00000000 08:01 661285                     /usr/lib/locale/locale-archive
7f7054dfe000-7f7054e01000 ---p 00000000 00:00 0 
7f7054e01000-7f7054eff000 rw-p 00000000 00:00 0 
7f7054eff000-7f7054f02000 ---p 00000000 00:00 0 
7f7054f02000-7f7055000000 rw-p 00000000 00:00 0 
7f7055000000-7f70555a0000 rwxp 00000000 00:00 0 
7f70555a0000-7f7064000000 ---p 00000000 00:00 0 
7f7064000000-7f7064930000 rw-p 00000000 00:00 0 
7f7064930000-7f7068000000 ---p 00000000 00:00 0 
7f7068001000-7f7068003000 r--s 0004c000 08:01 12227                      /home/fasih58/.m2/repository/net/java/dev/java3d/vecmath/1.5.2/vecmath-1.5.2.jar
7f7068003000-7f7068011000 r--s 00095000 08:01 9636                       /home/fasih58/.m2/repository/com/google/inject/guice/2.0/guice-2.0.jar
7f7068011000-7f7068024000 r--s 00345000 08:01 795946                     /usr/local/java/jdk1.8.0_111/jre/lib/resources.jar
7f7068024000-7f7068036000 r--s 000d6000 08:01 795945                     /usr/local/java/jdk1.8.0_111/jre/lib/plugin.jar
7f7068036000-7f706803a000 r--s 00097000 08:01 795820                     /usr/local/java/jdk1.8.0_111/jre/lib/jsse.jar
7f706803a000-7f7068055000 r--s 00208000 08:01 795941                     /usr/local/java/jdk1.8.0_111/jre/lib/deploy.jar
7f7068055000-7f7068056000 ---p 00000000 00:00 0 
7f7068056000-7f7068156000 rw-p 00000000 00:00 0 
7f7068156000-7f706832e000 r--s 03d2a000 08:01 795832                     /usr/local/java/jdk1.8.0_111/jre/lib/rt.jar
7f706832e000-7f7068ba4000 rw-p 00000000 00:00 0 
7f7068ba4000-7f7068bb7000 rw-p 00000000 00:00 0 
7f7068bb7000-7f7068c9b000 ---p 00000000 00:00 0 
7f7068c9b000-7f7068ca5000 rw-p 00000000 00:00 0 
7f7068ca5000-7f7068d16000 ---p 00000000 00:00 0 
7f7068d16000-7f7068d29000 rw-p 00000000 00:00 0 
7f7068d29000-7f7068e0c000 ---p 00000000 00:00 0 
7f7068e0c000-7f7068e24000 rw-p 00000000 00:00 0 
7f7068e24000-7f70691cd000 ---p 00000000 00:00 0 
7f70691cd000-7f70691e7000 r-xp 00000000 08:01 795862                     /usr/local/java/jdk1.8.0_111/jre/lib/amd64/libzip.so
7f70691e7000-7f70693e7000 ---p 0001a000 08:01 795862                     /usr/local/java/jdk1.8.0_111/jre/lib/amd64/libzip.so
7f70693e7000-7f70693e8000 rw-p 0001a000 08:01 795862                     /usr/local/java/jdk1.8.0_111/jre/lib/amd64/libzip.so
7f70693e8000-7f70693f3000 r-xp 00000000 08:01 918077                     /lib/x86_64-linux-gnu/libnss_files-2.23.so
7f70693f3000-7f70695f2000 ---p 0000b000 08:01 918077                     /lib/x86_64-linux-gnu/libnss_files-2.23.so
7f70695f2000-7f70695f3000 r--p 0000a000 08:01 918077                     /lib/x86_64-linux-gnu/libnss_files-2.23.so
7f70695f3000-7f70695f4000 rw-p 0000b000 08:01 918077                     /lib/x86_64-linux-gnu/libnss_files-2.23.so
7f70695f4000-7f70695fa000 rw-p 00000000 00:00 0 
7f70695fa000-7f7069605000 r-xp 00000000 08:01 918081                     /lib/x86_64-linux-gnu/libnss_nis-2.23.so
7f7069605000-7f7069804000 ---p 0000b000 08:01 918081                     /lib/x86_64-linux-gnu/libnss_nis-2.23.so
7f7069804000-7f7069805000 r--p 0000a000 08:01 918081                     /lib/x86_64-linux-gnu/libnss_nis-2.23.so
7f7069805000-7f7069806000 rw-p 0000b000 08:01 918081                     /lib/x86_64-linux-gnu/libnss_nis-2.23.so
7f7069806000-7f706981c000 r-xp 00000000 08:01 918071                     /lib/x86_64-linux-gnu/libnsl-2.23.so
7f706981c000-7f7069a1b000 ---p 00016000 08:01 918071                     /lib/x86_64-linux-gnu/libnsl-2.23.so
7f7069a1b000-7f7069a1c000 r--p 00015000 08:01 918071                     /lib/x86_64-linux-gnu/libnsl-2.23.so
7f7069a1c000-7f7069a1d000 rw-p 00016000 08:01 918071                     /lib/x86_64-linux-gnu/libnsl-2.23.so
7f7069a1d000-7f7069a1f000 rw-p 00000000 00:00 0 
7f7069a1f000-7f7069a27000 r-xp 00000000 08:01 918073                     /lib/x86_64-linux-gnu/libnss_compat-2.23.so
7f7069a27000-7f7069c26000 ---p 00008000 08:01 918073                     /lib/x86_64-linux-gnu/libnss_compat-2.23.so
7f7069c26000-7f7069c27000 r--p 00007000 08:01 918073                     /lib/x86_64-linux-gnu/libnss_compat-2.23.so
7f7069c27000-7f7069c28000 rw-p 00008000 08:01 918073                     /lib/x86_64-linux-gnu/libnss_compat-2.23.so
7f7069c28000-7f7069c53000 r-xp 00000000 08:01 795888                     /usr/local/java/jdk1.8.0_111/jre/lib/amd64/libjava.so
7f7069c53000-7f7069e52000 ---p 0002b000 08:01 795888                     /usr/local/java/jdk1.8.0_111/jre/lib/amd64/libjava.so
7f7069e52000-7f7069e54000 rw-p 0002a000 08:01 795888                     /usr/local/java/jdk1.8.0_111/jre/lib/amd64/libjava.so
7f7069e54000-7f7069e61000 r-xp 00000000 08:01 795840                     /usr/local/java/jdk1.8.0_111/jre/lib/amd64/libverify.so
7f7069e61000-7f706a060000 ---p 0000d000 08:01 795840                     /usr/local/java/jdk1.8.0_111/jre/lib/amd64/libverify.so
7f706a060000-7f706a062000 rw-p 0000c000 08:01 795840                     /usr/local/java/jdk1.8.0_111/jre/lib/amd64/libverify.so
7f706a062000-7f706a069000 r-xp 00000000 08:01 918106                     /lib/x86_64-linux-gnu/librt-2.23.so
7f706a069000-7f706a268000 ---p 00007000 08:01 918106                     /lib/x86_64-linux-gnu/librt-2.23.so
7f706a268000-7f706a269000 r--p 00006000 08:01 918106                     /lib/x86_64-linux-gnu/librt-2.23.so
7f706a269000-7f706a26a000 rw-p 00007000 08:01 918106                     /lib/x86_64-linux-gnu/librt-2.23.so
7f706a26a000-7f706a372000 r-xp 00000000 08:01 918054                     /lib/x86_64-linux-gnu/libm-2.23.so
7f706a372000-7f706a571000 ---p 00108000 08:01 918054                     /lib/x86_64-linux-gnu/libm-2.23.so
7f706a571000-7f706a572000 r--p 00107000 08:01 918054                     /lib/x86_64-linux-gnu/libm-2.23.so
7f706a572000-7f706a573000 rw-p 00108000 08:01 918054                     /lib/x86_64-linux-gnu/libm-2.23.so
7f706a573000-7f706b240000 r-xp 00000000 08:01 795891                     /usr/local/java/jdk1.8.0_111/jre/lib/amd64/server/libjvm.so
7f706b240000-7f706b43f000 ---p 00ccd000 08:01 795891                     /usr/local/java/jdk1.8.0_111/jre/lib/amd64/server/libjvm.so
7f706b43f000-7f706b518000 rw-p 00ccc000 08:01 795891                     /usr/local/java/jdk1.8.0_111/jre/lib/amd64/server/libjvm.so
7f706b518000-7f706b563000 rw-p 00000000 00:00 0 
7f706b563000-7f706b723000 r-xp 00000000 08:01 918013                     /lib/x86_64-linux-gnu/libc-2.23.so
7f706b723000-7f706b922000 ---p 001c0000 08:01 918013                     /lib/x86_64-linux-gnu/libc-2.23.so
7f706b922000-7f706b926000 r--p 001bf000 08:01 918013                     /lib/x86_64-linux-gnu/libc-2.23.so
7f706b926000-7f706b928000 rw-p 001c3000 08:01 918013                     /lib/x86_64-linux-gnu/libc-2.23.so
7f706b928000-7f706b92c000 rw-p 00000000 00:00 0 
7f706b92c000-7f706b92f000 r-xp 00000000 08:01 918027                     /lib/x86_64-linux-gnu/libdl-2.23.so
7f706b92f000-7f706bb2e000 ---p 00003000 08:01 918027                     /lib/x86_64-linux-gnu/libdl-2.23.so
7f706bb2e000-7f706bb2f000 r--p 00002000 08:01 918027                     /lib/x86_64-linux-gnu/libdl-2.23.so
7f706bb2f000-7f706bb30000 rw-p 00003000 08:01 918027                     /lib/x86_64-linux-gnu/libdl-2.23.so
7f706bb30000-7f706bb45000 r-xp 00000000 08:01 795877                     /usr/local/java/jdk1.8.0_111/jre/lib/amd64/jli/libjli.so
7f706bb45000-7f706bd45000 ---p 00015000 08:01 795877                     /usr/local/java/jdk1.8.0_111/jre/lib/amd64/jli/libjli.so
7f706bd45000-7f706bd46000 rw-p 00015000 08:01 795877                     /usr/local/java/jdk1.8.0_111/jre/lib/amd64/jli/libjli.so
7f706bd46000-7f706bd5e000 r-xp 00000000 08:01 918100                     /lib/x86_64-linux-gnu/libpthread-2.23.so
7f706bd5e000-7f706bf5d000 ---p 00018000 08:01 918100                     /lib/x86_64-linux-gnu/libpthread-2.23.so
7f706bf5d000-7f706bf5e000 r--p 00017000 08:01 918100                     /lib/x86_64-linux-gnu/libpthread-2.23.so
7f706bf5e000-7f706bf5f000 rw-p 00018000 08:01 918100                     /lib/x86_64-linux-gnu/libpthread-2.23.so
7f706bf5f000-7f706bf63000 rw-p 00000000 00:00 0 
7f706bf63000-7f706bf89000 r-xp 00000000 08:01 917989                     /lib/x86_64-linux-gnu/ld-2.23.so
7f706bf89000-7f706bf8b000 r--s 00000000 08:01 9637                       /home/fasih58/.m2/repository/aopalliance/aopalliance/1.0/aopalliance-1.0.jar
7f706bf8b000-7f706bf8d000 r--s 00007000 08:01 795902                     /usr/local/java/jdk1.8.0_111/jre/lib/jfxswt.jar
7f706bf8d000-7f706bf92000 r--s 00084000 08:01 795933                     /usr/local/java/jdk1.8.0_111/jre/lib/jfr.jar
7f706bf92000-7f706bf95000 r--s 0001a000 08:01 795952                     /usr/local/java/jdk1.8.0_111/jre/lib/jce.jar
7f706bf95000-7f706c067000 rw-p 00000000 00:00 0 
7f706c067000-7f706c06a000 ---p 00000000 00:00 0 
7f706c06a000-7f706c16c000 rw-p 00000000 00:00 0 
7f706c16c000-7f706c16d000 r--s 00000000 08:01 795907                     /usr/local/java/jdk1.8.0_111/jre/lib/management-agent.jar
7f706c16d000-7f706c177000 r--s 0006c000 08:01 795940                     /usr/local/java/jdk1.8.0_111/jre/lib/javaws.jar
7f706c177000-7f706c17c000 r--s 002f9000 08:01 795821                     /usr/local/java/jdk1.8.0_111/jre/lib/charsets.jar
7f706c17c000-7f706c184000 rw-s 00000000 08:01 12771                      /tmp/hsperfdata_fasih58/8807
7f706c184000-7f706c185000 rw-p 00000000 00:00 0 
7f706c185000-7f706c186000 r--p 00000000 00:00 0 
7f706c186000-7f706c188000 rw-p 00000000 00:00 0 
7f706c188000-7f706c189000 r--p 00025000 08:01 917989                     /lib/x86_64-linux-gnu/ld-2.23.so
7f706c189000-7f706c18a000 rw-p 00026000 08:01 917989                     /lib/x86_64-linux-gnu/ld-2.23.so
7f706c18a000-7f706c18b000 rw-p 00000000 00:00 0 
7ffd723de000-7ffd72400000 rw-p 00000000 00:00 0                          [stack]
7ffd724ab000-7ffd724ad000 r--p 00000000 00:00 0                          [vvar]
7ffd724ad000-7ffd724af000 r-xp 00000000 00:00 0                          [vdso]
ffffffffff600000-ffffffffff601000 r-xp 00000000 00:00 0                  [vsyscall]

VM Arguments:
jvm_args: -Didea.launcher.port=7535 -Didea.launcher.bin.path=/home/fasih58/Desktop/idea-IC-162.2228.15/bin -Dfile.encoding=UTF-8 
java_command: com.intellij.rt.execution.application.AppMain harvard.robobees.simbeeotic.Simbeeotic -s RandomBroadcastScenario.xml -w EmptyWorld.xml -l log4j.properties
java_class_path (initial): /usr/local/java/jdk1.8.0_111/jre/lib/charsets.jar:/usr/local/java/jdk1.8.0_111/jre/lib/deploy.jar:/usr/local/java/jdk1.8.0_111/jre/lib/ext/cldrdata.jar:/usr/local/java/jdk1.8.0_111/jre/lib/ext/dnsns.jar:/usr/local/java/jdk1.8.0_111/jre/lib/ext/jaccess.jar:/usr/local/java/jdk1.8.0_111/jre/lib/ext/jfxrt.jar:/usr/local/java/jdk1.8.0_111/jre/lib/ext/localedata.jar:/usr/local/java/jdk1.8.0_111/jre/lib/ext/nashorn.jar:/usr/local/java/jdk1.8.0_111/jre/lib/ext/sunec.jar:/usr/local/java/jdk1.8.0_111/jre/lib/ext/sunjce_provider.jar:/usr/local/java/jdk1.8.0_111/jre/lib/ext/sunpkcs11.jar:/usr/local/java/jdk1.8.0_111/jre/lib/ext/zipfs.jar:/usr/local/java/jdk1.8.0_111/jre/lib/javaws.jar:/usr/local/java/jdk1.8.0_111/jre/lib/jce.jar:/usr/local/java/jdk1.8.0_111/jre/lib/jfr.jar:/usr/local/java/jdk1.8.0_111/jre/lib/jfxswt.jar:/usr/local/java/jdk1.8.0_111/jre/lib/jsse.jar:/usr/local/java/jdk1.8.0_111/jre/lib/management-agent.jar:/usr/local/java/jdk1.8.0_111/jre/lib/plugin.jar:/usr/local/java/jdk1.8.0_111/jre/lib/resources.jar:/usr/local/java/jdk1.8.0_111/jre/lib/rt.jar:/home/fasih58/Desktop/Simbeeotic/simbeeotic/simbeeotic-app/target/classes:/home/fasih58/Desktop/Simbeeotic/simbeeotic/simbeeotic-core/target/classes:/home/fasih58/.m2/repository/com/google/inject/guice/2.0/guice-2.0.jar:/home/fasih58/.m2/repository/aopalliance/aopalliance/1.0/aopalliance-1.0.jar:/home/fasih58/.m2/repository/net/java/dev/java3d/vecmath/1.5.2/vecmath-1.5.2.jar:/home/fasih58/.m2/repository/cz/advel/jbullet/jbullet/20101010-BNK-3/jbullet-20101010-BNK-3.jar:/home/fasih58/.m2/repository/org/apache/commons/commons-math/2.1/commons-math-2.1.jar:/home/fasih58/.m2/repository/jfree/jfreechart/1.0.12/jfreechart-1.0.12.jar:/home/fasih58/.m2/repository/jfree/jcommon/1.0.15/jcommon-1.0.15.jar:/home/fasih58/Desktop/Simbeeotic/simbeeotic/simbeeotic-vis/target/classes:/home/fasih58/.m2/repository/net/java/dev/java3d/j3d-core/1.5.2/j3d-core-1.5.2.jar:/home/fasih58/.m2/repository/net/java/dev/j
Launcher Type: SUN_STANDARD

Environment Variables:
JAVA_HOME=/usr/local/java/jdk1.8.0_111
JRE_HOME=/usr/local/java/jre1.8.0_111
PATH=/home/fasih58/bin:/home/fasih58/.local/bin:/usr/local/sbin:/usr/local/bin:/usr/sbin:/usr/bin:/sbin:/bin:/usr/games:/usr/local/games:/snap/bin:/usr/local/java/jre1.8.0_111/bin:/usr/local/java/jdk1.8.0_111/bin
LD_LIBRARY_PATH=/usr/lib/jni
SHELL=/bin/bash
DISPLAY=:0

Signal Handlers:
SIGSEGV: [libjvm.so+0xac64b0], sa_mask[0]=11111111011111111101111111111110, sa_flags=SA_RESTART|SA_SIGINFO
SIGBUS: [libjvm.so+0xac64b0], sa_mask[0]=11111111011111111101111111111110, sa_flags=SA_RESTART|SA_SIGINFO
SIGFPE: [libjvm.so+0x91f950], sa_mask[0]=11111111011111111101111111111110, sa_flags=SA_RESTART|SA_SIGINFO
SIGPIPE: [libjvm.so+0x91f950], sa_mask[0]=11111111011111111101111111111110, sa_flags=SA_RESTART|SA_SIGINFO
SIGXFSZ: [libjvm.so+0x91f950], sa_mask[0]=11111111011111111101111111111110, sa_flags=SA_RESTART|SA_SIGINFO
SIGILL: [libjvm.so+0x91f950], sa_mask[0]=11111111011111111101111111111110, sa_flags=SA_RESTART|SA_SIGINFO
SIGUSR1: SIG_DFL, sa_mask[0]=00000000000000000000000000000000, sa_flags=none
SIGUSR2: [libjvm.so+0x920f80], sa_mask[0]=00100000000000000000000000000000, sa_flags=SA_RESTART|SA_SIGINFO
SIGHUP: [libjvm.so+0x922380], sa_mask[0]=11111111011111111101111111111110, sa_flags=SA_RESTART|SA_SIGINFO
SIGINT: [libjvm.so+0x922380], sa_mask[0]=11111111011111111101111111111110, sa_flags=SA_RESTART|SA_SIGINFO
SIGTERM: [libjvm.so+0x922380], sa_mask[0]=11111111011111111101111111111110, sa_flags=SA_RESTART|SA_SIGINFO
SIGQUIT: [libjvm.so+0x922380], sa_mask[0]=11111111011111111101111111111110, sa_flags=SA_RESTART|SA_SIGINFO


---------------  S Y S T E M  ---------------

OS:DISTRIB_ID=Ubuntu
DISTRIB_RELEASE=16.04
DISTRIB_CODENAME=xenial
DISTRIB_DESCRIPTION="Ubuntu 16.04.1 LTS"

uname:Linux 4.4.0-57-generic #78-Ubuntu SMP Fri Dec 9 23:50:32 UTC 2016 x86_64
libc:glibc 2.23 NPTL 2.23 
rlimit: STACK 8192k, CORE 0k, NPROC 11627, NOFILE 65536, AS infinity
load average:2.17 1.34 1.25

/proc/meminfo:
MemTotal:        3019164 kB
MemFree:          110548 kB
MemAvailable:      77576 kB
Buffers:            7032 kB
Cached:           138372 kB
SwapCached:        19120 kB
Active:          1905560 kB
Inactive:         518672 kB
Active(anon):    1836548 kB
Inactive(anon):   457944 kB
Active(file):      69012 kB
Inactive(file):    60728 kB
Unevictable:        3676 kB
Mlocked:            3676 kB
SwapTotal:       1046524 kB
SwapFree:            108 kB
Dirty:              3832 kB
Writeback:             0 kB
AnonPages:       2263516 kB
Mapped:           102148 kB
Shmem:             13168 kB
Slab:              92336 kB
SReclaimable:      30348 kB
SUnreclaim:        61988 kB
KernelStack:       12912 kB
PageTables:        35852 kB
NFS_Unstable:          0 kB
Bounce:                0 kB
WritebackTmp:          0 kB
CommitLimit:     2556104 kB
Committed_AS:    6579524 kB
VmallocTotal:   34359738367 kB
VmallocUsed:           0 kB
VmallocChunk:          0 kB
HardwareCorrupted:     0 kB
AnonHugePages:   1351680 kB
CmaTotal:              0 kB
CmaFree:               0 kB
HugePages_Total:       0
HugePages_Free:        0
HugePages_Rsvd:        0
HugePages_Surp:        0
Hugepagesize:       2048 kB
DirectMap4k:      149376 kB
DirectMap2M:     3020800 kB


CPU:total 1 (1 cores per cpu, 1 threads per core) family 6 model 58 stepping 9, cmov, cx8, fxsr, mmx, sse, sse2, sse3, ssse3, sse4.1, sse4.2, popcnt, avx, aes, clmul, erms, tsc, tscinvbit, tscinv

/proc/cpuinfo:
processor	: 0
vendor_id	: GenuineIntel
cpu family	: 6
model		: 58
model name	: Intel(R) Core(TM) i5-3337U CPU @ 1.80GHz
stepping	: 9
microcode	: 0x1b
cpu MHz		: 1795.920
cache size	: 3072 KB
physical id	: 0
siblings	: 1
core id		: 0
cpu cores	: 1
apicid		: 0
initial apicid	: 0
fpu		: yes
fpu_exception	: yes
cpuid level	: 13
wp		: yes
flags		: fpu vme de pse tsc msr pae mce cx8 apic sep mtrr pge mca cmov pat pse36 clflush dts mmx fxsr sse sse2 ss syscall nx rdtscp lm constant_tsc arch_perfmon pebs bts nopl xtopology tsc_reliable nonstop_tsc aperfmperf pni pclmulqdq ssse3 cx16 pcid sse4_1 sse4_2 x2apic popcnt tsc_deadline_timer aes xsave avx f16c rdrand hypervisor lahf_lm epb fsgsbase tsc_adjust smep dtherm ida arat pln pts
bugs		:
bogomips	: 3591.84
clflush size	: 64
cache_alignment	: 64
address sizes	: 42 bits physical, 48 bits virtual
power management:



Memory: 4k page, physical 3019164k(110548k free), swap 1046524k(108k free)

vm_info: Java HotSpot(TM) 64-Bit Server VM (25.111-b14) for linux-amd64 JRE (1.8.0_111-b14), built on Sep 22 2016 16:14:03 by "java_re" with gcc 4.3.0 20080428 (Red Hat 4.3.0-8)

time: Sun Jan  1 20:48:35 2017
elapsed time: 10 seconds (0d 0h 0m 10s)

